{"C:\\Users\\omar4\\Desktop\\University management system\\backend\\src\\app.js": {"path":"C:\\Users\\omar4\\Desktop\\University management system\\backend\\src\\app.js","statementMap":{"0":{"start":{"line":1,"column":16},"end":{"line":1,"column":34}},"1":{"start":{"line":2,"column":13},"end":{"line":2,"column":28}},"2":{"start":{"line":3,"column":15},"end":{"line":3,"column":32}},"3":{"start":{"line":4,"column":18},"end":{"line":4,"column":47}},"4":{"start":{"line":5,"column":13},"end":{"line":5,"column":28}},"5":{"start":{"line":6,"column":21},"end":{"line":6,"column":45}},"6":{"start":{"line":9,"column":27},"end":{"line":9,"column":67}},"7":{"start":{"line":10,"column":26},"end":{"line":10,"column":53}},"8":{"start":{"line":13,"column":19},"end":{"line":13,"column":50}},"9":{"start":{"line":14,"column":23},"end":{"line":14,"column":58}},"10":{"start":{"line":15,"column":22},"end":{"line":15,"column":56}},"11":{"start":{"line":16,"column":22},"end":{"line":16,"column":56}},"12":{"start":{"line":17,"column":24},"end":{"line":17,"column":60}},"13":{"start":{"line":18,"column":20},"end":{"line":18,"column":52}},"14":{"start":{"line":19,"column":23},"end":{"line":19,"column":58}},"15":{"start":{"line":20,"column":24},"end":{"line":20,"column":60}},"16":{"start":{"line":21,"column":22},"end":{"line":21,"column":56}},"17":{"start":{"line":22,"column":25},"end":{"line":22,"column":62}},"18":{"start":{"line":23,"column":19},"end":{"line":23,"column":50}},"19":{"start":{"line":24,"column":19},"end":{"line":24,"column":50}},"20":{"start":{"line":25,"column":20},"end":{"line":25,"column":52}},"21":{"start":{"line":26,"column":27},"end":{"line":26,"column":66}},"22":{"start":{"line":27,"column":24},"end":{"line":27,"column":60}},"23":{"start":{"line":28,"column":25},"end":{"line":28,"column":62}},"24":{"start":{"line":29,"column":24},"end":{"line":29,"column":60}},"25":{"start":{"line":30,"column":21},"end":{"line":30,"column":54}},"26":{"start":{"line":31,"column":25},"end":{"line":31,"column":111}},"27":{"start":{"line":32,"column":20},"end":{"line":32,"column":59}},"28":{"start":{"line":34,"column":18},"end":{"line":34,"column":47}},"29":{"start":{"line":35,"column":21},"end":{"line":35,"column":47}},"30":{"start":{"line":37,"column":12},"end":{"line":37,"column":21}},"31":{"start":{"line":38,"column":0},"end":{"line":38,"column":26}},"32":{"start":{"line":41,"column":0},"end":{"line":44,"column":1}},"33":{"start":{"line":42,"column":2},"end":{"line":42,"column":71}},"34":{"start":{"line":43,"column":2},"end":{"line":43,"column":75}},"35":{"start":{"line":47,"column":0},"end":{"line":66,"column":4}},"36":{"start":{"line":69,"column":23},"end":{"line":73,"column":17}},"37":{"start":{"line":75,"column":0},"end":{"line":92,"column":4}},"38":{"start":{"line":78,"column":4},"end":{"line":84,"column":5}},"39":{"start":{"line":79,"column":6},"end":{"line":81,"column":7}},"40":{"start":{"line":80,"column":8},"end":{"line":80,"column":80}},"41":{"start":{"line":83,"column":6},"end":{"line":83,"column":34}},"42":{"start":{"line":85,"column":28},"end":{"line":85,"column":97}},"43":{"start":{"line":86,"column":4},"end":{"line":88,"column":5}},"44":{"start":{"line":87,"column":6},"end":{"line":87,"column":34}},"45":{"start":{"line":89,"column":4},"end":{"line":89,"column":83}},"46":{"start":{"line":96,"column":22},"end":{"line":102,"column":2}},"47":{"start":{"line":103,"column":0},"end":{"line":103,"column":31}},"48":{"start":{"line":106,"column":20},"end":{"line":113,"column":2}},"49":{"start":{"line":114,"column":0},"end":{"line":114,"column":34}},"50":{"start":{"line":117,"column":0},"end":{"line":135,"column":3}},"51":{"start":{"line":118,"column":2},"end":{"line":134,"column":3}},"52":{"start":{"line":119,"column":19},"end":{"line":119,"column":50}},"53":{"start":{"line":120,"column":4},"end":{"line":120,"column":37}},"54":{"start":{"line":121,"column":4},"end":{"line":126,"column":7}},"55":{"start":{"line":128,"column":4},"end":{"line":133,"column":7}},"56":{"start":{"line":138,"column":0},"end":{"line":138,"column":41}},"57":{"start":{"line":139,"column":0},"end":{"line":139,"column":63}},"58":{"start":{"line":140,"column":0},"end":{"line":140,"column":24}},"59":{"start":{"line":143,"column":0},"end":{"line":143,"column":72}},"60":{"start":{"line":146,"column":0},"end":{"line":146,"column":33}},"61":{"start":{"line":147,"column":0},"end":{"line":147,"column":50}},"62":{"start":{"line":148,"column":0},"end":{"line":148,"column":48}},"63":{"start":{"line":149,"column":0},"end":{"line":149,"column":48}},"64":{"start":{"line":150,"column":0},"end":{"line":150,"column":52}},"65":{"start":{"line":151,"column":0},"end":{"line":151,"column":44}},"66":{"start":{"line":152,"column":0},"end":{"line":152,"column":50}},"67":{"start":{"line":153,"column":0},"end":{"line":153,"column":52}},"68":{"start":{"line":154,"column":0},"end":{"line":154,"column":40}},"69":{"start":{"line":155,"column":0},"end":{"line":155,"column":46}},"70":{"start":{"line":156,"column":0},"end":{"line":156,"column":36}},"71":{"start":{"line":157,"column":0},"end":{"line":157,"column":34}},"72":{"start":{"line":158,"column":0},"end":{"line":158,"column":44}},"73":{"start":{"line":159,"column":0},"end":{"line":159,"column":59}},"74":{"start":{"line":160,"column":0},"end":{"line":160,"column":52}},"75":{"start":{"line":161,"column":0},"end":{"line":161,"column":54}},"76":{"start":{"line":162,"column":0},"end":{"line":162,"column":52}},"77":{"start":{"line":163,"column":0},"end":{"line":163,"column":46}},"78":{"start":{"line":164,"column":0},"end":{"line":164,"column":46}},"79":{"start":{"line":167,"column":0},"end":{"line":174,"column":3}},"80":{"start":{"line":168,"column":2},"end":{"line":173,"column":5}},"81":{"start":{"line":177,"column":0},"end":{"line":179,"column":3}},"82":{"start":{"line":178,"column":2},"end":{"line":178,"column":75}},"83":{"start":{"line":182,"column":0},"end":{"line":182,"column":28}},"84":{"start":{"line":184,"column":0},"end":{"line":184,"column":21}}},"fnMap":{"0":{"name":"(anonymous_0)","decl":{"start":{"line":76,"column":10},"end":{"line":76,"column":11}},"loc":{"start":{"line":76,"column":38},"end":{"line":90,"column":3}},"line":76},"1":{"name":"(anonymous_1)","decl":{"start":{"line":117,"column":23},"end":{"line":117,"column":24}},"loc":{"start":{"line":117,"column":43},"end":{"line":135,"column":1}},"line":117},"2":{"name":"(anonymous_2)","decl":{"start":{"line":167,"column":13},"end":{"line":167,"column":14}},"loc":{"start":{"line":167,"column":27},"end":{"line":174,"column":1}},"line":167},"3":{"name":"(anonymous_3)","decl":{"start":{"line":177,"column":8},"end":{"line":177,"column":9}},"loc":{"start":{"line":177,"column":28},"end":{"line":179,"column":1}},"line":177}},"branchMap":{"0":{"loc":{"start":{"line":31,"column":25},"end":{"line":31,"column":111}},"type":"binary-expr","locations":[{"start":{"line":31,"column":25},"end":{"line":31,"column":70}},{"start":{"line":31,"column":74},"end":{"line":31,"column":111}}],"line":31},"1":{"loc":{"start":{"line":41,"column":0},"end":{"line":44,"column":1}},"type":"if","locations":[{"start":{"line":41,"column":0},"end":{"line":44,"column":1}},{"start":{},"end":{}}],"line":41},"2":{"loc":{"start":{"line":78,"column":4},"end":{"line":84,"column":5}},"type":"if","locations":[{"start":{"line":78,"column":4},"end":{"line":84,"column":5}},{"start":{},"end":{}}],"line":78},"3":{"loc":{"start":{"line":79,"column":6},"end":{"line":81,"column":7}},"type":"if","locations":[{"start":{"line":79,"column":6},"end":{"line":81,"column":7}},{"start":{},"end":{}}],"line":79},"4":{"loc":{"start":{"line":86,"column":4},"end":{"line":88,"column":5}},"type":"if","locations":[{"start":{"line":86,"column":4},"end":{"line":88,"column":5}},{"start":{},"end":{}}],"line":86},"5":{"loc":{"start":{"line":86,"column":8},"end":{"line":86,"column":58}},"type":"binary-expr","locations":[{"start":{"line":86,"column":8},"end":{"line":86,"column":39}},{"start":{"line":86,"column":43},"end":{"line":86,"column":58}}],"line":86},"6":{"loc":{"start":{"line":98,"column":7},"end":{"line":98,"column":58}},"type":"cond-expr","locations":[{"start":{"line":98,"column":48},"end":{"line":98,"column":52}},{"start":{"line":98,"column":55},"end":{"line":98,"column":58}}],"line":98},"7":{"loc":{"start":{"line":108,"column":7},"end":{"line":108,"column":56}},"type":"cond-expr","locations":[{"start":{"line":108,"column":48},"end":{"line":108,"column":51}},{"start":{"line":108,"column":54},"end":{"line":108,"column":56}}],"line":108}},"s":{"0":0,"1":0,"2":0,"3":0,"4":0,"5":0,"6":0,"7":0,"8":0,"9":0,"10":0,"11":0,"12":0,"13":0,"14":0,"15":0,"16":0,"17":0,"18":0,"19":0,"20":0,"21":0,"22":0,"23":0,"24":0,"25":0,"26":0,"27":0,"28":0,"29":0,"30":0,"31":0,"32":0,"33":0,"34":0,"35":0,"36":0,"37":0,"38":0,"39":0,"40":0,"41":0,"42":0,"43":0,"44":0,"45":0,"46":0,"47":0,"48":0,"49":0,"50":0,"51":0,"52":0,"53":0,"54":0,"55":0,"56":0,"57":0,"58":0,"59":0,"60":0,"61":0,"62":0,"63":0,"64":0,"65":0,"66":0,"67":0,"68":0,"69":0,"70":0,"71":0,"72":0,"73":0,"74":0,"75":0,"76":0,"77":0,"78":0,"79":0,"80":0,"81":0,"82":0,"83":0,"84":0},"f":{"0":0,"1":0,"2":0,"3":0},"b":{"0":[0,0],"1":[0,0],"2":[0,0],"3":[0,0],"4":[0,0],"5":[0,0],"6":[0,0],"7":[0,0]},"inputSourceMap":null}
,"C:\\Users\\omar4\\Desktop\\University management system\\backend\\src\\app.ts": {"path":"C:\\Users\\omar4\\Desktop\\University management system\\backend\\src\\app.ts","statementMap":{"0":{"start":{"line":1,"column":0},"end":{"line":1,"column":80}},"1":{"start":{"line":2,"column":0},"end":{"line":2,"column":39}},"2":{"start":{"line":4,"column":0},"end":{"line":4,"column":24}},"3":{"start":{"line":6,"column":0},"end":{"line":6,"column":28}},"4":{"start":{"line":8,"column":0},"end":{"line":8,"column":43}},"5":{"start":{"line":9,"column":0},"end":{"line":9,"column":24}},"6":{"start":{"line":11,"column":0},"end":{"line":11,"column":41}},"7":{"start":{"line":12,"column":0},"end":{"line":12,"column":45}},"8":{"start":{"line":16,"column":0},"end":{"line":16,"column":66}},"9":{"start":{"line":17,"column":0},"end":{"line":17,"column":52}},"10":{"start":{"line":21,"column":0},"end":{"line":21,"column":49}},"11":{"start":{"line":23,"column":0},"end":{"line":23,"column":57}},"12":{"start":{"line":25,"column":0},"end":{"line":25,"column":55}},"13":{"start":{"line":27,"column":0},"end":{"line":27,"column":55}},"14":{"start":{"line":29,"column":0},"end":{"line":29,"column":59}},"15":{"start":{"line":31,"column":0},"end":{"line":31,"column":51}},"16":{"start":{"line":33,"column":0},"end":{"line":33,"column":57}},"17":{"start":{"line":35,"column":0},"end":{"line":35,"column":59}},"18":{"start":{"line":37,"column":0},"end":{"line":37,"column":61}},"19":{"start":{"line":39,"column":0},"end":{"line":39,"column":61}},"20":{"start":{"line":41,"column":0},"end":{"line":41,"column":55}},"21":{"start":{"line":43,"column":0},"end":{"line":43,"column":61}},"22":{"start":{"line":45,"column":0},"end":{"line":45,"column":49}},"23":{"start":{"line":47,"column":0},"end":{"line":47,"column":49}},"24":{"start":{"line":49,"column":0},"end":{"line":49,"column":51}},"25":{"start":{"line":51,"column":0},"end":{"line":51,"column":65}},"26":{"start":{"line":53,"column":0},"end":{"line":53,"column":59}},"27":{"start":{"line":55,"column":0},"end":{"line":55,"column":61}},"28":{"start":{"line":57,"column":0},"end":{"line":57,"column":59}},"29":{"start":{"line":59,"column":0},"end":{"line":59,"column":53}},"30":{"start":{"line":61,"column":0},"end":{"line":61,"column":58}},"31":{"start":{"line":64,"column":0},"end":{"line":64,"column":43}},"32":{"start":{"line":65,"column":0},"end":{"line":65,"column":49}},"33":{"start":{"line":67,"column":25},"end":{"line":67,"column":34}},"34":{"start":{"line":68,"column":0},"end":{"line":68,"column":26}},"35":{"start":{"line":71,"column":0},"end":{"line":74,"column":1}},"36":{"start":{"line":72,"column":2},"end":{"line":72,"column":53}},"37":{"start":{"line":73,"column":2},"end":{"line":73,"column":53}},"38":{"start":{"line":77,"column":0},"end":{"line":98,"column":2}},"39":{"start":{"line":100,"column":23},"end":{"line":104,"column":17}},"40":{"start":{"line":106,"column":0},"end":{"line":128,"column":2}},"41":{"start":{"line":113,"column":6},"end":{"line":119,"column":7}},"42":{"start":{"line":114,"column":8},"end":{"line":116,"column":9}},"43":{"start":{"line":115,"column":10},"end":{"line":115,"column":82}},"44":{"start":{"line":118,"column":8},"end":{"line":118,"column":36}},"45":{"start":{"line":120,"column":30},"end":{"line":120,"column":99}},"46":{"start":{"line":121,"column":6},"end":{"line":123,"column":7}},"47":{"start":{"line":122,"column":8},"end":{"line":122,"column":36}},"48":{"start":{"line":124,"column":6},"end":{"line":124,"column":85}},"49":{"start":{"line":131,"column":20},"end":{"line":137,"column":2}},"50":{"start":{"line":139,"column":26},"end":{"line":144,"column":2}},"51":{"start":{"line":146,"column":19},"end":{"line":151,"column":2}},"52":{"start":{"line":153,"column":0},"end":{"line":153,"column":34}},"53":{"start":{"line":156,"column":0},"end":{"line":173,"column":3}},"54":{"start":{"line":157,"column":2},"end":{"line":172,"column":3}},"55":{"start":{"line":158,"column":4},"end":{"line":158,"column":46}},"56":{"start":{"line":159,"column":4},"end":{"line":164,"column":7}},"57":{"start":{"line":166,"column":4},"end":{"line":171,"column":7}},"58":{"start":{"line":176,"column":0},"end":{"line":176,"column":41}},"59":{"start":{"line":177,"column":0},"end":{"line":177,"column":63}},"60":{"start":{"line":178,"column":0},"end":{"line":178,"column":24}},"61":{"start":{"line":181,"column":0},"end":{"line":181,"column":72}},"62":{"start":{"line":184,"column":0},"end":{"line":184,"column":46}},"63":{"start":{"line":185,"column":0},"end":{"line":185,"column":74}},"64":{"start":{"line":186,"column":0},"end":{"line":186,"column":55}},"65":{"start":{"line":189,"column":0},"end":{"line":189,"column":28}},"66":{"start":{"line":191,"column":0},"end":{"line":191,"column":50}},"67":{"start":{"line":192,"column":0},"end":{"line":192,"column":48}},"68":{"start":{"line":193,"column":0},"end":{"line":193,"column":48}},"69":{"start":{"line":194,"column":0},"end":{"line":194,"column":52}},"70":{"start":{"line":195,"column":0},"end":{"line":195,"column":44}},"71":{"start":{"line":196,"column":0},"end":{"line":196,"column":50}},"72":{"start":{"line":197,"column":0},"end":{"line":197,"column":52}},"73":{"start":{"line":198,"column":0},"end":{"line":198,"column":49}},"74":{"start":{"line":199,"column":0},"end":{"line":199,"column":55}},"75":{"start":{"line":200,"column":0},"end":{"line":200,"column":45}},"76":{"start":{"line":201,"column":0},"end":{"line":201,"column":43}},"77":{"start":{"line":202,"column":0},"end":{"line":202,"column":44}},"78":{"start":{"line":203,"column":0},"end":{"line":203,"column":59}},"79":{"start":{"line":204,"column":0},"end":{"line":204,"column":52}},"80":{"start":{"line":205,"column":0},"end":{"line":205,"column":54}},"81":{"start":{"line":206,"column":0},"end":{"line":206,"column":52}},"82":{"start":{"line":207,"column":0},"end":{"line":207,"column":46}},"83":{"start":{"line":208,"column":0},"end":{"line":208,"column":68}},"84":{"start":{"line":211,"column":0},"end":{"line":213,"column":3}},"85":{"start":{"line":212,"column":2},"end":{"line":212,"column":75}},"86":{"start":{"line":216,"column":0},"end":{"line":219,"column":1}},"87":{"start":{"line":218,"column":2},"end":{"line":218,"column":51}},"88":{"start":{"line":221,"column":0},"end":{"line":221,"column":28}},"89":{"start":{"line":223,"column":0},"end":{"line":223,"column":19}}},"fnMap":{"0":{"name":"(anonymous_10)","decl":{"start":{"line":108,"column":12},"end":{"line":108,"column":null}},"loc":{"start":{"line":110,"column":60},"end":{"line":125,"column":5}}},"1":{"name":"(anonymous_11)","decl":{"start":{"line":156,"column":23},"end":{"line":156,"column":28}},"loc":{"start":{"line":156,"column":76},"end":{"line":173,"column":1}}},"2":{"name":"(anonymous_12)","decl":{"start":{"line":211,"column":8},"end":{"line":211,"column":9}},"loc":{"start":{"line":211,"column":60},"end":{"line":213,"column":1}}}},"branchMap":{"0":{"loc":{"start":{"line":71,"column":0},"end":{"line":74,"column":1}},"type":"if","locations":[{"start":{"line":71,"column":0},"end":{"line":74,"column":1}},{"start":{},"end":{}}]},"1":{"loc":{"start":{"line":113,"column":6},"end":{"line":119,"column":7}},"type":"if","locations":[{"start":{"line":113,"column":6},"end":{"line":119,"column":7}},{"start":{},"end":{}}]},"2":{"loc":{"start":{"line":114,"column":8},"end":{"line":116,"column":9}},"type":"if","locations":[{"start":{"line":114,"column":8},"end":{"line":116,"column":9}},{"start":{},"end":{}}]},"3":{"loc":{"start":{"line":121,"column":6},"end":{"line":123,"column":7}},"type":"if","locations":[{"start":{"line":121,"column":6},"end":{"line":123,"column":7}},{"start":{},"end":{}}]},"4":{"loc":{"start":{"line":121,"column":10},"end":{"line":121,"column":60}},"type":"binary-expr","locations":[{"start":{"line":121,"column":10},"end":{"line":121,"column":41}},{"start":{"line":121,"column":45},"end":{"line":121,"column":60}}]},"5":{"loc":{"start":{"line":169,"column":13},"end":{"line":169,"column":65}},"type":"cond-expr","locations":[{"start":{"line":169,"column":36},"end":{"line":169,"column":47}},{"start":{"line":169,"column":50},"end":{"line":169,"column":65}}]},"6":{"loc":{"start":{"line":216,"column":0},"end":{"line":219,"column":1}},"type":"if","locations":[{"start":{"line":216,"column":0},"end":{"line":219,"column":1}},{"start":{},"end":{}}]}},"s":{"0":6,"1":6,"2":6,"3":6,"4":6,"5":6,"6":6,"7":6,"8":6,"9":6,"10":6,"11":6,"12":6,"13":6,"14":6,"15":6,"16":6,"17":6,"18":6,"19":6,"20":6,"21":6,"22":6,"23":6,"24":6,"25":6,"26":6,"27":6,"28":6,"29":6,"30":6,"31":6,"32":6,"33":6,"34":6,"35":6,"36":0,"37":0,"38":6,"39":6,"40":6,"41":52,"42":52,"43":0,"44":52,"45":0,"46":0,"47":0,"48":0,"49":6,"50":6,"51":6,"52":6,"53":6,"54":0,"55":0,"56":0,"57":0,"58":6,"59":6,"60":6,"61":6,"62":6,"63":6,"64":6,"65":6,"66":6,"67":6,"68":6,"69":6,"70":6,"71":6,"72":6,"73":6,"74":6,"75":6,"76":6,"77":6,"78":6,"79":6,"80":6,"81":6,"82":6,"83":6,"84":6,"85":0,"86":6,"87":0,"88":6,"89":6},"f":{"0":52,"1":0,"2":0},"b":{"0":[0,6],"1":[52,0],"2":[0,52],"3":[0,0],"4":[0,0],"5":[0,0],"6":[0,6]}}
,"C:\\Users\\omar4\\Desktop\\University management system\\backend\\src\\server.js": {"path":"C:\\Users\\omar4\\Desktop\\University management system\\backend\\src\\server.js","statementMap":{"0":{"start":{"line":2,"column":0},"end":{"line":2,"column":27}},"1":{"start":{"line":3,"column":15},"end":{"line":3,"column":32}},"2":{"start":{"line":4,"column":12},"end":{"line":4,"column":38}},"3":{"start":{"line":6,"column":0},"end":{"line":6,"column":71}},"4":{"start":{"line":8,"column":21},"end":{"line":8,"column":58}},"5":{"start":{"line":11,"column":0},"end":{"line":15,"column":1}},"6":{"start":{"line":12,"column":21},"end":{"line":12,"column":59}},"7":{"start":{"line":13,"column":2},"end":{"line":13,"column":38}},"8":{"start":{"line":14,"column":2},"end":{"line":14,"column":99}},"9":{"start":{"line":17,"column":26},"end":{"line":20,"column":1}},"10":{"start":{"line":22,"column":26},"end":{"line":27,"column":1}},"11":{"start":{"line":29,"column":24},"end":{"line":29,"column":74}},"12":{"start":{"line":29,"column":56},"end":{"line":29,"column":73}},"13":{"start":{"line":30,"column":0},"end":{"line":35,"column":1}},"14":{"start":{"line":31,"column":2},"end":{"line":31,"column":68}},"15":{"start":{"line":32,"column":2},"end":{"line":32,"column":63}},"16":{"start":{"line":32,"column":33},"end":{"line":32,"column":61}},"17":{"start":{"line":33,"column":2},"end":{"line":33,"column":48}},"18":{"start":{"line":34,"column":2},"end":{"line":34,"column":18}},"19":{"start":{"line":38,"column":18},"end":{"line":38,"column":46}},"20":{"start":{"line":39,"column":20},"end":{"line":39,"column":124}},"21":{"start":{"line":41,"column":0},"end":{"line":45,"column":1}},"22":{"start":{"line":42,"column":2},"end":{"line":42,"column":74}},"23":{"start":{"line":43,"column":2},"end":{"line":43,"column":107}},"24":{"start":{"line":44,"column":2},"end":{"line":44,"column":18}},"25":{"start":{"line":47,"column":0},"end":{"line":54,"column":1}},"26":{"start":{"line":48,"column":2},"end":{"line":48,"column":117}},"27":{"start":{"line":49,"column":2},"end":{"line":49,"column":136}},"28":{"start":{"line":50,"column":2},"end":{"line":50,"column":18}},"29":{"start":{"line":51,"column":7},"end":{"line":54,"column":1}},"30":{"start":{"line":52,"column":2},"end":{"line":52,"column":61}},"31":{"start":{"line":53,"column":2},"end":{"line":53,"column":18}},"32":{"start":{"line":56,"column":24},"end":{"line":56,"column":74}},"33":{"start":{"line":56,"column":56},"end":{"line":56,"column":73}},"34":{"start":{"line":57,"column":0},"end":{"line":61,"column":1}},"35":{"start":{"line":58,"column":2},"end":{"line":58,"column":79}},"36":{"start":{"line":59,"column":2},"end":{"line":59,"column":62}},"37":{"start":{"line":59,"column":33},"end":{"line":59,"column":60}},"38":{"start":{"line":60,"column":2},"end":{"line":60,"column":98}},"39":{"start":{"line":63,"column":12},"end":{"line":63,"column":28}},"40":{"start":{"line":64,"column":13},"end":{"line":64,"column":28}},"41":{"start":{"line":65,"column":23},"end":{"line":65,"column":48}},"42":{"start":{"line":66,"column":34},"end":{"line":66,"column":57}},"43":{"start":{"line":67,"column":15},"end":{"line":67,"column":40}},"44":{"start":{"line":69,"column":15},"end":{"line":69,"column":37}},"45":{"start":{"line":72,"column":0},"end":{"line":72,"column":19}},"46":{"start":{"line":75,"column":0},"end":{"line":75,"column":24}},"47":{"start":{"line":77,"column":13},"end":{"line":77,"column":37}},"48":{"start":{"line":79,"column":0},"end":{"line":82,"column":3}},"49":{"start":{"line":80,"column":2},"end":{"line":80,"column":62}},"50":{"start":{"line":81,"column":2},"end":{"line":81,"column":74}},"51":{"start":{"line":84,"column":0},"end":{"line":87,"column":3}},"52":{"start":{"line":85,"column":2},"end":{"line":85,"column":84}},"53":{"start":{"line":86,"column":2},"end":{"line":86,"column":38}},"54":{"start":{"line":86,"column":21},"end":{"line":86,"column":36}}},"fnMap":{"0":{"name":"(anonymous_0)","decl":{"start":{"line":29,"column":49},"end":{"line":29,"column":50}},"loc":{"start":{"line":29,"column":56},"end":{"line":29,"column":73}},"line":29},"1":{"name":"(anonymous_1)","decl":{"start":{"line":32,"column":26},"end":{"line":32,"column":27}},"loc":{"start":{"line":32,"column":33},"end":{"line":32,"column":61}},"line":32},"2":{"name":"(anonymous_2)","decl":{"start":{"line":56,"column":49},"end":{"line":56,"column":50}},"loc":{"start":{"line":56,"column":56},"end":{"line":56,"column":73}},"line":56},"3":{"name":"(anonymous_3)","decl":{"start":{"line":59,"column":26},"end":{"line":59,"column":27}},"loc":{"start":{"line":59,"column":33},"end":{"line":59,"column":60}},"line":59},"4":{"name":"(anonymous_4)","decl":{"start":{"line":79,"column":31},"end":{"line":79,"column":32}},"loc":{"start":{"line":79,"column":37},"end":{"line":82,"column":1}},"line":79},"5":{"name":"(anonymous_5)","decl":{"start":{"line":84,"column":33},"end":{"line":84,"column":34}},"loc":{"start":{"line":84,"column":42},"end":{"line":87,"column":1}},"line":84},"6":{"name":"(anonymous_6)","decl":{"start":{"line":86,"column":15},"end":{"line":86,"column":16}},"loc":{"start":{"line":86,"column":21},"end":{"line":86,"column":36}},"line":86}},"branchMap":{"0":{"loc":{"start":{"line":11,"column":0},"end":{"line":15,"column":1}},"type":"if","locations":[{"start":{"line":11,"column":0},"end":{"line":15,"column":1}},{"start":{},"end":{}}],"line":11},"1":{"loc":{"start":{"line":11,"column":4},"end":{"line":11,"column":84}},"type":"binary-expr","locations":[{"start":{"line":11,"column":4},"end":{"line":11,"column":17}},{"start":{"line":11,"column":22},"end":{"line":11,"column":45}},{"start":{"line":11,"column":49},"end":{"line":11,"column":83}}],"line":11},"2":{"loc":{"start":{"line":30,"column":0},"end":{"line":35,"column":1}},"type":"if","locations":[{"start":{"line":30,"column":0},"end":{"line":35,"column":1}},{"start":{},"end":{}}],"line":30},"3":{"loc":{"start":{"line":38,"column":18},"end":{"line":38,"column":46}},"type":"binary-expr","locations":[{"start":{"line":38,"column":18},"end":{"line":38,"column":40}},{"start":{"line":38,"column":44},"end":{"line":38,"column":46}}],"line":38},"4":{"loc":{"start":{"line":41,"column":0},"end":{"line":45,"column":1}},"type":"if","locations":[{"start":{"line":41,"column":0},"end":{"line":45,"column":1}},{"start":{},"end":{}}],"line":41},"5":{"loc":{"start":{"line":47,"column":0},"end":{"line":54,"column":1}},"type":"if","locations":[{"start":{"line":47,"column":0},"end":{"line":54,"column":1}},{"start":{"line":51,"column":7},"end":{"line":54,"column":1}}],"line":47},"6":{"loc":{"start":{"line":47,"column":4},"end":{"line":47,"column":41}},"type":"binary-expr","locations":[{"start":{"line":47,"column":4},"end":{"line":47,"column":16}},{"start":{"line":47,"column":20},"end":{"line":47,"column":41}}],"line":47},"7":{"loc":{"start":{"line":51,"column":7},"end":{"line":54,"column":1}},"type":"if","locations":[{"start":{"line":51,"column":7},"end":{"line":54,"column":1}},{"start":{},"end":{}}],"line":51},"8":{"loc":{"start":{"line":57,"column":0},"end":{"line":61,"column":1}},"type":"if","locations":[{"start":{"line":57,"column":0},"end":{"line":61,"column":1}},{"start":{},"end":{}}],"line":57},"9":{"loc":{"start":{"line":77,"column":13},"end":{"line":77,"column":37}},"type":"binary-expr","locations":[{"start":{"line":77,"column":13},"end":{"line":77,"column":29}},{"start":{"line":77,"column":33},"end":{"line":77,"column":37}}],"line":77},"10":{"loc":{"start":{"line":81,"column":33},"end":{"line":81,"column":70}},"type":"binary-expr","locations":[{"start":{"line":81,"column":33},"end":{"line":81,"column":53}},{"start":{"line":81,"column":57},"end":{"line":81,"column":70}}],"line":81}},"s":{"0":0,"1":0,"2":0,"3":0,"4":0,"5":0,"6":0,"7":0,"8":0,"9":0,"10":0,"11":0,"12":0,"13":0,"14":0,"15":0,"16":0,"17":0,"18":0,"19":0,"20":0,"21":0,"22":0,"23":0,"24":0,"25":0,"26":0,"27":0,"28":0,"29":0,"30":0,"31":0,"32":0,"33":0,"34":0,"35":0,"36":0,"37":0,"38":0,"39":0,"40":0,"41":0,"42":0,"43":0,"44":0,"45":0,"46":0,"47":0,"48":0,"49":0,"50":0,"51":0,"52":0,"53":0,"54":0},"f":{"0":0,"1":0,"2":0,"3":0,"4":0,"5":0,"6":0},"b":{"0":[0,0],"1":[0,0,0],"2":[0,0],"3":[0,0],"4":[0,0],"5":[0,0],"6":[0,0],"7":[0,0],"8":[0,0],"9":[0,0],"10":[0,0]},"inputSourceMap":null}
,"C:\\Users\\omar4\\Desktop\\University management system\\backend\\src\\constants\\index.ts": {"path":"C:\\Users\\omar4\\Desktop\\University management system\\backend\\src\\constants\\index.ts","statementMap":{"0":{"start":{"line":2,"column":13},"end":{"line":2,"column":40}},"1":{"start":{"line":5,"column":13},"end":{"line":5,"column":43}},"2":{"start":{"line":8,"column":13},"end":{"line":8,"column":55}}},"fnMap":{},"branchMap":{},"s":{"0":0,"1":0,"2":0},"f":{},"b":{}}
,"C:\\Users\\omar4\\Desktop\\University management system\\backend\\src\\controllers\\analytics.controller.js": {"path":"C:\\Users\\omar4\\Desktop\\University management system\\backend\\src\\controllers\\analytics.controller.js","statementMap":{"0":{"start":{"line":1,"column":15},"end":{"line":1,"column":47}},"1":{"start":{"line":2,"column":19},"end":{"line":2,"column":49}},"2":{"start":{"line":4,"column":0},"end":{"line":125,"column":3}},"3":{"start":{"line":5,"column":47},"end":{"line":5,"column":56}},"4":{"start":{"line":7,"column":21},"end":{"line":7,"column":23}},"5":{"start":{"line":8,"column":2},"end":{"line":12,"column":3}},"6":{"start":{"line":9,"column":4},"end":{"line":9,"column":30}},"7":{"start":{"line":10,"column":4},"end":{"line":10,"column":66}},"8":{"start":{"line":10,"column":19},"end":{"line":10,"column":66}},"9":{"start":{"line":11,"column":4},"end":{"line":11,"column":62}},"10":{"start":{"line":11,"column":17},"end":{"line":11,"column":62}},"11":{"start":{"line":14,"column":21},"end":{"line":14,"column":23}},"12":{"start":{"line":15,"column":2},"end":{"line":15,"column":69}},"13":{"start":{"line":15,"column":20},"end":{"line":15,"column":69}},"14":{"start":{"line":25,"column":6},"end":{"line":92,"column":4}},"15":{"start":{"line":95,"column":22},"end":{"line":98,"column":5}},"16":{"start":{"line":95,"column":58},"end":{"line":98,"column":3}},"17":{"start":{"line":97,"column":56},"end":{"line":97,"column":82}},"18":{"start":{"line":101,"column":17},"end":{"line":101,"column":101}},"19":{"start":{"line":102,"column":20},"end":{"line":106,"column":8}},"20":{"start":{"line":103,"column":18},"end":{"line":103,"column":65}},"21":{"start":{"line":104,"column":4},"end":{"line":104,"column":39}},"22":{"start":{"line":105,"column":4},"end":{"line":105,"column":15}},"23":{"start":{"line":108,"column":21},"end":{"line":111,"column":5}},"24":{"start":{"line":108,"column":42},"end":{"line":111,"column":3}},"25":{"start":{"line":113,"column":2},"end":{"line":124,"column":5}}},"fnMap":{"0":{"name":"(anonymous_0)","decl":{"start":{"line":4,"column":41},"end":{"line":4,"column":42}},"loc":{"start":{"line":4,"column":67},"end":{"line":125,"column":1}},"line":4},"1":{"name":"(anonymous_1)","decl":{"start":{"line":95,"column":46},"end":{"line":95,"column":47}},"loc":{"start":{"line":95,"column":58},"end":{"line":98,"column":3}},"line":95},"2":{"name":"(anonymous_2)","decl":{"start":{"line":97,"column":41},"end":{"line":97,"column":42}},"loc":{"start":{"line":97,"column":56},"end":{"line":97,"column":82}},"line":97},"3":{"name":"(anonymous_3)","decl":{"start":{"line":102,"column":45},"end":{"line":102,"column":46}},"loc":{"start":{"line":102,"column":63},"end":{"line":106,"column":3}},"line":102},"4":{"name":"(anonymous_4)","decl":{"start":{"line":108,"column":32},"end":{"line":108,"column":33}},"loc":{"start":{"line":108,"column":42},"end":{"line":111,"column":3}},"line":108}},"branchMap":{"0":{"loc":{"start":{"line":8,"column":2},"end":{"line":12,"column":3}},"type":"if","locations":[{"start":{"line":8,"column":2},"end":{"line":12,"column":3}},{"start":{},"end":{}}],"line":8},"1":{"loc":{"start":{"line":8,"column":6},"end":{"line":8,"column":26}},"type":"binary-expr","locations":[{"start":{"line":8,"column":6},"end":{"line":8,"column":15}},{"start":{"line":8,"column":19},"end":{"line":8,"column":26}}],"line":8},"2":{"loc":{"start":{"line":10,"column":4},"end":{"line":10,"column":66}},"type":"if","locations":[{"start":{"line":10,"column":4},"end":{"line":10,"column":66}},{"start":{},"end":{}}],"line":10},"3":{"loc":{"start":{"line":11,"column":4},"end":{"line":11,"column":62}},"type":"if","locations":[{"start":{"line":11,"column":4},"end":{"line":11,"column":62}},{"start":{},"end":{}}],"line":11},"4":{"loc":{"start":{"line":15,"column":2},"end":{"line":15,"column":69}},"type":"if","locations":[{"start":{"line":15,"column":2},"end":{"line":15,"column":69}},{"start":{},"end":{}}],"line":15},"5":{"loc":{"start":{"line":104,"column":18},"end":{"line":104,"column":33}},"type":"binary-expr","locations":[{"start":{"line":104,"column":18},"end":{"line":104,"column":28}},{"start":{"line":104,"column":32},"end":{"line":104,"column":33}}],"line":104},"6":{"loc":{"start":{"line":110,"column":11},"end":{"line":110,"column":32}},"type":"binary-expr","locations":[{"start":{"line":110,"column":11},"end":{"line":110,"column":27}},{"start":{"line":110,"column":31},"end":{"line":110,"column":32}}],"line":110}},"s":{"0":6,"1":6,"2":6,"3":0,"4":0,"5":0,"6":0,"7":0,"8":0,"9":0,"10":0,"11":0,"12":0,"13":0,"14":0,"15":0,"16":0,"17":0,"18":0,"19":0,"20":0,"21":0,"22":0,"23":0,"24":0,"25":0},"f":{"0":0,"1":0,"2":0,"3":0,"4":0},"b":{"0":[0,0],"1":[0,0],"2":[0,0],"3":[0,0],"4":[0,0],"5":[0,0],"6":[0,0]},"inputSourceMap":null,"_coverageSchema":"1a1c01bbd47fc00a2c39e90264f33305004495a9","hash":"dff6619b8755f3459df3c1a3efb4179432f07460"}
,"C:\\Users\\omar4\\Desktop\\University management system\\backend\\src\\controllers\\attendance.controller.js": {"path":"C:\\Users\\omar4\\Desktop\\University management system\\backend\\src\\controllers\\attendance.controller.js","statementMap":{"0":{"start":{"line":1,"column":15},"end":{"line":1,"column":47}},"1":{"start":{"line":2,"column":19},"end":{"line":2,"column":49}},"2":{"start":{"line":3,"column":31},"end":{"line":3,"column":69}},"3":{"start":{"line":4,"column":41},"end":{"line":4,"column":69}},"4":{"start":{"line":5,"column":26},"end":{"line":5,"column":57}},"5":{"start":{"line":12,"column":0},"end":{"line":64,"column":3}},"6":{"start":{"line":13,"column":38},"end":{"line":13,"column":46}},"7":{"start":{"line":16,"column":17},"end":{"line":16,"column":117}},"8":{"start":{"line":17,"column":2},"end":{"line":17,"column":66}},"9":{"start":{"line":17,"column":15},"end":{"line":17,"column":66}},"10":{"start":{"line":18,"column":22},"end":{"line":18,"column":55}},"11":{"start":{"line":19,"column":2},"end":{"line":22,"column":3}},"12":{"start":{"line":20,"column":4},"end":{"line":20,"column":154}},"13":{"start":{"line":20,"column":101},"end":{"line":20,"column":154}},"14":{"start":{"line":21,"column":4},"end":{"line":21,"column":139}},"15":{"start":{"line":21,"column":86},"end":{"line":21,"column":139}},"16":{"start":{"line":24,"column":25},"end":{"line":24,"column":59}},"17":{"start":{"line":26,"column":25},"end":{"line":42,"column":3}},"18":{"start":{"line":28,"column":6},"end":{"line":40,"column":8}},"19":{"start":{"line":45,"column":2},"end":{"line":61,"column":20}},"20":{"start":{"line":47,"column":21},"end":{"line":47,"column":65}},"21":{"start":{"line":49,"column":8},"end":{"line":59,"column":9}},"22":{"start":{"line":50,"column":10},"end":{"line":55,"column":13}},"23":{"start":{"line":57,"column":25},"end":{"line":57,"column":51}},"24":{"start":{"line":58,"column":10},"end":{"line":58,"column":83}},"25":{"start":{"line":63,"column":2},"end":{"line":63,"column":64}},"26":{"start":{"line":71,"column":0},"end":{"line":108,"column":3}},"27":{"start":{"line":72,"column":23},"end":{"line":72,"column":33}},"28":{"start":{"line":73,"column":19},"end":{"line":73,"column":28}},"29":{"start":{"line":75,"column":16},"end":{"line":75,"column":48}},"30":{"start":{"line":78,"column":17},"end":{"line":78,"column":117}},"31":{"start":{"line":79,"column":2},"end":{"line":79,"column":92}},"32":{"start":{"line":79,"column":15},"end":{"line":79,"column":92}},"33":{"start":{"line":80,"column":22},"end":{"line":80,"column":55}},"34":{"start":{"line":81,"column":2},"end":{"line":84,"column":3}},"35":{"start":{"line":82,"column":4},"end":{"line":82,"column":175}},"36":{"start":{"line":82,"column":101},"end":{"line":82,"column":175}},"37":{"start":{"line":83,"column":4},"end":{"line":83,"column":160}},"38":{"start":{"line":83,"column":86},"end":{"line":83,"column":160}},"39":{"start":{"line":85,"column":2},"end":{"line":95,"column":3}},"40":{"start":{"line":86,"column":23},"end":{"line":86,"column":37}},"41":{"start":{"line":87,"column":4},"end":{"line":87,"column":36}},"42":{"start":{"line":88,"column":21},"end":{"line":88,"column":35}},"43":{"start":{"line":89,"column":4},"end":{"line":89,"column":39}},"44":{"start":{"line":91,"column":4},"end":{"line":94,"column":6}},"45":{"start":{"line":97,"column":21},"end":{"line":105,"column":4}},"46":{"start":{"line":107,"column":2},"end":{"line":107,"column":48}},"47":{"start":{"line":115,"column":0},"end":{"line":194,"column":3}},"48":{"start":{"line":116,"column":20},"end":{"line":116,"column":50}},"49":{"start":{"line":119,"column":2},"end":{"line":138,"column":3}},"50":{"start":{"line":120,"column":22},"end":{"line":123,"column":6}},"51":{"start":{"line":124,"column":4},"end":{"line":128,"column":5}},"52":{"start":{"line":125,"column":6},"end":{"line":127,"column":9}},"53":{"start":{"line":131,"column":26},"end":{"line":131,"column":118}},"54":{"start":{"line":132,"column":4},"end":{"line":132,"column":76}},"55":{"start":{"line":132,"column":24},"end":{"line":132,"column":76}},"56":{"start":{"line":133,"column":22},"end":{"line":133,"column":59}},"57":{"start":{"line":134,"column":4},"end":{"line":137,"column":5}},"58":{"start":{"line":135,"column":6},"end":{"line":135,"column":147}},"59":{"start":{"line":135,"column":94},"end":{"line":135,"column":147}},"60":{"start":{"line":136,"column":6},"end":{"line":136,"column":124}},"61":{"start":{"line":136,"column":71},"end":{"line":136,"column":124}},"62":{"start":{"line":140,"column":45},"end":{"line":140,"column":54}},"63":{"start":{"line":142,"column":15},"end":{"line":142,"column":53}},"64":{"start":{"line":144,"column":16},"end":{"line":144,"column":29}},"65":{"start":{"line":145,"column":2},"end":{"line":145,"column":52}},"66":{"start":{"line":145,"column":16},"end":{"line":145,"column":52}},"67":{"start":{"line":147,"column":41},"end":{"line":163,"column":4}},"68":{"start":{"line":166,"column":16},"end":{"line":172,"column":3}},"69":{"start":{"line":173,"column":2},"end":{"line":175,"column":5}},"70":{"start":{"line":174,"column":4},"end":{"line":174,"column":37}},"71":{"start":{"line":177,"column":21},"end":{"line":179,"column":7}},"72":{"start":{"line":181,"column":2},"end":{"line":193,"column":5}}},"fnMap":{"0":{"name":"(anonymous_0)","decl":{"start":{"line":12,"column":38},"end":{"line":12,"column":39}},"loc":{"start":{"line":12,"column":64},"end":{"line":64,"column":1}},"line":12},"1":{"name":"(anonymous_1)","decl":{"start":{"line":27,"column":16},"end":{"line":27,"column":17}},"loc":{"start":{"line":28,"column":6},"end":{"line":40,"column":8}},"line":28},"2":{"name":"(anonymous_2)","decl":{"start":{"line":47,"column":14},"end":{"line":47,"column":15}},"loc":{"start":{"line":47,"column":21},"end":{"line":47,"column":65}},"line":47},"3":{"name":"(anonymous_3)","decl":{"start":{"line":48,"column":11},"end":{"line":48,"column":12}},"loc":{"start":{"line":48,"column":33},"end":{"line":60,"column":7}},"line":48},"4":{"name":"(anonymous_4)","decl":{"start":{"line":61,"column":10},"end":{"line":61,"column":11}},"loc":{"start":{"line":61,"column":16},"end":{"line":61,"column":18}},"line":61},"5":{"name":"(anonymous_5)","decl":{"start":{"line":71,"column":41},"end":{"line":71,"column":42}},"loc":{"start":{"line":71,"column":67},"end":{"line":108,"column":1}},"line":71},"6":{"name":"(anonymous_6)","decl":{"start":{"line":115,"column":42},"end":{"line":115,"column":43}},"loc":{"start":{"line":115,"column":68},"end":{"line":194,"column":1}},"line":115},"7":{"name":"(anonymous_7)","decl":{"start":{"line":173,"column":20},"end":{"line":173,"column":21}},"loc":{"start":{"line":173,"column":28},"end":{"line":175,"column":3}},"line":173}},"branchMap":{"0":{"loc":{"start":{"line":17,"column":2},"end":{"line":17,"column":66}},"type":"if","locations":[{"start":{"line":17,"column":2},"end":{"line":17,"column":66}},{"start":{},"end":{}}],"line":17},"1":{"loc":{"start":{"line":19,"column":2},"end":{"line":22,"column":3}},"type":"if","locations":[{"start":{"line":19,"column":2},"end":{"line":22,"column":3}},{"start":{},"end":{}}],"line":19},"2":{"loc":{"start":{"line":19,"column":6},"end":{"line":19,"column":52}},"type":"binary-expr","locations":[{"start":{"line":19,"column":6},"end":{"line":19,"column":17}},{"start":{"line":19,"column":21},"end":{"line":19,"column":52}}],"line":19},"3":{"loc":{"start":{"line":20,"column":4},"end":{"line":20,"column":154}},"type":"if","locations":[{"start":{"line":20,"column":4},"end":{"line":20,"column":154}},{"start":{},"end":{}}],"line":20},"4":{"loc":{"start":{"line":20,"column":8},"end":{"line":20,"column":99}},"type":"binary-expr","locations":[{"start":{"line":20,"column":8},"end":{"line":20,"column":30}},{"start":{"line":20,"column":34},"end":{"line":20,"column":99}}],"line":20},"5":{"loc":{"start":{"line":21,"column":4},"end":{"line":21,"column":139}},"type":"if","locations":[{"start":{"line":21,"column":4},"end":{"line":21,"column":139}},{"start":{},"end":{}}],"line":21},"6":{"loc":{"start":{"line":21,"column":8},"end":{"line":21,"column":84}},"type":"binary-expr","locations":[{"start":{"line":21,"column":8},"end":{"line":21,"column":32}},{"start":{"line":21,"column":36},"end":{"line":21,"column":84}}],"line":21},"7":{"loc":{"start":{"line":24,"column":25},"end":{"line":24,"column":59}},"type":"cond-expr","locations":[{"start":{"line":24,"column":32},"end":{"line":24,"column":46}},{"start":{"line":24,"column":49},"end":{"line":24,"column":59}}],"line":24},"8":{"loc":{"start":{"line":47,"column":21},"end":{"line":47,"column":65}},"type":"binary-expr","locations":[{"start":{"line":47,"column":21},"end":{"line":47,"column":42}},{"start":{"line":47,"column":46},"end":{"line":47,"column":65}}],"line":47},"9":{"loc":{"start":{"line":54,"column":18},"end":{"line":54,"column":70}},"type":"cond-expr","locations":[{"start":{"line":54,"column":51},"end":{"line":54,"column":58}},{"start":{"line":54,"column":61},"end":{"line":54,"column":70}}],"line":54},"10":{"loc":{"start":{"line":79,"column":2},"end":{"line":79,"column":92}},"type":"if","locations":[{"start":{"line":79,"column":2},"end":{"line":79,"column":92}},{"start":{},"end":{}}],"line":79},"11":{"loc":{"start":{"line":81,"column":2},"end":{"line":84,"column":3}},"type":"if","locations":[{"start":{"line":81,"column":2},"end":{"line":84,"column":3}},{"start":{},"end":{}}],"line":81},"12":{"loc":{"start":{"line":81,"column":6},"end":{"line":81,"column":52}},"type":"binary-expr","locations":[{"start":{"line":81,"column":6},"end":{"line":81,"column":17}},{"start":{"line":81,"column":21},"end":{"line":81,"column":52}}],"line":81},"13":{"loc":{"start":{"line":82,"column":4},"end":{"line":82,"column":175}},"type":"if","locations":[{"start":{"line":82,"column":4},"end":{"line":82,"column":175}},{"start":{},"end":{}}],"line":82},"14":{"loc":{"start":{"line":82,"column":8},"end":{"line":82,"column":99}},"type":"binary-expr","locations":[{"start":{"line":82,"column":8},"end":{"line":82,"column":30}},{"start":{"line":82,"column":34},"end":{"line":82,"column":99}}],"line":82},"15":{"loc":{"start":{"line":83,"column":4},"end":{"line":83,"column":160}},"type":"if","locations":[{"start":{"line":83,"column":4},"end":{"line":83,"column":160}},{"start":{},"end":{}}],"line":83},"16":{"loc":{"start":{"line":83,"column":8},"end":{"line":83,"column":84}},"type":"binary-expr","locations":[{"start":{"line":83,"column":8},"end":{"line":83,"column":32}},{"start":{"line":83,"column":36},"end":{"line":83,"column":84}}],"line":83},"17":{"loc":{"start":{"line":85,"column":2},"end":{"line":95,"column":3}},"type":"if","locations":[{"start":{"line":85,"column":2},"end":{"line":95,"column":3}},{"start":{},"end":{}}],"line":85},"18":{"loc":{"start":{"line":119,"column":2},"end":{"line":138,"column":3}},"type":"if","locations":[{"start":{"line":119,"column":2},"end":{"line":138,"column":3}},{"start":{"line":129,"column":9},"end":{"line":138,"column":3}}],"line":119},"19":{"loc":{"start":{"line":124,"column":4},"end":{"line":128,"column":5}},"type":"if","locations":[{"start":{"line":124,"column":4},"end":{"line":128,"column":5}},{"start":{},"end":{}}],"line":124},"20":{"loc":{"start":{"line":124,"column":8},"end":{"line":124,"column":48}},"type":"binary-expr","locations":[{"start":{"line":124,"column":8},"end":{"line":124,"column":18}},{"start":{"line":124,"column":22},"end":{"line":124,"column":48}}],"line":124},"21":{"loc":{"start":{"line":132,"column":4},"end":{"line":132,"column":76}},"type":"if","locations":[{"start":{"line":132,"column":4},"end":{"line":132,"column":76}},{"start":{},"end":{}}],"line":132},"22":{"loc":{"start":{"line":134,"column":4},"end":{"line":137,"column":5}},"type":"if","locations":[{"start":{"line":134,"column":4},"end":{"line":137,"column":5}},{"start":{},"end":{}}],"line":134},"23":{"loc":{"start":{"line":134,"column":8},"end":{"line":134,"column":50}},"type":"binary-expr","locations":[{"start":{"line":134,"column":8},"end":{"line":134,"column":17}},{"start":{"line":134,"column":21},"end":{"line":134,"column":50}}],"line":134},"24":{"loc":{"start":{"line":135,"column":6},"end":{"line":135,"column":147}},"type":"if","locations":[{"start":{"line":135,"column":6},"end":{"line":135,"column":147}},{"start":{},"end":{}}],"line":135},"25":{"loc":{"start":{"line":135,"column":10},"end":{"line":135,"column":92}},"type":"binary-expr","locations":[{"start":{"line":135,"column":10},"end":{"line":135,"column":29}},{"start":{"line":135,"column":33},"end":{"line":135,"column":92}}],"line":135},"26":{"loc":{"start":{"line":136,"column":6},"end":{"line":136,"column":124}},"type":"if","locations":[{"start":{"line":136,"column":6},"end":{"line":136,"column":124}},{"start":{},"end":{}}],"line":136},"27":{"loc":{"start":{"line":136,"column":10},"end":{"line":136,"column":69}},"type":"binary-expr","locations":[{"start":{"line":136,"column":10},"end":{"line":136,"column":22}},{"start":{"line":136,"column":26},"end":{"line":136,"column":69}}],"line":136},"28":{"loc":{"start":{"line":140,"column":20},"end":{"line":140,"column":28}},"type":"default-arg","locations":[{"start":{"line":140,"column":27},"end":{"line":140,"column":28}}],"line":140},"29":{"loc":{"start":{"line":140,"column":30},"end":{"line":140,"column":40}},"type":"default-arg","locations":[{"start":{"line":140,"column":38},"end":{"line":140,"column":40}}],"line":140},"30":{"loc":{"start":{"line":145,"column":2},"end":{"line":145,"column":52}},"type":"if","locations":[{"start":{"line":145,"column":2},"end":{"line":145,"column":52}},{"start":{},"end":{}}],"line":145},"31":{"loc":{"start":{"line":177,"column":21},"end":{"line":179,"column":7}},"type":"cond-expr","locations":[{"start":{"line":178,"column":6},"end":{"line":178,"column":58}},{"start":{"line":179,"column":6},"end":{"line":179,"column":7}}],"line":177}},"s":{"0":6,"1":6,"2":6,"3":6,"4":6,"5":6,"6":0,"7":0,"8":0,"9":0,"10":0,"11":0,"12":0,"13":0,"14":0,"15":0,"16":0,"17":0,"18":0,"19":0,"20":0,"21":0,"22":0,"23":0,"24":0,"25":0,"26":6,"27":0,"28":0,"29":0,"30":0,"31":0,"32":0,"33":0,"34":0,"35":0,"36":0,"37":0,"38":0,"39":0,"40":0,"41":0,"42":0,"43":0,"44":0,"45":0,"46":0,"47":6,"48":0,"49":0,"50":0,"51":0,"52":0,"53":0,"54":0,"55":0,"56":0,"57":0,"58":0,"59":0,"60":0,"61":0,"62":0,"63":0,"64":0,"65":0,"66":0,"67":0,"68":0,"69":0,"70":0,"71":0,"72":0},"f":{"0":0,"1":0,"2":0,"3":0,"4":0,"5":0,"6":0,"7":0},"b":{"0":[0,0],"1":[0,0],"2":[0,0],"3":[0,0],"4":[0,0],"5":[0,0],"6":[0,0],"7":[0,0],"8":[0,0],"9":[0,0],"10":[0,0],"11":[0,0],"12":[0,0],"13":[0,0],"14":[0,0],"15":[0,0],"16":[0,0],"17":[0,0],"18":[0,0],"19":[0,0],"20":[0,0],"21":[0,0],"22":[0,0],"23":[0,0],"24":[0,0],"25":[0,0],"26":[0,0],"27":[0,0],"28":[0],"29":[0],"30":[0,0],"31":[0,0]},"inputSourceMap":null,"_coverageSchema":"1a1c01bbd47fc00a2c39e90264f33305004495a9","hash":"fe61a7ee33921311ca4d017b9b44d064a91c1f6e"}
,"C:\\Users\\omar4\\Desktop\\University management system\\backend\\src\\controllers\\auth.controller.js": {"path":"C:\\Users\\omar4\\Desktop\\University management system\\backend\\src\\controllers\\auth.controller.js","statementMap":{"0":{"start":{"line":1,"column":15},"end":{"line":1,"column":47}},"1":{"start":{"line":2,"column":15},"end":{"line":2,"column":34}},"2":{"start":{"line":3,"column":54},"end":{"line":3,"column":83}},"3":{"start":{"line":4,"column":57},"end":{"line":4,"column":95}},"4":{"start":{"line":5,"column":19},"end":{"line":5,"column":49}},"5":{"start":{"line":6,"column":72},"end":{"line":6,"column":100}},"6":{"start":{"line":9,"column":23},"end":{"line":21,"column":1}},"7":{"start":{"line":14,"column":2},"end":{"line":20,"column":5}},"8":{"start":{"line":23,"column":17},"end":{"line":77,"column":2}},"9":{"start":{"line":24,"column":110},"end":{"line":24,"column":118}},"10":{"start":{"line":25,"column":15},"end":{"line":25,"column":24}},"11":{"start":{"line":26,"column":2},"end":{"line":28,"column":3}},"12":{"start":{"line":27,"column":4},"end":{"line":27,"column":126}},"13":{"start":{"line":30,"column":23},"end":{"line":30,"column":73}},"14":{"start":{"line":31,"column":2},"end":{"line":33,"column":3}},"15":{"start":{"line":32,"column":4},"end":{"line":32,"column":63}},"16":{"start":{"line":35,"column":2},"end":{"line":40,"column":3}},"17":{"start":{"line":36,"column":28},"end":{"line":36,"column":85}},"18":{"start":{"line":37,"column":4},"end":{"line":39,"column":5}},"19":{"start":{"line":38,"column":6},"end":{"line":38,"column":66}},"20":{"start":{"line":42,"column":26},"end":{"line":42,"column":91}},"21":{"start":{"line":43,"column":2},"end":{"line":45,"column":3}},"22":{"start":{"line":44,"column":4},"end":{"line":44,"column":75}},"23":{"start":{"line":47,"column":25},"end":{"line":47,"column":56}},"24":{"start":{"line":49,"column":18},"end":{"line":61,"column":4}},"25":{"start":{"line":63,"column":2},"end":{"line":70,"column":3}},"26":{"start":{"line":64,"column":4},"end":{"line":69,"column":7}},"27":{"start":{"line":72,"column":2},"end":{"line":76,"column":5}},"28":{"start":{"line":79,"column":14},"end":{"line":155,"column":2}},"29":{"start":{"line":80,"column":16},"end":{"line":80,"column":65}},"30":{"start":{"line":81,"column":23},"end":{"line":81,"column":31}},"31":{"start":{"line":83,"column":17},"end":{"line":83,"column":43}},"32":{"start":{"line":84,"column":2},"end":{"line":84,"column":58}},"33":{"start":{"line":86,"column":30},"end":{"line":88,"column":4}},"34":{"start":{"line":90,"column":2},"end":{"line":92,"column":3}},"35":{"start":{"line":91,"column":4},"end":{"line":91,"column":78}},"36":{"start":{"line":94,"column":2},"end":{"line":96,"column":3}},"37":{"start":{"line":95,"column":4},"end":{"line":95,"column":84}},"38":{"start":{"line":98,"column":15},"end":{"line":105,"column":4}},"39":{"start":{"line":107,"column":2},"end":{"line":107,"column":77}},"40":{"start":{"line":109,"column":2},"end":{"line":112,"column":3}},"41":{"start":{"line":110,"column":4},"end":{"line":110,"column":62}},"42":{"start":{"line":111,"column":4},"end":{"line":111,"column":70}},"43":{"start":{"line":114,"column":2},"end":{"line":130,"column":3}},"44":{"start":{"line":115,"column":4},"end":{"line":115,"column":53}},"45":{"start":{"line":116,"column":26},"end":{"line":116,"column":34}},"46":{"start":{"line":117,"column":4},"end":{"line":123,"column":5}},"47":{"start":{"line":118,"column":6},"end":{"line":122,"column":9}},"48":{"start":{"line":124,"column":27},"end":{"line":124,"column":62}},"49":{"start":{"line":125,"column":20},"end":{"line":125,"column":63}},"50":{"start":{"line":126,"column":4},"end":{"line":129,"column":5}},"51":{"start":{"line":127,"column":6},"end":{"line":127,"column":60}},"52":{"start":{"line":128,"column":6},"end":{"line":128,"column":63}},"53":{"start":{"line":132,"column":2},"end":{"line":132,"column":63}},"54":{"start":{"line":133,"column":22},"end":{"line":133,"column":69}},"55":{"start":{"line":134,"column":23},"end":{"line":134,"column":58}},"56":{"start":{"line":136,"column":2},"end":{"line":136,"column":75}},"57":{"start":{"line":137,"column":2},"end":{"line":137,"column":49}},"58":{"start":{"line":139,"column":2},"end":{"line":154,"column":5}},"59":{"start":{"line":157,"column":16},"end":{"line":180,"column":2}},"60":{"start":{"line":158,"column":28},"end":{"line":158,"column":39}},"61":{"start":{"line":160,"column":2},"end":{"line":162,"column":3}},"62":{"start":{"line":161,"column":4},"end":{"line":161,"column":66}},"63":{"start":{"line":164,"column":19},"end":{"line":167,"column":4}},"64":{"start":{"line":169,"column":2},"end":{"line":172,"column":3}},"65":{"start":{"line":170,"column":4},"end":{"line":170,"column":83}},"66":{"start":{"line":170,"column":18},"end":{"line":170,"column":83}},"67":{"start":{"line":171,"column":4},"end":{"line":171,"column":77}},"68":{"start":{"line":174,"column":22},"end":{"line":174,"column":87}},"69":{"start":{"line":176,"column":2},"end":{"line":179,"column":5}},"70":{"start":{"line":182,"column":15},"end":{"line":190,"column":2}},"71":{"start":{"line":183,"column":28},"end":{"line":183,"column":39}},"72":{"start":{"line":184,"column":2},"end":{"line":186,"column":3}},"73":{"start":{"line":185,"column":4},"end":{"line":185,"column":78}},"74":{"start":{"line":188,"column":2},"end":{"line":188,"column":66}},"75":{"start":{"line":189,"column":2},"end":{"line":189,"column":66}},"76":{"start":{"line":192,"column":14},"end":{"line":215,"column":2}},"77":{"start":{"line":193,"column":15},"end":{"line":200,"column":4}},"78":{"start":{"line":202,"column":2},"end":{"line":204,"column":3}},"79":{"start":{"line":203,"column":4},"end":{"line":203,"column":60}},"80":{"start":{"line":206,"column":73},"end":{"line":206,"column":77}},"81":{"start":{"line":208,"column":2},"end":{"line":214,"column":5}},"82":{"start":{"line":217,"column":20},"end":{"line":253,"column":2}},"83":{"start":{"line":218,"column":19},"end":{"line":218,"column":22}},"84":{"start":{"line":219,"column":21},"end":{"line":219,"column":30}},"85":{"start":{"line":220,"column":14},"end":{"line":220,"column":16}},"86":{"start":{"line":221,"column":2},"end":{"line":223,"column":3}},"87":{"start":{"line":222,"column":4},"end":{"line":222,"column":26}},"88":{"start":{"line":225,"column":2},"end":{"line":244,"column":3}},"89":{"start":{"line":226,"column":18},"end":{"line":229,"column":6}},"90":{"start":{"line":230,"column":4},"end":{"line":235,"column":5}},"91":{"start":{"line":231,"column":19},"end":{"line":233,"column":8}},"92":{"start":{"line":234,"column":6},"end":{"line":234,"column":55}},"93":{"start":{"line":236,"column":9},"end":{"line":244,"column":3}},"94":{"start":{"line":237,"column":18},"end":{"line":240,"column":6}},"95":{"start":{"line":241,"column":4},"end":{"line":243,"column":5}},"96":{"start":{"line":242,"column":6},"end":{"line":242,"column":53}},"97":{"start":{"line":246,"column":19},"end":{"line":250,"column":4}},"98":{"start":{"line":252,"column":2},"end":{"line":252,"column":46}},"99":{"start":{"line":255,"column":23},"end":{"line":314,"column":2}},"100":{"start":{"line":256,"column":17},"end":{"line":256,"column":27}},"101":{"start":{"line":258,"column":18},"end":{"line":260,"column":4}},"102":{"start":{"line":262,"column":2},"end":{"line":264,"column":3}},"103":{"start":{"line":263,"column":4},"end":{"line":263,"column":56}},"104":{"start":{"line":266,"column":17},"end":{"line":305,"column":4}},"105":{"start":{"line":267,"column":17},"end":{"line":274,"column":6}},"106":{"start":{"line":276,"column":4},"end":{"line":297,"column":5}},"107":{"start":{"line":277,"column":6},"end":{"line":287,"column":9}},"108":{"start":{"line":288,"column":11},"end":{"line":297,"column":5}},"109":{"start":{"line":289,"column":6},"end":{"line":296,"column":9}},"110":{"start":{"line":299,"column":4},"end":{"line":302,"column":7}},"111":{"start":{"line":304,"column":4},"end":{"line":304,"column":16}},"112":{"start":{"line":307,"column":2},"end":{"line":311,"column":5}},"113":{"start":{"line":313,"column":2},"end":{"line":313,"column":72}},"114":{"start":{"line":316,"column":22},"end":{"line":326,"column":2}},"115":{"start":{"line":317,"column":17},"end":{"line":317,"column":27}},"116":{"start":{"line":318,"column":21},"end":{"line":318,"column":29}},"117":{"start":{"line":320,"column":2},"end":{"line":323,"column":5}},"118":{"start":{"line":325,"column":2},"end":{"line":325,"column":59}},"119":{"start":{"line":328,"column":0},"end":{"line":337,"column":2}}},"fnMap":{"0":{"name":"(anonymous_0)","decl":{"start":{"line":9,"column":23},"end":{"line":9,"column":24}},"loc":{"start":{"line":9,"column":59},"end":{"line":21,"column":1}},"line":9},"1":{"name":"(anonymous_1)","decl":{"start":{"line":23,"column":28},"end":{"line":23,"column":29}},"loc":{"start":{"line":23,"column":54},"end":{"line":77,"column":1}},"line":23},"2":{"name":"(anonymous_2)","decl":{"start":{"line":79,"column":25},"end":{"line":79,"column":26}},"loc":{"start":{"line":79,"column":51},"end":{"line":155,"column":1}},"line":79},"3":{"name":"(anonymous_3)","decl":{"start":{"line":157,"column":27},"end":{"line":157,"column":28}},"loc":{"start":{"line":157,"column":53},"end":{"line":180,"column":1}},"line":157},"4":{"name":"(anonymous_4)","decl":{"start":{"line":182,"column":26},"end":{"line":182,"column":27}},"loc":{"start":{"line":182,"column":52},"end":{"line":190,"column":1}},"line":182},"5":{"name":"(anonymous_5)","decl":{"start":{"line":192,"column":25},"end":{"line":192,"column":26}},"loc":{"start":{"line":192,"column":51},"end":{"line":215,"column":1}},"line":192},"6":{"name":"(anonymous_6)","decl":{"start":{"line":217,"column":31},"end":{"line":217,"column":32}},"loc":{"start":{"line":217,"column":57},"end":{"line":253,"column":1}},"line":217},"7":{"name":"(anonymous_7)","decl":{"start":{"line":255,"column":34},"end":{"line":255,"column":35}},"loc":{"start":{"line":255,"column":60},"end":{"line":314,"column":1}},"line":255},"8":{"name":"(anonymous_8)","decl":{"start":{"line":266,"column":43},"end":{"line":266,"column":44}},"loc":{"start":{"line":266,"column":57},"end":{"line":305,"column":3}},"line":266},"9":{"name":"(anonymous_9)","decl":{"start":{"line":316,"column":33},"end":{"line":316,"column":34}},"loc":{"start":{"line":316,"column":59},"end":{"line":326,"column":1}},"line":316}},"branchMap":{"0":{"loc":{"start":{"line":26,"column":2},"end":{"line":28,"column":3}},"type":"if","locations":[{"start":{"line":26,"column":2},"end":{"line":28,"column":3}},{"start":{},"end":{}}],"line":26},"1":{"loc":{"start":{"line":26,"column":6},"end":{"line":26,"column":50}},"type":"binary-expr","locations":[{"start":{"line":26,"column":6},"end":{"line":26,"column":19}},{"start":{"line":26,"column":23},"end":{"line":26,"column":50}}],"line":26},"2":{"loc":{"start":{"line":31,"column":2},"end":{"line":33,"column":3}},"type":"if","locations":[{"start":{"line":31,"column":2},"end":{"line":33,"column":3}},{"start":{},"end":{}}],"line":31},"3":{"loc":{"start":{"line":35,"column":2},"end":{"line":40,"column":3}},"type":"if","locations":[{"start":{"line":35,"column":2},"end":{"line":40,"column":3}},{"start":{},"end":{}}],"line":35},"4":{"loc":{"start":{"line":35,"column":6},"end":{"line":35,"column":37}},"type":"binary-expr","locations":[{"start":{"line":35,"column":6},"end":{"line":35,"column":24}},{"start":{"line":35,"column":28},"end":{"line":35,"column":37}}],"line":35},"5":{"loc":{"start":{"line":37,"column":4},"end":{"line":39,"column":5}},"type":"if","locations":[{"start":{"line":37,"column":4},"end":{"line":39,"column":5}},{"start":{},"end":{}}],"line":37},"6":{"loc":{"start":{"line":43,"column":2},"end":{"line":45,"column":3}},"type":"if","locations":[{"start":{"line":43,"column":2},"end":{"line":45,"column":3}},{"start":{},"end":{}}],"line":43},"7":{"loc":{"start":{"line":56,"column":17},"end":{"line":56,"column":54}},"type":"cond-expr","locations":[{"start":{"line":56,"column":38},"end":{"line":56,"column":47}},{"start":{"line":56,"column":50},"end":{"line":56,"column":54}}],"line":56},"8":{"loc":{"start":{"line":57,"column":12},"end":{"line":57,"column":67}},"type":"cond-expr","locations":[{"start":{"line":57,"column":34},"end":{"line":57,"column":59}},{"start":{"line":57,"column":63},"end":{"line":57,"column":67}}],"line":57},"9":{"loc":{"start":{"line":57,"column":34},"end":{"line":57,"column":59}},"type":"cond-expr","locations":[{"start":{"line":57,"column":41},"end":{"line":57,"column":55}},{"start":{"line":57,"column":58},"end":{"line":57,"column":59}}],"line":57},"10":{"loc":{"start":{"line":58,"column":20},"end":{"line":58,"column":64}},"type":"cond-expr","locations":[{"start":{"line":58,"column":35},"end":{"line":58,"column":57}},{"start":{"line":58,"column":60},"end":{"line":58,"column":64}}],"line":58},"11":{"loc":{"start":{"line":59,"column":13},"end":{"line":59,"column":34}},"type":"binary-expr","locations":[{"start":{"line":59,"column":13},"end":{"line":59,"column":26}},{"start":{"line":59,"column":30},"end":{"line":59,"column":34}}],"line":59},"12":{"loc":{"start":{"line":63,"column":2},"end":{"line":70,"column":3}},"type":"if","locations":[{"start":{"line":63,"column":2},"end":{"line":70,"column":3}},{"start":{},"end":{}}],"line":63},"13":{"loc":{"start":{"line":80,"column":23},"end":{"line":80,"column":43}},"type":"binary-expr","locations":[{"start":{"line":80,"column":23},"end":{"line":80,"column":37}},{"start":{"line":80,"column":41},"end":{"line":80,"column":43}}],"line":80},"14":{"loc":{"start":{"line":90,"column":2},"end":{"line":92,"column":3}},"type":"if","locations":[{"start":{"line":90,"column":2},"end":{"line":92,"column":3}},{"start":{},"end":{}}],"line":90},"15":{"loc":{"start":{"line":94,"column":2},"end":{"line":96,"column":3}},"type":"if","locations":[{"start":{"line":94,"column":2},"end":{"line":96,"column":3}},{"start":{},"end":{}}],"line":94},"16":{"loc":{"start":{"line":107,"column":45},"end":{"line":107,"column":73}},"type":"cond-expr","locations":[{"start":{"line":107,"column":52},"end":{"line":107,"column":59}},{"start":{"line":107,"column":62},"end":{"line":107,"column":73}}],"line":107},"17":{"loc":{"start":{"line":109,"column":2},"end":{"line":112,"column":3}},"type":"if","locations":[{"start":{"line":109,"column":2},"end":{"line":112,"column":3}},{"start":{},"end":{}}],"line":109},"18":{"loc":{"start":{"line":109,"column":6},"end":{"line":109,"column":63}},"type":"binary-expr","locations":[{"start":{"line":109,"column":6},"end":{"line":109,"column":11}},{"start":{"line":109,"column":15},"end":{"line":109,"column":63}}],"line":109},"19":{"loc":{"start":{"line":114,"column":2},"end":{"line":130,"column":3}},"type":"if","locations":[{"start":{"line":114,"column":2},"end":{"line":130,"column":3}},{"start":{},"end":{}}],"line":114},"20":{"loc":{"start":{"line":117,"column":4},"end":{"line":123,"column":5}},"type":"if","locations":[{"start":{"line":117,"column":4},"end":{"line":123,"column":5}},{"start":{},"end":{}}],"line":117},"21":{"loc":{"start":{"line":126,"column":4},"end":{"line":129,"column":5}},"type":"if","locations":[{"start":{"line":126,"column":4},"end":{"line":129,"column":5}},{"start":{},"end":{}}],"line":126},"22":{"loc":{"start":{"line":148,"column":17},"end":{"line":148,"column":52}},"type":"binary-expr","locations":[{"start":{"line":148,"column":17},"end":{"line":148,"column":29}},{"start":{"line":148,"column":33},"end":{"line":148,"column":44}},{"start":{"line":148,"column":48},"end":{"line":148,"column":52}}],"line":148},"23":{"loc":{"start":{"line":149,"column":24},"end":{"line":149,"column":51}},"type":"binary-expr","locations":[{"start":{"line":149,"column":24},"end":{"line":149,"column":43}},{"start":{"line":149,"column":47},"end":{"line":149,"column":51}}],"line":149},"24":{"loc":{"start":{"line":150,"column":26},"end":{"line":150,"column":55}},"type":"binary-expr","locations":[{"start":{"line":150,"column":26},"end":{"line":150,"column":47}},{"start":{"line":150,"column":51},"end":{"line":150,"column":55}}],"line":150},"25":{"loc":{"start":{"line":151,"column":28},"end":{"line":151,"column":92}},"type":"binary-expr","locations":[{"start":{"line":151,"column":28},"end":{"line":151,"column":53}},{"start":{"line":151,"column":57},"end":{"line":151,"column":84}},{"start":{"line":151,"column":88},"end":{"line":151,"column":92}}],"line":151},"26":{"loc":{"start":{"line":160,"column":2},"end":{"line":162,"column":3}},"type":"if","locations":[{"start":{"line":160,"column":2},"end":{"line":162,"column":3}},{"start":{},"end":{}}],"line":160},"27":{"loc":{"start":{"line":169,"column":2},"end":{"line":172,"column":3}},"type":"if","locations":[{"start":{"line":169,"column":2},"end":{"line":172,"column":3}},{"start":{},"end":{}}],"line":169},"28":{"loc":{"start":{"line":169,"column":6},"end":{"line":169,"column":50}},"type":"binary-expr","locations":[{"start":{"line":169,"column":6},"end":{"line":169,"column":15}},{"start":{"line":169,"column":19},"end":{"line":169,"column":50}}],"line":169},"29":{"loc":{"start":{"line":170,"column":4},"end":{"line":170,"column":83}},"type":"if","locations":[{"start":{"line":170,"column":4},"end":{"line":170,"column":83}},{"start":{},"end":{}}],"line":170},"30":{"loc":{"start":{"line":184,"column":2},"end":{"line":186,"column":3}},"type":"if","locations":[{"start":{"line":184,"column":2},"end":{"line":186,"column":3}},{"start":{},"end":{}}],"line":184},"31":{"loc":{"start":{"line":202,"column":2},"end":{"line":204,"column":3}},"type":"if","locations":[{"start":{"line":202,"column":2},"end":{"line":204,"column":3}},{"start":{},"end":{}}],"line":202},"32":{"loc":{"start":{"line":221,"column":2},"end":{"line":223,"column":3}},"type":"if","locations":[{"start":{"line":221,"column":2},"end":{"line":223,"column":3}},{"start":{},"end":{}}],"line":221},"33":{"loc":{"start":{"line":221,"column":6},"end":{"line":221,"column":32}},"type":"binary-expr","locations":[{"start":{"line":221,"column":6},"end":{"line":221,"column":12}},{"start":{"line":221,"column":16},"end":{"line":221,"column":32}}],"line":221},"34":{"loc":{"start":{"line":225,"column":2},"end":{"line":244,"column":3}},"type":"if","locations":[{"start":{"line":225,"column":2},"end":{"line":244,"column":3}},{"start":{"line":236,"column":9},"end":{"line":244,"column":3}}],"line":225},"35":{"loc":{"start":{"line":230,"column":4},"end":{"line":235,"column":5}},"type":"if","locations":[{"start":{"line":230,"column":4},"end":{"line":235,"column":5}},{"start":{},"end":{}}],"line":230},"36":{"loc":{"start":{"line":230,"column":8},"end":{"line":230,"column":49}},"type":"binary-expr","locations":[{"start":{"line":230,"column":8},"end":{"line":230,"column":20}},{"start":{"line":230,"column":24},"end":{"line":230,"column":49}}],"line":230},"37":{"loc":{"start":{"line":236,"column":9},"end":{"line":244,"column":3}},"type":"if","locations":[{"start":{"line":236,"column":9},"end":{"line":244,"column":3}},{"start":{},"end":{}}],"line":236},"38":{"loc":{"start":{"line":241,"column":4},"end":{"line":243,"column":5}},"type":"if","locations":[{"start":{"line":241,"column":4},"end":{"line":243,"column":5}},{"start":{},"end":{}}],"line":241},"39":{"loc":{"start":{"line":262,"column":2},"end":{"line":264,"column":3}},"type":"if","locations":[{"start":{"line":262,"column":2},"end":{"line":264,"column":3}},{"start":{},"end":{}}],"line":262},"40":{"loc":{"start":{"line":276,"column":4},"end":{"line":297,"column":5}},"type":"if","locations":[{"start":{"line":276,"column":4},"end":{"line":297,"column":5}},{"start":{"line":288,"column":11},"end":{"line":297,"column":5}}],"line":276},"41":{"loc":{"start":{"line":283,"column":16},"end":{"line":283,"column":33}},"type":"binary-expr","locations":[{"start":{"line":283,"column":16},"end":{"line":283,"column":28}},{"start":{"line":283,"column":32},"end":{"line":283,"column":33}}],"line":283},"42":{"loc":{"start":{"line":285,"column":17},"end":{"line":285,"column":38}},"type":"binary-expr","locations":[{"start":{"line":285,"column":17},"end":{"line":285,"column":30}},{"start":{"line":285,"column":34},"end":{"line":285,"column":38}}],"line":285},"43":{"loc":{"start":{"line":288,"column":11},"end":{"line":297,"column":5}},"type":"if","locations":[{"start":{"line":288,"column":11},"end":{"line":297,"column":5}},{"start":{},"end":{}}],"line":288}},"s":{"0":6,"1":6,"2":6,"3":6,"4":6,"5":6,"6":6,"7":1,"8":6,"9":0,"10":0,"11":0,"12":0,"13":0,"14":0,"15":0,"16":0,"17":0,"18":0,"19":0,"20":0,"21":0,"22":0,"23":0,"24":0,"25":0,"26":0,"27":0,"28":6,"29":3,"30":3,"31":3,"32":3,"33":3,"34":3,"35":0,"36":3,"37":0,"38":3,"39":3,"40":3,"41":2,"42":2,"43":1,"44":0,"45":0,"46":0,"47":0,"48":0,"49":0,"50":0,"51":0,"52":0,"53":1,"54":1,"55":1,"56":1,"57":1,"58":1,"59":6,"60":2,"61":2,"62":0,"63":2,"64":2,"65":1,"66":0,"67":1,"68":1,"69":1,"70":6,"71":1,"72":1,"73":0,"74":1,"75":1,"76":6,"77":1,"78":1,"79":0,"80":1,"81":1,"82":6,"83":0,"84":0,"85":0,"86":0,"87":0,"88":0,"89":0,"90":0,"91":0,"92":0,"93":0,"94":0,"95":0,"96":0,"97":0,"98":0,"99":6,"100":0,"101":0,"102":0,"103":0,"104":0,"105":0,"106":0,"107":0,"108":0,"109":0,"110":0,"111":0,"112":0,"113":0,"114":6,"115":0,"116":0,"117":0,"118":0,"119":6},"f":{"0":1,"1":0,"2":3,"3":2,"4":1,"5":1,"6":0,"7":0,"8":0,"9":0},"b":{"0":[0,0],"1":[0,0],"2":[0,0],"3":[0,0],"4":[0,0],"5":[0,0],"6":[0,0],"7":[0,0],"8":[0,0],"9":[0,0],"10":[0,0],"11":[0,0],"12":[0,0],"13":[3,0],"14":[0,3],"15":[0,3],"16":[2,1],"17":[2,1],"18":[3,2],"19":[0,1],"20":[0,0],"21":[0,0],"22":[1,0,0],"23":[1,1],"24":[1,1],"25":[1,1,1],"26":[0,2],"27":[1,1],"28":[2,1],"29":[0,1],"30":[0,1],"31":[0,1],"32":[0,0],"33":[0,0],"34":[0,0],"35":[0,0],"36":[0,0],"37":[0,0],"38":[0,0],"39":[0,0],"40":[0,0],"41":[0,0],"42":[0,0],"43":[0,0]},"inputSourceMap":null,"_coverageSchema":"1a1c01bbd47fc00a2c39e90264f33305004495a9","hash":"fc320431db32280312f8a4615add950ae1e68bcd"}
,"C:\\Users\\omar4\\Desktop\\University management system\\backend\\src\\controllers\\college.controller.js": {"path":"C:\\Users\\omar4\\Desktop\\University management system\\backend\\src\\controllers\\college.controller.js","statementMap":{"0":{"start":{"line":1,"column":15},"end":{"line":1,"column":47}},"1":{"start":{"line":2,"column":21},"end":{"line":2,"column":52}},"2":{"start":{"line":4,"column":0},"end":{"line":36,"column":2}},"3":{"start":{"line":5,"column":2},"end":{"line":35,"column":3}},"4":{"start":{"line":6,"column":21},"end":{"line":12,"column":6}},"5":{"start":{"line":15,"column":31},"end":{"line":30,"column":5}},"6":{"start":{"line":17,"column":22},"end":{"line":20,"column":10}},"7":{"start":{"line":21,"column":8},"end":{"line":28,"column":10}},"8":{"start":{"line":32,"column":4},"end":{"line":32,"column":58}},"9":{"start":{"line":34,"column":4},"end":{"line":34,"column":69}},"10":{"start":{"line":38,"column":0},"end":{"line":94,"column":2}},"11":{"start":{"line":39,"column":2},"end":{"line":93,"column":3}},"12":{"start":{"line":40,"column":22},"end":{"line":40,"column":45}},"13":{"start":{"line":43,"column":4},"end":{"line":45,"column":5}},"14":{"start":{"line":44,"column":6},"end":{"line":44,"column":80}},"15":{"start":{"line":47,"column":20},"end":{"line":58,"column":6}},"16":{"start":{"line":60,"column":4},"end":{"line":60,"column":96}},"17":{"start":{"line":60,"column":18},"end":{"line":60,"column":96}},"18":{"start":{"line":63,"column":18},"end":{"line":66,"column":6}},"19":{"start":{"line":69,"column":18},"end":{"line":73,"column":45}},"20":{"start":{"line":70,"column":6},"end":{"line":70,"column":48}},"21":{"start":{"line":71,"column":6},"end":{"line":71,"column":46}},"22":{"start":{"line":72,"column":6},"end":{"line":72,"column":17}},"23":{"start":{"line":75,"column":4},"end":{"line":90,"column":7}},"24":{"start":{"line":92,"column":4},"end":{"line":92,"column":69}},"25":{"start":{"line":96,"column":0},"end":{"line":106,"column":2}},"26":{"start":{"line":97,"column":2},"end":{"line":105,"column":3}},"27":{"start":{"line":98,"column":42},"end":{"line":98,"column":50}},"28":{"start":{"line":99,"column":20},"end":{"line":101,"column":6}},"29":{"start":{"line":102,"column":4},"end":{"line":102,"column":59}},"30":{"start":{"line":104,"column":4},"end":{"line":104,"column":69}},"31":{"start":{"line":108,"column":0},"end":{"line":119,"column":2}},"32":{"start":{"line":109,"column":2},"end":{"line":118,"column":3}},"33":{"start":{"line":110,"column":42},"end":{"line":110,"column":50}},"34":{"start":{"line":111,"column":20},"end":{"line":114,"column":6}},"35":{"start":{"line":115,"column":4},"end":{"line":115,"column":47}},"36":{"start":{"line":117,"column":4},"end":{"line":117,"column":69}},"37":{"start":{"line":121,"column":0},"end":{"line":166,"column":2}},"38":{"start":{"line":122,"column":2},"end":{"line":165,"column":3}},"39":{"start":{"line":123,"column":22},"end":{"line":123,"column":45}},"40":{"start":{"line":126,"column":4},"end":{"line":159,"column":7}},"41":{"start":{"line":128,"column":26},"end":{"line":130,"column":8}},"42":{"start":{"line":131,"column":22},"end":{"line":131,"column":48}},"43":{"start":{"line":131,"column":43},"end":{"line":131,"column":47}},"44":{"start":{"line":133,"column":6},"end":{"line":147,"column":7}},"45":{"start":{"line":139,"column":8},"end":{"line":139,"column":112}},"46":{"start":{"line":140,"column":8},"end":{"line":140,"column":111}},"47":{"start":{"line":141,"column":8},"end":{"line":141,"column":111}},"48":{"start":{"line":142,"column":8},"end":{"line":142,"column":109}},"49":{"start":{"line":143,"column":8},"end":{"line":143,"column":94}},"50":{"start":{"line":146,"column":8},"end":{"line":146,"column":65}},"51":{"start":{"line":150,"column":6},"end":{"line":153,"column":9}},"52":{"start":{"line":156,"column":6},"end":{"line":158,"column":9}},"53":{"start":{"line":161,"column":4},"end":{"line":161,"column":62}},"54":{"start":{"line":162,"column":4},"end":{"line":162,"column":93}},"55":{"start":{"line":164,"column":4},"end":{"line":164,"column":69}},"56":{"start":{"line":168,"column":0},"end":{"line":219,"column":2}},"57":{"start":{"line":169,"column":2},"end":{"line":218,"column":3}},"58":{"start":{"line":170,"column":22},"end":{"line":170,"column":45}},"59":{"start":{"line":171,"column":24},"end":{"line":171,"column":32}},"60":{"start":{"line":173,"column":4},"end":{"line":175,"column":5}},"61":{"start":{"line":174,"column":6},"end":{"line":174,"column":87}},"62":{"start":{"line":177,"column":20},"end":{"line":177,"column":81}},"63":{"start":{"line":178,"column":4},"end":{"line":180,"column":5}},"64":{"start":{"line":179,"column":6},"end":{"line":179,"column":84}},"65":{"start":{"line":182,"column":18},"end":{"line":185,"column":6}},"66":{"start":{"line":186,"column":4},"end":{"line":188,"column":5}},"67":{"start":{"line":187,"column":6},"end":{"line":187,"column":81}},"68":{"start":{"line":190,"column":4},"end":{"line":192,"column":5}},"69":{"start":{"line":191,"column":6},"end":{"line":191,"column":119}},"70":{"start":{"line":195,"column":4},"end":{"line":198,"column":7}},"71":{"start":{"line":201,"column":25},"end":{"line":204,"column":6}},"72":{"start":{"line":206,"column":4},"end":{"line":206,"column":68}},"73":{"start":{"line":207,"column":4},"end":{"line":215,"column":7}},"74":{"start":{"line":217,"column":4},"end":{"line":217,"column":69}}},"fnMap":{"0":{"name":"(anonymous_0)","decl":{"start":{"line":4,"column":25},"end":{"line":4,"column":26}},"loc":{"start":{"line":4,"column":45},"end":{"line":36,"column":1}},"line":4},"1":{"name":"(anonymous_1)","decl":{"start":{"line":16,"column":19},"end":{"line":16,"column":20}},"loc":{"start":{"line":16,"column":38},"end":{"line":29,"column":7}},"line":16},"2":{"name":"(anonymous_2)","decl":{"start":{"line":38,"column":25},"end":{"line":38,"column":26}},"loc":{"start":{"line":38,"column":45},"end":{"line":94,"column":1}},"line":38},"3":{"name":"(anonymous_3)","decl":{"start":{"line":69,"column":45},"end":{"line":69,"column":46}},"loc":{"start":{"line":69,"column":60},"end":{"line":73,"column":5}},"line":69},"4":{"name":"(anonymous_4)","decl":{"start":{"line":96,"column":24},"end":{"line":96,"column":25}},"loc":{"start":{"line":96,"column":44},"end":{"line":106,"column":1}},"line":96},"5":{"name":"(anonymous_5)","decl":{"start":{"line":108,"column":24},"end":{"line":108,"column":25}},"loc":{"start":{"line":108,"column":44},"end":{"line":119,"column":1}},"line":108},"6":{"name":"(anonymous_6)","decl":{"start":{"line":121,"column":24},"end":{"line":121,"column":25}},"loc":{"start":{"line":121,"column":44},"end":{"line":166,"column":1}},"line":121},"7":{"name":"(anonymous_7)","decl":{"start":{"line":126,"column":30},"end":{"line":126,"column":31}},"loc":{"start":{"line":126,"column":44},"end":{"line":159,"column":5}},"line":126},"8":{"name":"(anonymous_8)","decl":{"start":{"line":131,"column":38},"end":{"line":131,"column":39}},"loc":{"start":{"line":131,"column":43},"end":{"line":131,"column":47}},"line":131},"9":{"name":"(anonymous_9)","decl":{"start":{"line":168,"column":22},"end":{"line":168,"column":23}},"loc":{"start":{"line":168,"column":42},"end":{"line":219,"column":1}},"line":168}},"branchMap":{"0":{"loc":{"start":{"line":23,"column":25},"end":{"line":27,"column":18}},"type":"cond-expr","locations":[{"start":{"line":23,"column":33},"end":{"line":27,"column":11}},{"start":{"line":27,"column":14},"end":{"line":27,"column":18}}],"line":23},"1":{"loc":{"start":{"line":26,"column":18},"end":{"line":26,"column":99}},"type":"cond-expr","locations":[{"start":{"line":26,"column":33},"end":{"line":26,"column":92}},{"start":{"line":26,"column":95},"end":{"line":26,"column":99}}],"line":26},"2":{"loc":{"start":{"line":43,"column":4},"end":{"line":45,"column":5}},"type":"if","locations":[{"start":{"line":43,"column":4},"end":{"line":45,"column":5}},{"start":{},"end":{}}],"line":43},"3":{"loc":{"start":{"line":43,"column":8},"end":{"line":43,"column":96}},"type":"binary-expr","locations":[{"start":{"line":43,"column":8},"end":{"line":43,"column":16}},{"start":{"line":43,"column":20},"end":{"line":43,"column":53}},{"start":{"line":43,"column":57},"end":{"line":43,"column":96}}],"line":43},"4":{"loc":{"start":{"line":60,"column":4},"end":{"line":60,"column":96}},"type":"if","locations":[{"start":{"line":60,"column":4},"end":{"line":60,"column":96}},{"start":{},"end":{}}],"line":60},"5":{"loc":{"start":{"line":79,"column":23},"end":{"line":83,"column":16}},"type":"cond-expr","locations":[{"start":{"line":79,"column":31},"end":{"line":83,"column":9}},{"start":{"line":83,"column":12},"end":{"line":83,"column":16}}],"line":79},"6":{"loc":{"start":{"line":82,"column":16},"end":{"line":82,"column":97}},"type":"cond-expr","locations":[{"start":{"line":82,"column":31},"end":{"line":82,"column":90}},{"start":{"line":82,"column":93},"end":{"line":82,"column":97}}],"line":82},"7":{"loc":{"start":{"line":133,"column":6},"end":{"line":147,"column":7}},"type":"if","locations":[{"start":{"line":133,"column":6},"end":{"line":147,"column":7}},{"start":{},"end":{}}],"line":133},"8":{"loc":{"start":{"line":173,"column":4},"end":{"line":175,"column":5}},"type":"if","locations":[{"start":{"line":173,"column":4},"end":{"line":175,"column":5}},{"start":{},"end":{}}],"line":173},"9":{"loc":{"start":{"line":178,"column":4},"end":{"line":180,"column":5}},"type":"if","locations":[{"start":{"line":178,"column":4},"end":{"line":180,"column":5}},{"start":{},"end":{}}],"line":178},"10":{"loc":{"start":{"line":186,"column":4},"end":{"line":188,"column":5}},"type":"if","locations":[{"start":{"line":186,"column":4},"end":{"line":188,"column":5}},{"start":{},"end":{}}],"line":186},"11":{"loc":{"start":{"line":190,"column":4},"end":{"line":192,"column":5}},"type":"if","locations":[{"start":{"line":190,"column":4},"end":{"line":192,"column":5}},{"start":{},"end":{}}],"line":190},"12":{"loc":{"start":{"line":213,"column":14},"end":{"line":213,"column":116}},"type":"cond-expr","locations":[{"start":{"line":213,"column":36},"end":{"line":213,"column":109}},{"start":{"line":213,"column":112},"end":{"line":213,"column":116}}],"line":213}},"s":{"0":6,"1":6,"2":6,"3":0,"4":0,"5":0,"6":0,"7":0,"8":0,"9":0,"10":6,"11":0,"12":0,"13":0,"14":0,"15":0,"16":0,"17":0,"18":0,"19":0,"20":0,"21":0,"22":0,"23":0,"24":0,"25":6,"26":0,"27":0,"28":0,"29":0,"30":0,"31":6,"32":0,"33":0,"34":0,"35":0,"36":0,"37":6,"38":0,"39":0,"40":0,"41":0,"42":0,"43":0,"44":0,"45":0,"46":0,"47":0,"48":0,"49":0,"50":0,"51":0,"52":0,"53":0,"54":0,"55":0,"56":6,"57":0,"58":0,"59":0,"60":0,"61":0,"62":0,"63":0,"64":0,"65":0,"66":0,"67":0,"68":0,"69":0,"70":0,"71":0,"72":0,"73":0,"74":0},"f":{"0":0,"1":0,"2":0,"3":0,"4":0,"5":0,"6":0,"7":0,"8":0,"9":0},"b":{"0":[0,0],"1":[0,0],"2":[0,0],"3":[0,0,0],"4":[0,0],"5":[0,0],"6":[0,0],"7":[0,0],"8":[0,0],"9":[0,0],"10":[0,0],"11":[0,0],"12":[0,0]},"inputSourceMap":null,"_coverageSchema":"1a1c01bbd47fc00a2c39e90264f33305004495a9","hash":"cc4b8f7cb56fb0d2d04b1205c2b56c9774d132e1"}
[...]
":4},"end":{"line":24,"column":73}},"23":{"start":{"line":24,"column":33},"end":{"line":24,"column":73}},"24":{"start":{"line":25,"column":4},"end":{"line":25,"column":79}},"25":{"start":{"line":25,"column":29},"end":{"line":25,"column":79}},"26":{"start":{"line":26,"column":4},"end":{"line":26,"column":93}},"27":{"start":{"line":26,"column":31},"end":{"line":26,"column":93}},"28":{"start":{"line":27,"column":4},"end":{"line":27,"column":89}},"29":{"start":{"line":27,"column":27},"end":{"line":27,"column":89}},"30":{"start":{"line":28,"column":4},"end":{"line":28,"column":80}},"31":{"start":{"line":28,"column":30},"end":{"line":28,"column":80}},"32":{"start":{"line":29,"column":4},"end":{"line":29,"column":79}},"33":{"start":{"line":29,"column":29},"end":{"line":29,"column":79}},"34":{"start":{"line":30,"column":4},"end":{"line":30,"column":82}},"35":{"start":{"line":30,"column":32},"end":{"line":30,"column":82}},"36":{"start":{"line":31,"column":4},"end":{"line":31,"column":54}},"37":{"start":{"line":35,"column":2},"end":{"line":44,"column":3}},"38":{"start":{"line":36,"column":4},"end":{"line":36,"column":77}},"39":{"start":{"line":36,"column":33},"end":{"line":36,"column":77}},"40":{"start":{"line":37,"column":4},"end":{"line":37,"column":89}},"41":{"start":{"line":37,"column":29},"end":{"line":37,"column":89}},"42":{"start":{"line":38,"column":4},"end":{"line":38,"column":103}},"43":{"start":{"line":38,"column":31},"end":{"line":38,"column":103}},"44":{"start":{"line":39,"column":4},"end":{"line":39,"column":99}},"45":{"start":{"line":39,"column":27},"end":{"line":39,"column":99}},"46":{"start":{"line":40,"column":4},"end":{"line":40,"column":90}},"47":{"start":{"line":40,"column":30},"end":{"line":40,"column":90}},"48":{"start":{"line":41,"column":4},"end":{"line":41,"column":89}},"49":{"start":{"line":41,"column":29},"end":{"line":41,"column":89}},"50":{"start":{"line":42,"column":4},"end":{"line":42,"column":92}},"51":{"start":{"line":42,"column":32},"end":{"line":42,"column":92}},"52":{"start":{"line":43,"column":4},"end":{"line":43,"column":64}},"53":{"start":{"line":46,"column":2},"end":{"line":46,"column":12}},"54":{"start":{"line":49,"column":0},"end":{"line":49,"column":35}}},"fnMap":{"0":{"name":"(anonymous_0)","decl":{"start":{"line":1,"column":22},"end":{"line":1,"column":23}},"loc":{"start":{"line":1,"column":40},"end":{"line":47,"column":1}},"line":1}},"branchMap":{"0":{"loc":{"start":{"line":3,"column":2},"end":{"line":3,"column":23}},"type":"if","locations":[{"start":{"line":3,"column":2},"end":{"line":3,"column":23}},{"start":{},"end":{}}],"line":3},"1":{"loc":{"start":{"line":6,"column":2},"end":{"line":6,"column":45}},"type":"if","locations":[{"start":{"line":6,"column":2},"end":{"line":6,"column":45}},{"start":{},"end":{}}],"line":6},"2":{"loc":{"start":{"line":9,"column":2},"end":{"line":19,"column":3}},"type":"if","locations":[{"start":{"line":9,"column":2},"end":{"line":19,"column":3}},{"start":{},"end":{}}],"line":9},"3":{"loc":{"start":{"line":9,"column":6},"end":{"line":9,"column":60}},"type":"binary-expr","locations":[{"start":{"line":9,"column":6},"end":{"line":9,"column":35}},{"start":{"line":9,"column":39},"end":{"line":9,"column":60}}],"line":9},"4":{"loc":{"start":{"line":11,"column":4},"end":{"line":11,"column":77}},"type":"if","locations":[{"start":{"line":11,"column":4},"end":{"line":11,"column":77}},{"start":{},"end":{}}],"line":11},"5":{"loc":{"start":{"line":12,"column":4},"end":{"line":12,"column":89}},"type":"if","locations":[{"start":{"line":12,"column":4},"end":{"line":12,"column":89}},{"start":{},"end":{}}],"line":12},"6":{"loc":{"start":{"line":13,"column":4},"end":{"line":13,"column":103}},"type":"if","locations":[{"start":{"line":13,"column":4},"end":{"line":13,"column":103}},{"start":{},"end":{}}],"line":13},"7":{"loc":{"start":{"line":14,"column":4},"end":{"line":14,"column":99}},"type":"if","locations":[{"start":{"line":14,"column":4},"end":{"line":14,"column":99}},{"start":{},"end":{}}],"line":14},"8":{"loc":{"start":{"line":15,"column":4},"end":{"line":15,"column":90}},"type":"if","locations":[{"start":{"line":15,"column":4},"end":{"line":15,"column":90}},{"start":{},"end":{}}],"line":15},"9":{"loc":{"start":{"line":16,"column":4},"end":{"line":16,"column":89}},"type":"if","locations":[{"start":{"line":16,"column":4},"end":{"line":16,"column":89}},{"start":{},"end":{}}],"line":16},"10":{"loc":{"start":{"line":17,"column":4},"end":{"line":17,"column":92}},"type":"if","locations":[{"start":{"line":17,"column":4},"end":{"line":17,"column":92}},{"start":{},"end":{}}],"line":17},"11":{"loc":{"start":{"line":22,"column":2},"end":{"line":32,"column":3}},"type":"if","locations":[{"start":{"line":22,"column":2},"end":{"line":32,"column":3}},{"start":{},"end":{}}],"line":22},"12":{"loc":{"start":{"line":22,"column":6},"end":{"line":22,"column":66}},"type":"binary-expr","locations":[{"start":{"line":22,"column":6},"end":{"line":22,"column":38}},{"start":{"line":22,"column":42},"end":{"line":22,"column":66}}],"line":22},"13":{"loc":{"start":{"line":24,"column":4},"end":{"line":24,"column":73}},"type":"if","locations":[{"start":{"line":24,"column":4},"end":{"line":24,"column":73}},{"start":{},"end":{}}],"line":24},"14":{"loc":{"start":{"line":25,"column":4},"end":{"line":25,"column":79}},"type":"if","locations":[{"start":{"line":25,"column":4},"end":{"line":25,"column":79}},{"start":{},"end":{}}],"line":25},"15":{"loc":{"start":{"line":26,"column":4},"end":{"line":26,"column":93}},"type":"if","locations":[{"start":{"line":26,"column":4},"end":{"line":26,"column":93}},{"start":{},"end":{}}],"line":26},"16":{"loc":{"start":{"line":27,"column":4},"end":{"line":27,"column":89}},"type":"if","locations":[{"start":{"line":27,"column":4},"end":{"line":27,"column":89}},{"start":{},"end":{}}],"line":27},"17":{"loc":{"start":{"line":28,"column":4},"end":{"line":28,"column":80}},"type":"if","locations":[{"start":{"line":28,"column":4},"end":{"line":28,"column":80}},{"start":{},"end":{}}],"line":28},"18":{"loc":{"start":{"line":29,"column":4},"end":{"line":29,"column":79}},"type":"if","locations":[{"start":{"line":29,"column":4},"end":{"line":29,"column":79}},{"start":{},"end":{}}],"line":29},"19":{"loc":{"start":{"line":30,"column":4},"end":{"line":30,"column":82}},"type":"if","locations":[{"start":{"line":30,"column":4},"end":{"line":30,"column":82}},{"start":{},"end":{}}],"line":30},"20":{"loc":{"start":{"line":35,"column":2},"end":{"line":44,"column":3}},"type":"if","locations":[{"start":{"line":35,"column":2},"end":{"line":44,"column":3}},{"start":{},"end":{}}],"line":35},"21":{"loc":{"start":{"line":35,"column":6},"end":{"line":35,"column":52}},"type":"binary-expr","locations":[{"start":{"line":35,"column":6},"end":{"line":35,"column":27}},{"start":{"line":35,"column":31},"end":{"line":35,"column":52}}],"line":35},"22":{"loc":{"start":{"line":36,"column":4},"end":{"line":36,"column":77}},"type":"if","locations":[{"start":{"line":36,"column":4},"end":{"line":36,"column":77}},{"start":{},"end":{}}],"line":36},"23":{"loc":{"start":{"line":37,"column":4},"end":{"line":37,"column":89}},"type":"if","locations":[{"start":{"line":37,"column":4},"end":{"line":37,"column":89}},{"start":{},"end":{}}],"line":37},"24":{"loc":{"start":{"line":38,"column":4},"end":{"line":38,"column":103}},"type":"if","locations":[{"start":{"line":38,"column":4},"end":{"line":38,"column":103}},{"start":{},"end":{}}],"line":38},"25":{"loc":{"start":{"line":39,"column":4},"end":{"line":39,"column":99}},"type":"if","locations":[{"start":{"line":39,"column":4},"end":{"line":39,"column":99}},{"start":{},"end":{}}],"line":39},"26":{"loc":{"start":{"line":40,"column":4},"end":{"line":40,"column":90}},"type":"if","locations":[{"start":{"line":40,"column":4},"end":{"line":40,"column":90}},{"start":{},"end":{}}],"line":40},"27":{"loc":{"start":{"line":41,"column":4},"end":{"line":41,"column":89}},"type":"if","locations":[{"start":{"line":41,"column":4},"end":{"line":41,"column":89}},{"start":{},"end":{}}],"line":41},"28":{"loc":{"start":{"line":42,"column":4},"end":{"line":42,"column":92}},"type":"if","locations":[{"start":{"line":42,"column":4},"end":{"line":42,"column":92}},{"start":{},"end":{}}],"line":42}},"s":{"0":6,"1":12,"2":0,"3":12,"4":11,"5":1,"6":0,"7":0,"8":0,"9":0,"10":0,"11":0,"12":0,"13":0,"14":0,"15":0,"16":0,"17":0,"18":0,"19":0,"20":0,"21":1,"22":0,"23":0,"24":0,"25":0,"26":0,"27":0,"28":0,"29":0,"30":0,"31":0,"32":0,"33":0,"34":0,"35":0,"36":0,"37":1,"38":0,"39":0,"40":0,"41":0,"42":0,"43":0,"44":0,"45":0,"46":0,"47":0,"48":0,"49":0,"50":0,"51":0,"52":0,"53":1,"54":6},"f":{"0":12},"b":{"0":[0,12],"1":[11,1],"2":[0,1],"3":[1,0],"4":[0,0],"5":[0,0],"6":[0,0],"7":[0,0],"8":[0,0],"9":[0,0],"10":[0,0],"11":[0,1],"12":[1,1],"13":[0,0],"14":[0,0],"15":[0,0],"16":[0,0],"17":[0,0],"18":[0,0],"19":[0,0],"20":[0,1],"21":[1,0],"22":[0,0],"23":[0,0],"24":[0,0],"25":[0,0],"26":[0,0],"27":[0,0],"28":[0,0]},"inputSourceMap":null,"_coverageSchema":"1a1c01bbd47fc00a2c39e90264f33305004495a9","hash":"2c3c9f1fb53b052eb216ef0d4aa9f39068e376bc"}
,"C:\\Users\\omar4\\Desktop\\University management system\\backend\\src\\utils\\socket.js": {"path":"C:\\Users\\omar4\\Desktop\\University management system\\backend\\src\\utils\\socket.js","statementMap":{"0":{"start":{"line":1,"column":19},"end":{"line":1,"column":39}},"1":{"start":{"line":2,"column":24},"end":{"line":2,"column":46}},"2":{"start":{"line":3,"column":15},"end":{"line":3,"column":34}},"3":{"start":{"line":11,"column":19},"end":{"line":53,"column":1}},"4":{"start":{"line":12,"column":2},"end":{"line":18,"column":5}},"5":{"start":{"line":21,"column":2},"end":{"line":34,"column":5}},"6":{"start":{"line":22,"column":18},"end":{"line":22,"column":45}},"7":{"start":{"line":23,"column":4},"end":{"line":25,"column":5}},"8":{"start":{"line":24,"column":6},"end":{"line":24,"column":72}},"9":{"start":{"line":27,"column":4},"end":{"line":33,"column":5}},"10":{"start":{"line":28,"column":22},"end":{"line":28,"column":40}},"11":{"start":{"line":29,"column":6},"end":{"line":29,"column":28}},"12":{"start":{"line":30,"column":6},"end":{"line":30,"column":13}},"13":{"start":{"line":32,"column":6},"end":{"line":32,"column":61}},"14":{"start":{"line":36,"column":2},"end":{"line":50,"column":5}},"15":{"start":{"line":37,"column":4},"end":{"line":37,"column":62}},"16":{"start":{"line":40,"column":4},"end":{"line":40,"column":42}},"17":{"start":{"line":43,"column":4},"end":{"line":45,"column":5}},"18":{"start":{"line":44,"column":6},"end":{"line":44,"column":46}},"19":{"start":{"line":47,"column":4},"end":{"line":49,"column":7}},"20":{"start":{"line":48,"column":6},"end":{"line":48,"column":67}},"21":{"start":{"line":52,"column":2},"end":{"line":52,"column":12}},"22":{"start":{"line":58,"column":14},"end":{"line":63,"column":1}},"23":{"start":{"line":59,"column":2},"end":{"line":61,"column":3}},"24":{"start":{"line":60,"column":4},"end":{"line":60,"column":50}},"25":{"start":{"line":62,"column":2},"end":{"line":62,"column":12}},"26":{"start":{"line":68,"column":19},"end":{"line":72,"column":1}},"27":{"start":{"line":69,"column":2},"end":{"line":71,"column":3}},"28":{"start":{"line":70,"column":4},"end":{"line":70,"column":46}},"29":{"start":{"line":77,"column":24},"end":{"line":81,"column":1}},"30":{"start":{"line":78,"column":2},"end":{"line":80,"column":3}},"31":{"start":{"line":79,"column":4},"end":{"line":79,"column":44}},"32":{"start":{"line":83,"column":0},"end":{"line":88,"column":2}}},"fnMap":{"0":{"name":"(anonymous_0)","decl":{"start":{"line":11,"column":19},"end":{"line":11,"column":20}},"loc":{"start":{"line":11,"column":31},"end":{"line":53,"column":1}},"line":11},"1":{"name":"(anonymous_1)","decl":{"start":{"line":21,"column":9},"end":{"line":21,"column":10}},"loc":{"start":{"line":21,"column":27},"end":{"line":34,"column":3}},"line":21},"2":{"name":"(anonymous_2)","decl":{"start":{"line":36,"column":22},"end":{"line":36,"column":23}},"loc":{"start":{"line":36,"column":34},"end":{"line":50,"column":3}},"line":36},"3":{"name":"(anonymous_3)","decl":{"start":{"line":47,"column":28},"end":{"line":47,"column":29}},"loc":{"start":{"line":47,"column":34},"end":{"line":49,"column":5}},"line":47},"4":{"name":"(anonymous_4)","decl":{"start":{"line":58,"column":14},"end":{"line":58,"column":15}},"loc":{"start":{"line":58,"column":20},"end":{"line":63,"column":1}},"line":58},"5":{"name":"(anonymous_5)","decl":{"start":{"line":68,"column":19},"end":{"line":68,"column":20}},"loc":{"start":{"line":68,"column":44},"end":{"line":72,"column":1}},"line":68},"6":{"name":"(anonymous_6)","decl":{"start":{"line":77,"column":24},"end":{"line":77,"column":25}},"loc":{"start":{"line":77,"column":47},"end":{"line":81,"column":1}},"line":77}},"branchMap":{"0":{"loc":{"start":{"line":14,"column":14},"end":{"line":14,"column":110}},"type":"cond-expr","locations":[{"start":{"line":14,"column":44},"end":{"line":14,"column":82}},{"start":{"line":14,"column":85},"end":{"line":14,"column":110}}],"line":14},"1":{"loc":{"start":{"line":23,"column":4},"end":{"line":25,"column":5}},"type":"if","locations":[{"start":{"line":23,"column":4},"end":{"line":25,"column":5}},{"start":{},"end":{}}],"line":23},"2":{"loc":{"start":{"line":43,"column":4},"end":{"line":45,"column":5}},"type":"if","locations":[{"start":{"line":43,"column":4},"end":{"line":45,"column":5}},{"start":{},"end":{}}],"line":43},"3":{"loc":{"start":{"line":59,"column":2},"end":{"line":61,"column":3}},"type":"if","locations":[{"start":{"line":59,"column":2},"end":{"line":61,"column":3}},{"start":{},"end":{}}],"line":59},"4":{"loc":{"start":{"line":69,"column":2},"end":{"line":71,"column":3}},"type":"if","locations":[{"start":{"line":69,"column":2},"end":{"line":71,"column":3}},{"start":{},"end":{}}],"line":69},"5":{"loc":{"start":{"line":78,"column":2},"end":{"line":80,"column":3}},"type":"if","locations":[{"start":{"line":78,"column":2},"end":{"line":80,"column":3}},{"start":{},"end":{}}],"line":78}},"s":{"0":0,"1":0,"2":0,"3":0,"4":0,"5":0,"6":0,"7":0,"8":0,"9":0,"10":0,"11":0,"12":0,"13":0,"14":0,"15":0,"16":0,"17":0,"18":0,"19":0,"20":0,"21":0,"22":0,"23":0,"24":0,"25":0,"26":0,"27":0,"28":0,"29":0,"30":0,"31":0,"32":0},"f":{"0":0,"1":0,"2":0,"3":0,"4":0,"5":0,"6":0},"b":{"0":[0,0],"1":[0,0],"2":[0,0],"3":[0,0],"4":[0,0],"5":[0,0]},"inputSourceMap":null}
,"C:\\Users\\omar4\\Desktop\\University management system\\backend\\src\\utils\\swagger.js": {"path":"C:\\Users\\omar4\\Desktop\\University management system\\backend\\src\\utils\\swagger.js","statementMap":{"0":{"start":{"line":1,"column":21},"end":{"line":1,"column":45}},"1":{"start":{"line":3,"column":16},"end":{"line":55,"column":1}},"2":{"start":{"line":57,"column":14},"end":{"line":57,"column":35}},"3":{"start":{"line":58,"column":0},"end":{"line":58,"column":23}}},"fnMap":{},"branchMap":{},"s":{"0":6,"1":6,"2":6,"3":6},"f":{},"b":{},"inputSourceMap":null,"_coverageSchema":"1a1c01bbd47fc00a2c39e90264f33305004495a9","hash":"c03ca8d60f47717766ce45ee15fe3862edfb6a95"}
,"C:\\Users\\omar4\\Desktop\\University management system\\backend\\src\\utils\\twoFactor.utils.js": {"path":"C:\\Users\\omar4\\Desktop\\University management system\\backend\\src\\utils\\twoFactor.utils.js","statementMap":{"0":{"start":{"line":1,"column":18},"end":{"line":1,"column":38}},"1":{"start":{"line":2,"column":15},"end":{"line":2,"column":32}},"2":{"start":{"line":4,"column":27},"end":{"line":10,"column":1}},"3":{"start":{"line":5,"column":2},"end":{"line":9,"column":5}},"4":{"start":{"line":12,"column":19},"end":{"line":19,"column":1}},"5":{"start":{"line":13,"column":2},"end":{"line":18,"column":5}},"6":{"start":{"line":21,"column":26},"end":{"line":23,"column":1}},"7":{"start":{"line":22,"column":2},"end":{"line":22,"column":38}},"8":{"start":{"line":25,"column":0},"end":{"line":25,"column":71}}},"fnMap":{"0":{"name":"(anonymous_0)","decl":{"start":{"line":4,"column":27},"end":{"line":4,"column":28}},"loc":{"start":{"line":4,"column":42},"end":{"line":10,"column":1}},"line":4},"1":{"name":"(anonymous_1)","decl":{"start":{"line":12,"column":19},"end":{"line":12,"column":20}},"loc":{"start":{"line":12,"column":38},"end":{"line":19,"column":1}},"line":12},"2":{"name":"(anonymous_2)","decl":{"start":{"line":21,"column":26},"end":{"line":21,"column":27}},"loc":{"start":{"line":21,"column":48},"end":{"line":23,"column":1}},"line":21}},"branchMap":{},"s":{"0":0,"1":0,"2":0,"3":0,"4":0,"5":0,"6":0,"7":0,"8":0},"f":{"0":0,"1":0,"2":0},"b":{},"inputSourceMap":null}
,"C:\\Users\\omar4\\Desktop\\University management system\\backend\\src\\validations\\academic.validation.js": {"path":"C:\\Users\\omar4\\Desktop\\University management system\\backend\\src\\validations\\academic.validation.js","statementMap":{"0":{"start":{"line":1,"column":24},"end":{"line":1,"column":52}},"1":{"start":{"line":3,"column":26},"end":{"line":14,"column":1}},"2":{"start":{"line":16,"column":25},"end":{"line":26,"column":1}},"3":{"start":{"line":28,"column":25},"end":{"line":38,"column":1}},"4":{"start":{"line":40,"column":26},"end":{"line":42,"column":1}},"5":{"start":{"line":44,"column":0},"end":{"line":49,"column":2}}},"fnMap":{},"branchMap":{},"s":{"0":6,"1":6,"2":6,"3":6,"4":6,"5":6},"f":{},"b":{},"inputSourceMap":null,"_coverageSchema":"1a1c01bbd47fc00a2c39e90264f33305004495a9","hash":"89b1da9408745a89e81812c1fe6854b48d286534"}
,"C:\\Users\\omar4\\Desktop\\University management system\\backend\\src\\validations\\admin.validation.js": {"path":"C:\\Users\\omar4\\Desktop\\University management system\\backend\\src\\validations\\admin.validation.js","statementMap":{"0":{"start":{"line":1,"column":24},"end":{"line":1,"column":52}},"1":{"start":{"line":3,"column":26},"end":{"line":7,"column":1}},"2":{"start":{"line":9,"column":29},"end":{"line":13,"column":1}},"3":{"start":{"line":15,"column":29},"end":{"line":22,"column":1}},"4":{"start":{"line":24,"column":26},"end":{"line":26,"column":1}},"5":{"start":{"line":28,"column":0},"end":{"line":33,"column":2}}},"fnMap":{},"branchMap":{},"s":{"0":6,"1":6,"2":6,"3":6,"4":6,"5":6},"f":{},"b":{},"inputSourceMap":null,"_coverageSchema":"1a1c01bbd47fc00a2c39e90264f33305004495a9","hash":"2ecc650e8574a5d9bfe9bc71ccb4af748a383bba"}
,"C:\\Users\\omar4\\Desktop\\University management system\\backend\\src\\validations\\auth.validation.js": {"path":"C:\\Users\\omar4\\Desktop\\University management system\\backend\\src\\validations\\auth.validation.js","statementMap":{"0":{"start":{"line":1,"column":24},"end":{"line":1,"column":52}},"1":{"start":{"line":3,"column":27},"end":{"line":31,"column":1}},"2":{"start":{"line":33,"column":24},"end":{"line":39,"column":1}},"3":{"start":{"line":41,"column":28},"end":{"line":44,"column":1}},"4":{"start":{"line":46,"column":0},"end":{"line":50,"column":2}}},"fnMap":{},"branchMap":{},"s":{"0":6,"1":6,"2":6,"3":6,"4":6},"f":{},"b":{},"inputSourceMap":null,"_coverageSchema":"1a1c01bbd47fc00a2c39e90264f33305004495a9","hash":"8f6898182a783e2d23ce51160feeeffbc543bc8f"}
,"C:\\Users\\omar4\\Desktop\\University management system\\backend\\src\\validations\\functional.validation.js": {"path":"C:\\Users\\omar4\\Desktop\\University management system\\backend\\src\\validations\\functional.validation.js","statementMap":{"0":{"start":{"line":1,"column":24},"end":{"line":1,"column":52}},"1":{"start":{"line":3,"column":23},"end":{"line":15,"column":1}},"2":{"start":{"line":17,"column":23},"end":{"line":23,"column":1}},"3":{"start":{"line":25,"column":26},"end":{"line":31,"column":1}},"4":{"start":{"line":33,"column":29},"end":{"line":39,"column":1}},"5":{"start":{"line":41,"column":31},"end":{"line":43,"column":1}},"6":{"start":{"line":45,"column":0},"end":{"line":51,"column":2}}},"fnMap":{},"branchMap":{},"s":{"0":6,"1":6,"2":6,"3":6,"4":6,"5":6,"6":6},"f":{},"b":{},"inputSourceMap":null,"_coverageSchema":"1a1c01bbd47fc00a2c39e90264f33305004495a9","hash":"8d6825e87aaaac23f124e3241ea617feeb7ca308"}
}
