TN:
SF:src\app.js
FN:76,(anonymous_0)
FN:117,(anonymous_1)
FN:167,(anonymous_2)
FN:177,(anonymous_3)
FNF:4
FNH:0
FNDA:0,(anonymous_0)
FNDA:0,(anonymous_1)
FNDA:0,(anonymous_2)
FNDA:0,(anonymous_3)
DA:1,0
DA:2,0
DA:3,0
DA:4,0
DA:5,0
DA:6,0
DA:9,0
DA:10,0
DA:13,0
DA:14,0
DA:15,0
DA:16,0
DA:17,0
DA:18,0
DA:19,0
DA:20,0
DA:21,0
DA:22,0
DA:23,0
DA:24,0
DA:25,0
DA:26,0
DA:27,0
DA:28,0
DA:29,0
DA:30,0
DA:31,0
DA:32,0
DA:34,0
DA:35,0
DA:37,0
DA:38,0
DA:41,0
DA:42,0
DA:43,0
DA:47,0
DA:69,0
DA:75,0
DA:78,0
DA:79,0
DA:80,0
DA:83,0
DA:85,0
DA:86,0
DA:87,0
DA:89,0
DA:96,0
DA:103,0
DA:106,0
DA:114,0
DA:117,0
DA:118,0
DA:119,0
DA:120,0
DA:121,0
DA:128,0
DA:138,0
DA:139,0
DA:140,0
DA:143,0
DA:146,0
DA:147,0
DA:148,0
DA:149,0
DA:150,0
DA:151,0
DA:152,0
DA:153,0
DA:154,0
DA:155,0
DA:156,0
DA:157,0
DA:158,0
DA:159,0
DA:160,0
DA:161,0
DA:162,0
DA:163,0
DA:164,0
DA:167,0
DA:168,0
DA:177,0
DA:178,0
DA:182,0
DA:184,0
LF:85
LH:0
BRDA:31,0,0,0
BRDA:31,0,1,0
BRDA:41,1,0,0
BRDA:41,1,1,0
BRDA:78,2,0,0
BRDA:78,2,1,0
BRDA:79,3,0,0
BRDA:79,3,1,0
BRDA:86,4,0,0
BRDA:86,4,1,0
BRDA:86,5,0,0
BRDA:86,5,1,0
BRDA:98,6,0,0
BRDA:98,6,1,0
BRDA:108,7,0,0
BRDA:108,7,1,0
BRF:16
BRH:0
end_of_record
TN:
SF:src\app.ts
FN:108,(anonymous_10)
FN:156,(anonymous_11)
FN:211,(anonymous_12)
FNF:3
FNH:1
FNDA:52,(anonymous_10)
FNDA:0,(anonymous_11)
FNDA:0,(anonymous_12)
DA:1,6
DA:2,6
DA:4,6
DA:6,6
DA:8,6
DA:9,6
DA:11,6
DA:12,6
DA:16,6
DA:17,6
DA:21,6
DA:23,6
DA:25,6
DA:27,6
DA:29,6
DA:31,6
DA:33,6
DA:35,6
DA:37,6
DA:39,6
DA:41,6
DA:43,6
DA:45,6
DA:47,6
DA:49,6
DA:51,6
DA:53,6
DA:55,6
DA:57,6
DA:59,6
DA:61,6
DA:64,6
DA:65,6
DA:67,6
DA:68,6
DA:71,6
DA:72,0
DA:73,0
DA:77,6
DA:100,6
DA:106,6
DA:113,52
DA:114,52
DA:115,0
DA:118,52
DA:120,0
DA:121,0
DA:122,0
DA:124,0
DA:131,6
DA:139,6
DA:146,6
DA:153,6
DA:156,6
DA:157,0
DA:158,0
DA:159,0
DA:166,0
DA:176,6
DA:177,6
DA:178,6
DA:181,6
DA:184,6
DA:185,6
DA:186,6
DA:189,6
DA:191,6
DA:192,6
DA:193,6
DA:194,6
DA:195,6
DA:196,6
DA:197,6
DA:198,6
DA:199,6
DA:200,6
DA:201,6
DA:202,6
DA:203,6
DA:204,6
DA:205,6
DA:206,6
DA:207,6
DA:208,6
DA:211,6
DA:212,0
DA:216,6
DA:218,0
DA:221,6
DA:223,6
LF:90
LH:77
BRDA:71,0,0,0
BRDA:71,0,1,6
BRDA:113,1,0,52
BRDA:113,1,1,0
BRDA:114,2,0,0
BRDA:114,2,1,52
BRDA:121,3,0,0
BRDA:121,3,1,0
BRDA:121,4,0,0
BRDA:121,4,1,0
BRDA:169,5,0,0
BRDA:169,5,1,0
BRDA:216,6,0,0
BRDA:216,6,1,6
BRF:14
BRH:4
end_of_record
TN:
SF:src\server.js
FN:29,(anonymous_0)
FN:32,(anonymous_1)
FN:56,(anonymous_2)
FN:59,(anonymous_3)
FN:79,(anonymous_4)
FN:84,(anonymous_5)
FN:86,(anonymous_6)
FNF:7
FNH:0
FNDA:0,(anonymous_0)
FNDA:0,(anonymous_1)
FNDA:0,(anonymous_2)
FNDA:0,(anonymous_3)
FNDA:0,(anonymous_4)
FNDA:0,(anonymous_5)
FNDA:0,(anonymous_6)
DA:2,0
DA:3,0
DA:4,0
DA:6,0
DA:8,0
DA:11,0
DA:12,0
DA:13,0
DA:14,0
DA:17,0
DA:22,0
DA:29,0
DA:30,0
DA:31,0
DA:32,0
DA:33,0
DA:34,0
DA:38,0
DA:39,0
DA:41,0
DA:42,0
DA:43,0
DA:44,0
DA:47,0
DA:48,0
DA:49,0
DA:50,0
DA:51,0
DA:52,0
DA:53,0
DA:56,0
DA:57,0
DA:58,0
DA:59,0
DA:60,0
DA:63,0
DA:64,0
DA:65,0
DA:66,0
DA:67,0
DA:69,0
DA:72,0
DA:75,0
DA:77,0
DA:79,0
DA:80,0
DA:81,0
DA:84,0
DA:85,0
DA:86,0
LF:50
LH:0
BRDA:11,0,0,0
BRDA:11,0,1,0
BRDA:11,1,0,0
BRDA:11,1,1,0
BRDA:11,1,2,0
BRDA:30,2,0,0
BRDA:30,2,1,0
BRDA:38,3,0,0
BRDA:38,3,1,0
BRDA:41,4,0,0
BRDA:41,4,1,0
BRDA:47,5,0,0
BRDA:47,5,1,0
BRDA:47,6,0,0
BRDA:47,6,1,0
BRDA:51,7,0,0
BRDA:51,7,1,0
BRDA:57,8,0,0
BRDA:57,8,1,0
BRDA:77,9,0,0
BRDA:77,9,1,0
BRDA:81,10,0,0
BRDA:81,10,1,0
BRF:23
BRH:0
end_of_record
TN:
SF:src\constants\index.ts
FNF:0
FNH:0
DA:2,0
DA:5,0
DA:8,0
LF:3
LH:0
BRF:0
BRH:0
end_of_record
TN:
SF:src\controllers\analytics.controller.js
FN:4,(anonymous_0)
FN:95,(anonymous_1)
FN:97,(anonymous_2)
FN:102,(anonymous_3)
FN:108,(anonymous_4)
FNF:5
FNH:0
FNDA:0,(anonymous_0)
FNDA:0,(anonymous_1)
FNDA:0,(anonymous_2)
FNDA:0,(anonymous_3)
FNDA:0,(anonymous_4)
DA:1,6
DA:2,6
DA:4,6
DA:5,0
DA:7,0
DA:8,0
DA:9,0
DA:10,0
DA:11,0
DA:14,0
DA:15,0
DA:25,0
DA:95,0
DA:97,0
DA:101,0
DA:102,0
DA:103,0
DA:104,0
DA:105,0
DA:108,0
DA:113,0
LF:21
LH:3
BRDA:8,0,0,0
BRDA:8,0,1,0
BRDA:8,1,0,0
BRDA:8,1,1,0
BRDA:10,2,0,0
BRDA:10,2,1,0
BRDA:11,3,0,0
BRDA:11,3,1,0
BRDA:15,4,0,0
BRDA:15,4,1,0
BRDA:104,5,0,0
BRDA:104,5,1,0
BRDA:110,6,0,0
BRDA:110,6,1,0
BRF:14
BRH:0
end_of_record
TN:
SF:src\controllers\attendance.controller.js
FN:12,(anonymous_0)
FN:27,(anonymous_1)
FN:47,(anonymous_2)
FN:48,(anonymous_3)
FN:61,(anonymous_4)
FN:71,(anonymous_5)
FN:115,(anonymous_6)
FN:173,(anonymous_7)
FNF:8
FNH:0
FNDA:0,(anonymous_0)
FNDA:0,(anonymous_1)
FNDA:0,(anonymous_2)
FNDA:0,(anonymous_3)
FNDA:0,(anonymous_4)
FNDA:0,(anonymous_5)
FNDA:0,(anonymous_6)
FNDA:0,(anonymous_7)
DA:1,6
DA:2,6
DA:3,6
DA:4,6
DA:5,6
DA:12,6
DA:13,0
DA:16,0
DA:17,0
DA:18,0
DA:19,0
DA:20,0
DA:21,0
DA:24,0
DA:26,0
DA:28,0
DA:45,0
DA:47,0
DA:49,0
DA:50,0
DA:57,0
DA:58,0
DA:63,0
DA:71,6
DA:72,0
DA:73,0
DA:75,0
DA:78,0
DA:79,0
DA:80,0
DA:81,0
DA:82,0
DA:83,0
DA:85,0
DA:86,0
DA:87,0
DA:88,0
DA:89,0
DA:91,0
DA:97,0
DA:107,0
DA:115,6
DA:116,0
DA:119,0
DA:120,0
DA:124,0
DA:125,0
DA:131,0
DA:132,0
DA:133,0
DA:134,0
DA:135,0
DA:136,0
DA:140,0
DA:142,0
DA:144,0
DA:145,0
DA:147,0
DA:166,0
DA:173,0
DA:174,0
DA:177,0
DA:181,0
LF:63
LH:8
BRDA:17,0,0,0
BRDA:17,0,1,0
BRDA:19,1,0,0
BRDA:19,1,1,0
BRDA:19,2,0,0
BRDA:19,2,1,0
BRDA:20,3,0,0
BRDA:20,3,1,0
BRDA:20,4,0,0
BRDA:20,4,1,0
BRDA:21,5,0,0
BRDA:21,5,1,0
BRDA:21,6,0,0
BRDA:21,6,1,0
BRDA:24,7,0,0
BRDA:24,7,1,0
BRDA:47,8,0,0
BRDA:47,8,1,0
BRDA:54,9,0,0
BRDA:54,9,1,0
BRDA:79,10,0,0
BRDA:79,10,1,0
BRDA:81,11,0,0
BRDA:81,11,1,0
BRDA:81,12,0,0
BRDA:81,12,1,0
BRDA:82,13,0,0
BRDA:82,13,1,0
BRDA:82,14,0,0
BRDA:82,14,1,0
BRDA:83,15,0,0
BRDA:83,15,1,0
BRDA:83,16,0,0
BRDA:83,16,1,0
BRDA:85,17,0,0
BRDA:85,17,1,0
BRDA:119,18,0,0
BRDA:119,18,1,0
BRDA:124,19,0,0
BRDA:124,19,1,0
BRDA:124,20,0,0
BRDA:124,20,1,0
BRDA:132,21,0,0
BRDA:132,21,1,0
BRDA:134,22,0,0
BRDA:134,22,1,0
BRDA:134,23,0,0
BRDA:134,23,1,0
BRDA:135,24,0,0
BRDA:135,24,1,0
BRDA:135,25,0,0
BRDA:135,25,1,0
BRDA:136,26,0,0
BRDA:136,26,1,0
BRDA:136,27,0,0
BRDA:136,27,1,0
BRDA:140,28,0,0
BRDA:140,29,0,0
BRDA:145,30,0,0
BRDA:145,30,1,0
BRDA:177,31,0,0
BRDA:177,31,1,0
BRF:62
BRH:0
end_of_record
TN:
SF:src\controllers\auth.controller.js
FN:9,(anonymous_0)
FN:23,(anonymous_1)
FN:79,(anonymous_2)
FN:157,(anonymous_3)
FN:182,(anonymous_4)
FN:192,(anonymous_5)
FN:217,(anonymous_6)
FN:255,(anonymous_7)
FN:266,(anonymous_8)
FN:316,(anonymous_9)
FNF:10
FNH:5
FNDA:1,(anonymous_0)
FNDA:0,(anonymous_1)
FNDA:3,(anonymous_2)
FNDA:2,(anonymous_3)
FNDA:1,(anonymous_4)
FNDA:1,(anonymous_5)
FNDA:0,(anonymous_6)
FNDA:0,(anonymous_7)
FNDA:0,(anonymous_8)
FNDA:0,(anonymous_9)
DA:1,6
DA:2,6
DA:3,6
DA:4,6
DA:5,6
DA:6,6
DA:9,6
DA:14,1
DA:23,6
DA:24,0
DA:25,0
DA:26,0
DA:27,0
DA:30,0
DA:31,0
DA:32,0
DA:35,0
DA:36,0
DA:37,0
DA:38,0
DA:42,0
DA:43,0
DA:44,0
DA:47,0
DA:49,0
DA:63,0
DA:64,0
DA:72,0
DA:79,6
DA:80,3
DA:81,3
DA:83,3
DA:84,3
DA:86,3
DA:90,3
DA:91,0
DA:94,3
DA:95,0
DA:98,3
DA:107,3
DA:109,3
DA:110,2
DA:111,2
DA:114,1
DA:115,0
DA:116,0
DA:117,0
DA:118,0
DA:124,0
DA:125,0
DA:126,0
DA:127,0
DA:128,0
DA:132,1
DA:133,1
DA:134,1
DA:136,1
DA:137,1
DA:139,1
DA:157,6
DA:158,2
DA:160,2
DA:161,0
DA:164,2
DA:169,2
DA:170,1
DA:171,1
DA:174,1
DA:176,1
DA:182,6
DA:183,1
DA:184,1
DA:185,0
DA:188,1
DA:189,1
DA:192,6
DA:193,1
DA:202,1
DA:203,0
DA:206,1
DA:208,1
DA:217,6
DA:218,0
DA:219,0
DA:220,0
DA:221,0
DA:222,0
DA:225,0
DA:226,0
DA:230,0
DA:231,0
DA:234,0
DA:236,0
DA:237,0
DA:241,0
DA:242,0
DA:246,0
DA:252,0
DA:255,6
DA:256,0
DA:258,0
DA:262,0
DA:263,0
DA:266,0
DA:267,0
DA:276,0
DA:277,0
DA:288,0
DA:289,0
DA:299,0
DA:304,0
DA:307,0
DA:313,0
DA:316,6
DA:317,0
DA:318,0
DA:320,0
DA:325,0
DA:328,6
LF:119
LH:52
BRDA:26,0,0,0
BRDA:26,0,1,0
BRDA:26,1,0,0
BRDA:26,1,1,0
BRDA:31,2,0,0
BRDA:31,2,1,0
BRDA:35,3,0,0
BRDA:35,3,1,0
BRDA:35,4,0,0
BRDA:35,4,1,0
BRDA:37,5,0,0
BRDA:37,5,1,0
BRDA:43,6,0,0
BRDA:43,6,1,0
BRDA:56,7,0,0
BRDA:56,7,1,0
BRDA:57,8,0,0
BRDA:57,8,1,0
BRDA:57,9,0,0
BRDA:57,9,1,0
BRDA:58,10,0,0
BRDA:58,10,1,0
BRDA:59,11,0,0
BRDA:59,11,1,0
BRDA:63,12,0,0
BRDA:63,12,1,0
BRDA:80,13,0,3
BRDA:80,13,1,0
BRDA:90,14,0,0
BRDA:90,14,1,3
BRDA:94,15,0,0
BRDA:94,15,1,3
BRDA:107,16,0,2
BRDA:107,16,1,1
BRDA:109,17,0,2
BRDA:109,17,1,1
BRDA:109,18,0,3
BRDA:109,18,1,2
BRDA:114,19,0,0
BRDA:114,19,1,1
BRDA:117,20,0,0
BRDA:117,20,1,0
BRDA:126,21,0,0
BRDA:126,21,1,0
BRDA:148,22,0,1
BRDA:148,22,1,0
BRDA:148,22,2,0
BRDA:149,23,0,1
BRDA:149,23,1,1
BRDA:150,24,0,1
BRDA:150,24,1,1
BRDA:151,25,0,1
BRDA:151,25,1,1
BRDA:151,25,2,1
BRDA:160,26,0,0
BRDA:160,26,1,2
BRDA:169,27,0,1
BRDA:169,27,1,1
BRDA:169,28,0,2
BRDA:169,28,1,1
BRDA:170,29,0,0
BRDA:170,29,1,1
BRDA:184,30,0,0
BRDA:184,30,1,1
BRDA:202,31,0,0
BRDA:202,31,1,1
BRDA:221,32,0,0
BRDA:221,32,1,0
BRDA:221,33,0,0
BRDA:221,33,1,0
BRDA:225,34,0,0
BRDA:225,34,1,0
BRDA:230,35,0,0
BRDA:230,35,1,0
BRDA:230,36,0,0
BRDA:230,36,1,0
BRDA:236,37,0,0
BRDA:236,37,1,0
BRDA:241,38,0,0
BRDA:241,38,1,0
BRDA:262,39,0,0
BRDA:262,39,1,0
BRDA:276,40,0,0
BRDA:276,40,1,0
BRDA:283,41,0,0
BRDA:283,41,1,0
BRDA:285,42,0,0
BRDA:285,42,1,0
BRDA:288,43,0,0
BRDA:288,43,1,0
BRF:90
BRH:26
end_of_record
TN:
SF:src\controllers\college.controller.js
FN:4,(anonymous_0)
FN:16,(anonymous_1)
FN:38,(anonymous_2)
FN:69,(anonymous_3)
FN:96,(anonymous_4)
FN:108,(anonymous_5)
FN:121,(anonymous_6)
FN:126,(anonymous_7)
FN:131,(anonymous_8)
FN:168,(anonymous_9)
FNF:10
FNH:0
FNDA:0,(anonymous_0)
FNDA:0,(anonymous_1)
FNDA:0,(anonymous_2)
FNDA:0,(anonymous_3)
FNDA:0,(anonymous_4)
FNDA:0,(anonymous_5)
FNDA:0,(anonymous_6)
FNDA:0,(anonymous_7)
FNDA:0,(anonymous_8)
FNDA:0,(anonymous_9)
DA:1,6
DA:2,6
DA:4,6
DA:5,0
DA:6,0
DA:15,0
DA:17,0
DA:21,0
DA:32,0
DA:34,0
DA:38,6
DA:39,0
DA:40,0
DA:43,0
DA:44,0
DA:47,0
DA:60,0
DA:63,0
DA:69,0
DA:70,0
DA:71,0
DA:72,0
DA:75,0
DA:92,0
DA:96,6
DA:97,0
DA:98,0
DA:99,0
DA:102,0
DA:104,0
DA:108,6
DA:109,0
DA:110,0
DA:111,0
DA:115,0
DA:117,0
DA:121,6
DA:122,0
DA:123,0
DA:126,0
DA:128,0
DA:131,0
DA:133,0
DA:139,0
DA:140,0
DA:141,0
DA:142,0
DA:143,0
DA:146,0
DA:150,0
DA:156,0
DA:161,0
DA:162,0
DA:164,0
DA:168,6
DA:169,0
DA:170,0
DA:171,0
DA:173,0
DA:174,0
DA:177,0
DA:178,0
DA:179,0
DA:182,0
DA:186,0
DA:187,0
DA:190,0
DA:191,0
DA:195,0
DA:201,0
DA:206,0
DA:207,0
DA:217,0
LF:73
LH:8
BRDA:23,0,0,0
BRDA:23,0,1,0
BRDA:26,1,0,0
BRDA:26,1,1,0
BRDA:43,2,0,0
BRDA:43,2,1,0
BRDA:43,3,0,0
BRDA:43,3,1,0
BRDA:43,3,2,0
BRDA:60,4,0,0
BRDA:60,4,1,0
BRDA:79,5,0,0
BRDA:79,5,1,0
BRDA:82,6,0,0
BRDA:82,6,1,0
BRDA:133,7,0,0
BRDA:133,7,1,0
BRDA:173,8,0,0
BRDA:173,8,1,0
BRDA:178,9,0,0
BRDA:178,9,1,0
BRDA:186,10,0,0
BRDA:186,10,1,0
BRDA:190,11,0,0
BRDA:190,11,1,0
BRDA:213,12,0,0
BRDA:213,12,1,0
BRF:27
BRH:0
end_of_record
TN:
SF:src\controllers\courses.controller.js
FN:12,(anonymous_0)
FN:82,(anonymous_1)
FN:125,(anonymous_2)
FN:149,(anonymous_3)
FN:161,(anonymous_4)
FN:175,(anonymous_5)
FN:209,(anonymous_6)
FN:252,(anonymous_7)
FNF:8
FNH:2
FNDA:1,(anonymous_0)
FNDA:0,(anonymous_1)
FNDA:0,(anonymous_2)
FNDA:0,(anonymous_3)
FNDA:0,(anonymous_4)
FNDA:1,(anonymous_5)
FNDA:0,(anonymous_6)
FNDA:0,(anonymous_7)
DA:1,6
DA:2,6
DA:3,6
DA:4,6
DA:5,6
DA:12,6
DA:22,1
DA:24,1
DA:25,1
DA:28,1
DA:29,1
DA:30,1
DA:33,1
DA:35,1
DA:48,1
DA:63,1
DA:82,6
DA:83,0
DA:103,0
DA:104,0
DA:108,0
DA:109,0
DA:110,0
DA:114,0
DA:125,6
DA:126,0
DA:127,0
DA:144,0
DA:145,0
DA:148,0
DA:149,0
DA:151,0
DA:152,0
DA:161,0
DA:164,0
DA:175,6
DA:176,1
DA:179,1
DA:180,0
DA:181,0
DA:182,0
DA:186,1
DA:198,1
DA:209,6
DA:210,0
DA:211,0
DA:214,0
DA:215,0
DA:216,0
DA:217,0
DA:218,0
DA:220,0
DA:221,0
DA:222,0
DA:223,0
DA:228,0
DA:241,0
DA:252,6
DA:253,0
DA:256,0
DA:257,0
DA:258,0
DA:259,0
DA:260,0
DA:264,0
DA:270,0
DA:271,0
LF:67
LH:25
BRDA:14,0,0,0
BRDA:15,1,0,1
BRDA:16,2,0,1
BRDA:17,3,0,1
BRDA:18,4,0,1
BRDA:29,5,0,1
BRDA:29,5,1,0
BRDA:30,6,0,1
BRDA:30,6,1,0
BRDA:37,7,0,1
BRDA:37,7,1,1
BRDA:38,8,0,1
BRDA:38,8,1,0
BRDA:39,9,0,1
BRDA:39,9,1,0
BRDA:40,10,0,1
BRDA:40,10,1,1
BRDA:103,11,0,0
BRDA:103,11,1,0
BRDA:108,12,0,0
BRDA:108,12,1,0
BRDA:108,13,0,0
BRDA:108,13,1,0
BRDA:108,13,2,0
BRDA:109,14,0,0
BRDA:109,14,1,0
BRDA:144,15,0,0
BRDA:144,15,1,0
BRDA:151,16,0,0
BRDA:151,16,1,0
BRDA:179,17,0,0
BRDA:179,17,1,1
BRDA:179,18,0,1
BRDA:179,18,1,1
BRDA:179,18,2,0
BRDA:181,19,0,0
BRDA:181,19,1,0
BRDA:181,20,0,0
BRDA:181,20,1,0
BRDA:191,21,0,0
BRDA:191,21,1,1
BRDA:192,22,0,0
BRDA:192,22,1,1
BRDA:193,23,0,1
BRDA:193,23,1,0
BRDA:194,24,0,1
BRDA:194,24,1,0
BRDA:215,25,0,0
BRDA:215,25,1,0
BRDA:216,26,0,0
BRDA:216,26,1,0
BRDA:216,27,0,0
BRDA:216,27,1,0
BRDA:216,27,2,0
BRDA:217,28,0,0
BRDA:217,28,1,0
BRDA:220,29,0,0
BRDA:220,29,1,0
BRDA:222,30,0,0
BRDA:222,30,1,0
BRDA:222,31,0,0
BRDA:222,31,1,0
BRDA:232,32,0,0
BRDA:232,32,1,0
BRDA:233,33,0,0
BRDA:233,33,1,0
BRDA:234,34,0,0
BRDA:234,34,1,0
BRDA:235,35,0,0
BRDA:235,35,1,0
BRDA:236,36,0,0
BRDA:236,36,1,0
BRDA:237,37,0,0
BRDA:237,37,1,0
BRDA:257,38,0,0
BRDA:257,38,1,0
BRDA:258,39,0,0
BRDA:258,39,1,0
BRDA:258,40,0,0
BRDA:258,40,1,0
BRDA:258,40,2,0
BRDA:259,41,0,0
BRDA:259,41,1,0
BRF:83
BRH:19
end_of_record
TN:
SF:src\controllers\dashboard.controller.js
FN:7,(anonymous_0)
FN:12,(anonymous_1)
FN:134,(anonymous_2)
FN:142,(anonymous_3)
FN:147,(anonymous_4)
FN:152,(anonymous_5)
FN:155,(anonymous_6)
FN:161,(anonymous_7)
FN:162,(anonymous_8)
FN:163,(anonymous_9)
FN:177,(anonymous_10)
FN:178,(anonymous_11)
FN:184,(anonymous_12)
FN:190,(anonymous_13)
FN:207,(anonymous_14)
FN:306,(anonymous_15)
FN:307,(anonymous_16)
FN:310,(anonymous_17)
FN:311,(anonymous_18)
FN:314,(anonymous_19)
FN:315,(anonymous_20)
FN:335,(anonymous_21)
FN:341,(anonymous_22)
FN:354,(anonymous_23)
FN:398,(anonymous_24)
FN:404,(anonymous_25)
FNF:26
FNH:0
FNDA:0,(anonymous_0)
FNDA:0,(anonymous_1)
FNDA:0,(anonymous_2)
FNDA:0,(anonymous_3)
FNDA:0,(anonymous_4)
FNDA:0,(anonymous_5)
FNDA:0,(anonymous_6)
FNDA:0,(anonymous_7)
FNDA:0,(anonymous_8)
FNDA:0,(anonymous_9)
FNDA:0,(anonymous_10)
FNDA:0,(anonymous_11)
FNDA:0,(anonymous_12)
FNDA:0,(anonymous_13)
FNDA:0,(anonymous_14)
FNDA:0,(anonymous_15)
FNDA:0,(anonymous_16)
FNDA:0,(anonymous_17)
FNDA:0,(anonymous_18)
FNDA:0,(anonymous_19)
FNDA:0,(anonymous_20)
FNDA:0,(anonymous_21)
FNDA:0,(anonymous_22)
FNDA:0,(anonymous_23)
FNDA:0,(anonymous_24)
FNDA:0,(anonymous_25)
DA:2,6
DA:3,6
DA:4,6
DA:5,6
DA:7,6
DA:8,0
DA:9,0
DA:12,6
DA:13,0
DA:16,0
DA:17,0
DA:18,0
DA:19,0
DA:20,0
DA:21,0
DA:22,0
DA:24,0
DA:25,0
DA:27,0
DA:28,0
DA:29,0
DA:30,0
DA:33,0
DA:34,0
DA:35,0
DA:36,0
DA:40,0
DA:41,0
DA:59,0
DA:134,0
DA:135,0
DA:136,0
DA:137,0
DA:140,0
DA:142,0
DA:147,0
DA:152,0
DA:155,0
DA:160,0
DA:161,0
DA:162,0
DA:163,0
DA:166,0
DA:177,0
DA:178,0
DA:184,0
DA:190,0
DA:199,0
DA:201,0
DA:207,6
DA:208,0
DA:209,0
DA:217,0
DA:218,0
DA:222,0
DA:223,0
DA:224,0
DA:225,0
DA:228,0
DA:229,0
DA:230,0
DA:231,0
DA:233,0
DA:304,0
DA:306,0
DA:307,0
DA:310,0
DA:311,0
DA:314,0
DA:315,0
DA:319,0
DA:335,0
DA:341,0
DA:354,6
DA:355,0
DA:356,0
DA:361,0
DA:362,0
DA:365,0
DA:388,0
DA:398,0
DA:404,0
LF:82
LH:8
BRDA:27,0,0,0
BRDA:27,0,1,0
BRDA:27,1,0,0
BRDA:27,1,1,0
BRDA:29,2,0,0
BRDA:29,2,1,0
BRDA:29,3,0,0
BRDA:29,3,1,0
BRDA:35,4,0,0
BRDA:35,4,1,0
BRDA:40,5,0,0
BRDA:40,5,1,0
BRDA:40,6,0,0
BRDA:40,6,1,0
BRDA:121,7,0,0
BRDA:121,7,1,0
BRDA:121,8,0,0
BRDA:121,8,1,0
BRDA:136,9,0,0
BRDA:136,9,1,0
BRDA:161,10,0,0
BRDA:161,10,1,0
BRDA:162,11,0,0
BRDA:162,11,1,0
BRDA:163,12,0,0
BRDA:163,12,1,0
BRDA:195,13,0,0
BRDA:195,13,1,0
BRDA:217,14,0,0
BRDA:217,14,1,0
BRDA:230,15,0,0
BRDA:230,15,1,0
BRDA:230,16,0,0
BRDA:230,16,1,0
BRDA:231,17,0,0
BRDA:231,17,1,0
BRDA:231,18,0,0
BRDA:231,18,1,0
BRDA:306,19,0,0
BRDA:306,19,1,0
BRDA:307,20,0,0
BRDA:307,20,1,0
BRDA:310,21,0,0
BRDA:310,21,1,0
BRDA:311,22,0,0
BRDA:311,22,1,0
BRDA:314,23,0,0
BRDA:314,23,1,0
BRDA:315,24,0,0
BRDA:315,24,1,0
BRDA:327,25,0,0
BRDA:327,25,1,0
BRDA:328,26,0,0
BRDA:328,26,1,0
BRDA:346,27,0,0
BRDA:346,27,1,0
BRDA:361,28,0,0
BRDA:361,28,1,0
BRF:58
BRH:0
end_of_record
TN:
SF:src\controllers\department.controller.js
FN:6,(anonymous_0)
FN:41,(anonymous_1)
FN:78,(anonymous_2)
FN:107,(anonymous_3)
FN:135,(anonymous_4)
FN:148,(anonymous_5)
FNF:6
FNH:0
FNDA:0,(anonymous_0)
FNDA:0,(anonymous_1)
FNDA:0,(anonymous_2)
FNDA:0,(anonymous_3)
FNDA:0,(anonymous_4)
FNDA:0,(anonymous_5)
DA:2,6
DA:3,6
DA:4,6
DA:6,6
DA:7,0
DA:8,0
DA:11,0
DA:12,0
DA:13,0
DA:18,0
DA:20,0
DA:22,0
DA:23,0
DA:26,0
DA:35,0
DA:37,0
DA:41,6
DA:42,0
DA:43,0
DA:62,0
DA:65,0
DA:66,0
DA:68,0
DA:69,0
DA:72,0
DA:74,0
DA:78,6
DA:79,0
DA:80,0
DA:83,0
DA:84,0
DA:85,0
DA:87,0
DA:90,0
DA:91,0
DA:94,0
DA:95,0
DA:97,0
DA:100,0
DA:102,0
DA:103,0
DA:107,6
DA:108,0
DA:109,0
DA:110,0
DA:113,0
DA:114,0
DA:116,0
DA:117,0
DA:118,0
DA:120,0
DA:121,0
DA:125,0
DA:129,0
DA:131,0
DA:135,6
DA:136,0
DA:137,0
DA:140,0
DA:141,0
DA:142,0
DA:143,0
DA:144,0
DA:148,0
DA:150,0
DA:151,0
DA:152,0
DA:153,0
DA:156,0
DA:159,0
DA:164,0
DA:165,0
DA:167,0
LF:73
LH:8
BRDA:11,0,0,0
BRDA:11,0,1,0
BRDA:11,1,0,0
BRDA:11,1,1,0
BRDA:11,1,2,0
BRDA:11,1,3,0
BRDA:12,2,0,0
BRDA:12,2,1,0
BRDA:22,3,0,0
BRDA:22,3,1,0
BRDA:22,4,0,0
BRDA:22,4,1,0
BRDA:22,4,2,0
BRDA:23,5,0,0
BRDA:23,5,1,0
BRDA:62,6,0,0
BRDA:62,6,1,0
BRDA:65,7,0,0
BRDA:65,7,1,0
BRDA:65,8,0,0
BRDA:65,8,1,0
BRDA:65,8,2,0
BRDA:68,9,0,0
BRDA:68,9,1,0
BRDA:68,10,0,0
BRDA:68,10,1,0
BRDA:68,10,2,0
BRDA:83,11,0,0
BRDA:83,11,1,0
BRDA:83,12,0,0
BRDA:83,12,1,0
BRDA:83,12,2,0
BRDA:84,13,0,0
BRDA:84,13,1,0
BRDA:84,14,0,0
BRDA:84,14,1,0
BRDA:90,15,0,0
BRDA:90,15,1,0
BRDA:95,16,0,0
BRDA:95,16,1,0
BRDA:114,17,0,0
BRDA:114,17,1,0
BRDA:116,18,0,0
BRDA:116,18,1,0
BRDA:116,19,0,0
BRDA:116,19,1,0
BRDA:116,19,2,0
BRDA:117,20,0,0
BRDA:117,20,1,0
BRDA:120,21,0,0
BRDA:120,21,1,0
BRDA:120,22,0,0
BRDA:120,22,1,0
BRDA:127,23,0,0
BRDA:127,23,1,0
BRDA:141,24,0,0
BRDA:141,24,1,0
BRDA:142,25,0,0
BRDA:142,25,1,0
BRDA:142,26,0,0
BRDA:142,26,1,0
BRDA:142,26,2,0
BRDA:143,27,0,0
BRDA:143,27,1,0
BRF:64
BRH:0
end_of_record
TN:
SF:src\controllers\doctors.controller.js
FN:11,(anonymous_0)
FN:50,(anonymous_1)
FN:109,(anonymous_2)
FN:145,(anonymous_3)
FN:180,(anonymous_4)
FN:219,(anonymous_5)
FN:288,(anonymous_6)
FN:311,(anonymous_7)
FN:329,(anonymous_8)
FNF:9
FNH:0
FNDA:0,(anonymous_0)
FNDA:0,(anonymous_1)
FNDA:0,(anonymous_2)
FNDA:0,(anonymous_3)
FNDA:0,(anonymous_4)
FNDA:0,(anonymous_5)
FNDA:0,(anonymous_6)
FNDA:0,(anonymous_7)
FNDA:0,(anonymous_8)
DA:2,6
DA:3,6
DA:4,6
DA:6,6
DA:7,6
DA:9,6
DA:11,6
DA:12,0
DA:13,0
DA:14,0
DA:15,0
DA:16,0
DA:17,0
DA:18,0
DA:19,0
DA:20,0
DA:23,0
DA:36,0
DA:46,0
DA:50,6
DA:51,0
DA:52,0
DA:53,0
DA:54,0
DA:56,0
DA:58,0
DA:71,0
DA:95,0
DA:105,0
DA:109,6
DA:110,0
DA:111,0
DA:127,0
DA:128,0
DA:132,0
DA:133,0
DA:135,0
DA:136,0
DA:139,0
DA:141,0
DA:145,6
DA:146,0
DA:148,0
DA:150,0
DA:151,0
DA:152,0
DA:153,0
DA:154,0
DA:157,0
DA:158,0
DA:159,0
DA:160,0
DA:161,0
DA:162,0
DA:163,0
DA:168,0
DA:169,0
DA:170,0
DA:173,0
DA:174,0
DA:175,0
DA:178,0
DA:180,0
DA:181,0
DA:189,0
DA:210,0
DA:213,0
DA:215,0
DA:219,6
DA:220,0
DA:221,0
DA:223,0
DA:225,0
DA:230,0
DA:231,0
DA:235,0
DA:236,0
DA:237,0
DA:239,0
DA:240,0
DA:241,0
DA:242,0
DA:246,0
DA:247,0
DA:248,0
DA:249,0
DA:250,0
DA:252,0
DA:253,0
DA:254,0
DA:255,0
DA:256,0
DA:257,0
DA:262,0
DA:282,0
DA:284,0
DA:288,6
DA:289,0
DA:290,0
DA:291,0
DA:296,0
DA:297,0
DA:301,0
DA:302,0
DA:303,0
DA:305,0
DA:306,0
DA:307,0
DA:308,0
DA:311,0
DA:313,0
DA:318,0
DA:319,0
DA:322,0
DA:323,0
DA:325,0
DA:329,6
DA:330,0
DA:331,0
DA:333,0
DA:334,0
DA:337,0
DA:342,0
DA:343,0
DA:346,0
DA:347,0
DA:349,0
DA:354,0
DA:355,0
LF:129
LH:13
BRDA:15,0,0,0
BRDA:15,0,1,0
BRDA:15,1,0,0
BRDA:15,1,1,0
BRDA:17,2,0,0
BRDA:17,2,1,0
BRDA:19,3,0,0
BRDA:19,3,1,0
BRDA:30,4,0,0
BRDA:30,4,1,0
BRDA:52,5,0,0
BRDA:52,6,0,0
BRDA:52,7,0,0
BRDA:60,8,0,0
BRDA:60,8,1,0
BRDA:127,9,0,0
BRDA:127,9,1,0
BRDA:132,10,0,0
BRDA:132,10,1,0
BRDA:132,11,0,0
BRDA:132,11,1,0
BRDA:135,12,0,0
BRDA:135,12,1,0
BRDA:135,13,0,0
BRDA:135,13,1,0
BRDA:150,14,0,0
BRDA:150,14,1,0
BRDA:150,15,0,0
BRDA:150,15,1,0
BRDA:151,16,0,0
BRDA:151,16,1,0
BRDA:153,17,0,0
BRDA:153,17,1,0
BRDA:153,18,0,0
BRDA:153,18,1,0
BRDA:157,19,0,0
BRDA:157,19,1,0
BRDA:159,20,0,0
BRDA:159,20,1,0
BRDA:160,21,0,0
BRDA:160,21,1,0
BRDA:162,22,0,0
BRDA:162,22,1,0
BRDA:162,23,0,0
BRDA:162,23,1,0
BRDA:169,24,0,0
BRDA:169,24,1,0
BRDA:174,25,0,0
BRDA:174,25,1,0
BRDA:197,26,0,0
BRDA:197,26,1,0
BRDA:230,27,0,0
BRDA:230,27,1,0
BRDA:235,28,0,0
BRDA:235,28,1,0
BRDA:235,29,0,0
BRDA:235,29,1,0
BRDA:236,30,0,0
BRDA:236,30,1,0
BRDA:239,31,0,0
BRDA:239,31,1,0
BRDA:239,32,0,0
BRDA:239,32,1,0
BRDA:241,33,0,0
BRDA:241,33,1,0
BRDA:241,34,0,0
BRDA:241,34,1,0
BRDA:246,35,0,0
BRDA:246,35,1,0
BRDA:247,36,0,0
BRDA:247,36,1,0
BRDA:247,37,0,0
BRDA:247,37,1,0
BRDA:249,38,0,0
BRDA:249,38,1,0
BRDA:249,39,0,0
BRDA:249,39,1,0
BRDA:252,40,0,0
BRDA:252,40,1,0
BRDA:252,41,0,0
BRDA:252,41,1,0
BRDA:254,42,0,0
BRDA:254,42,1,0
BRDA:256,43,0,0
BRDA:256,43,1,0
BRDA:256,44,0,0
BRDA:256,44,1,0
BRDA:269,45,0,0
BRDA:269,45,1,0
BRDA:296,46,0,0
BRDA:296,46,1,0
BRDA:301,47,0,0
BRDA:301,47,1,0
BRDA:301,48,0,0
BRDA:301,48,1,0
BRDA:302,49,0,0
BRDA:302,49,1,0
BRDA:305,50,0,0
BRDA:305,50,1,0
BRDA:305,51,0,0
BRDA:305,51,1,0
BRDA:307,52,0,0
BRDA:307,52,1,0
BRDA:307,53,0,0
BRDA:307,53,1,0
BRDA:333,54,0,0
BRDA:333,54,1,0
BRDA:333,55,0,0
BRDA:333,55,1,0
BRDA:342,56,0,0
BRDA:342,56,1,0
BRF:111
BRH:0
end_of_record
TN:
SF:src\controllers\enrollment.controller.js
FN:7,(anonymous_0)
FN:18,(anonymous_1)
FN:36,(anonymous_2)
FN:47,(anonymous_3)
FNF:4
FNH:4
FNDA:3,(anonymous_0)
FNDA:1,(anonymous_1)
FNDA:1,(anonymous_2)
FNDA:3,(anonymous_3)
DA:1,6
DA:2,6
DA:3,6
DA:4,6
DA:5,6
DA:7,6
DA:8,3
DA:9,3
DA:15,1
DA:18,6
DA:20,1
DA:24,1
DA:25,0
DA:28,1
DA:29,0
DA:32,1
DA:33,1
DA:36,6
DA:37,1
DA:38,1
DA:39,1
DA:40,1
DA:41,1
DA:43,1
DA:44,1
DA:47,6
DA:48,3
DA:50,3
DA:51,1
DA:54,2
DA:62,2
DA:66,2
LF:32
LH:30
BRDA:24,0,0,0
BRDA:24,0,1,1
BRDA:28,1,0,0
BRDA:28,1,1,1
BRDA:28,2,0,1
BRDA:28,2,1,1
BRDA:39,3,0,1
BRDA:39,3,1,0
BRDA:40,4,0,0
BRDA:40,4,1,1
BRDA:41,5,0,0
BRDA:41,5,1,1
BRDA:50,6,0,1
BRDA:50,6,1,2
BRDA:50,7,0,3
BRDA:50,7,1,3
BRDA:58,8,0,1
BRDA:58,8,1,1
BRF:18
BRH:13
end_of_record
TN:
SF:src\controllers\exams.controller.js
FN:8,(anonymous_0)
FN:39,(anonymous_1)
FN:61,(anonymous_2)
FN:107,(anonymous_3)
FN:141,(anonymous_4)
FN:166,(anonymous_5)
FNF:6
FNH:0
FNDA:0,(anonymous_0)
FNDA:0,(anonymous_1)
FNDA:0,(anonymous_2)
FNDA:0,(anonymous_3)
FNDA:0,(anonymous_4)
FNDA:0,(anonymous_5)
DA:2,6
DA:3,6
DA:4,6
DA:5,6
DA:6,6
DA:8,6
DA:9,0
DA:12,0
DA:13,0
DA:14,0
DA:15,0
DA:18,0
DA:19,0
DA:20,0
DA:23,0
DA:36,0
DA:39,6
DA:41,0
DA:42,0
DA:58,0
DA:61,6
DA:62,0
DA:65,0
DA:70,0
DA:71,0
DA:75,0
DA:76,0
DA:77,0
DA:78,0
DA:80,0
DA:81,0
DA:85,0
DA:104,0
DA:107,6
DA:108,0
DA:109,0
DA:111,0
DA:116,0
DA:117,0
DA:121,0
DA:122,0
DA:123,0
DA:124,0
DA:127,0
DA:138,0
DA:141,6
DA:142,0
DA:143,0
DA:148,0
DA:149,0
DA:153,0
DA:154,0
DA:155,0
DA:156,0
DA:159,0
DA:162,0
DA:163,0
DA:166,6
DA:167,0
DA:168,0
DA:186,0
DA:187,0
DA:191,0
DA:192,0
DA:193,0
DA:194,0
DA:196,0
DA:197,0
DA:201,0
LF:69
LH:11
BRDA:14,0,0,0
BRDA:14,0,1,0
BRDA:14,1,0,0
BRDA:14,1,1,0
BRDA:18,2,0,0
BRDA:18,2,1,0
BRDA:19,3,0,0
BRDA:19,3,1,0
BRDA:44,4,0,0
BRDA:44,4,1,0
BRDA:44,5,0,0
BRDA:44,5,1,0
BRDA:70,6,0,0
BRDA:70,6,1,0
BRDA:76,7,0,0
BRDA:76,7,1,0
BRDA:76,8,0,0
BRDA:76,8,1,0
BRDA:77,9,0,0
BRDA:77,9,1,0
BRDA:77,10,0,0
BRDA:77,10,1,0
BRDA:80,11,0,0
BRDA:80,11,1,0
BRDA:80,12,0,0
BRDA:80,12,1,0
BRDA:88,13,0,0
BRDA:88,13,1,0
BRDA:92,14,0,0
BRDA:92,14,1,0
BRDA:92,14,2,0
BRDA:116,15,0,0
BRDA:116,15,1,0
BRDA:122,16,0,0
BRDA:122,16,1,0
BRDA:122,17,0,0
BRDA:122,17,1,0
BRDA:123,18,0,0
BRDA:123,18,1,0
BRDA:123,19,0,0
BRDA:123,19,1,0
BRDA:124,20,0,0
BRDA:124,20,1,0
BRDA:124,21,0,0
BRDA:124,21,1,0
BRDA:131,22,0,0
BRDA:131,22,1,0
BRDA:148,23,0,0
BRDA:148,23,1,0
BRDA:154,24,0,0
BRDA:154,24,1,0
BRDA:154,25,0,0
BRDA:154,25,1,0
BRDA:155,26,0,0
BRDA:155,26,1,0
BRDA:155,27,0,0
BRDA:155,27,1,0
BRDA:156,28,0,0
BRDA:156,28,1,0
BRDA:156,29,0,0
BRDA:156,29,1,0
BRDA:186,30,0,0
BRDA:186,30,1,0
BRDA:192,31,0,0
BRDA:192,31,1,0
BRDA:192,32,0,0
BRDA:192,32,1,0
BRDA:193,33,0,0
BRDA:193,33,1,0
BRDA:193,34,0,0
BRDA:193,34,1,0
BRDA:196,35,0,0
BRDA:196,35,1,0
BRDA:196,36,0,0
BRDA:196,36,1,0
BRF:75
BRH:0
end_of_record
TN:
SF:src\controllers\notification.controller.js
FN:7,(anonymous_0)
FN:32,(anonymous_1)
FN:72,(anonymous_2)
FN:100,(anonymous_3)
FNF:4
FNH:0
FNDA:0,(anonymous_0)
FNDA:0,(anonymous_1)
FNDA:0,(anonymous_2)
FNDA:0,(anonymous_3)
DA:1,6
DA:2,6
DA:7,6
DA:8,0
DA:9,0
DA:11,0
DA:16,0
DA:21,0
DA:22,0
DA:32,6
DA:33,0
DA:34,0
DA:35,0
DA:37,0
DA:44,0
DA:45,0
DA:51,0
DA:56,0
DA:61,0
DA:62,0
DA:72,6
DA:73,0
DA:74,0
DA:76,0
DA:84,0
DA:89,0
DA:90,0
DA:100,6
DA:101,0
DA:102,0
DA:103,0
DA:105,0
DA:112,0
DA:113,0
DA:119,0
DA:123,0
DA:124,0
DA:129,0
DA:130,0
LF:39
LH:6
BRDA:44,0,0,0
BRDA:44,0,1,0
BRDA:112,1,0,0
BRDA:112,1,1,0
BRF:4
BRH:0
end_of_record
TN:
SF:src\controllers\payments.controller.js
FN:7,(anonymous_0)
FN:71,(anonymous_1)
FN:89,(anonymous_2)
FN:110,(anonymous_3)
FN:117,(anonymous_4)
FN:119,(anonymous_5)
FN:131,(anonymous_6)
FN:142,(anonymous_7)
FN:159,(anonymous_8)
FN:177,(anonymous_9)
FN:194,(anonymous_10)
FN:207,(anonymous_11)
FNF:12
FNH:5
FNDA:2,(anonymous_0)
FNDA:1,(anonymous_1)
FNDA:0,(anonymous_2)
FNDA:0,(anonymous_3)
FNDA:0,(anonymous_4)
FNDA:0,(anonymous_5)
FNDA:0,(anonymous_6)
FNDA:0,(anonymous_7)
FNDA:1,(anonymous_8)
FNDA:0,(anonymous_9)
FNDA:1,(anonymous_10)
FNDA:1,(anonymous_11)
DA:1,6
DA:2,6
DA:3,6
DA:4,6
DA:5,6
DA:7,6
DA:17,2
DA:19,2
DA:20,2
DA:23,2
DA:24,2
DA:25,2
DA:27,2
DA:28,2
DA:29,2
DA:30,2
DA:31,2
DA:32,0
DA:40,2
DA:59,2
DA:71,6
DA:72,1
DA:76,1
DA:77,0
DA:80,1
DA:85,1
DA:89,6
DA:90,0
DA:104,0
DA:109,0
DA:110,0
DA:111,0
DA:112,0
DA:113,0
DA:116,0
DA:117,0
DA:120,0
DA:121,0
DA:122,0
DA:125,0
DA:132,0
DA:133,0
DA:139,0
DA:142,6
DA:143,0
DA:152,0
DA:153,0
DA:156,0
DA:159,6
DA:160,1
DA:161,1
DA:172,1
DA:174,1
DA:177,6
DA:178,0
DA:179,0
DA:190,0
DA:191,0
DA:194,6
DA:195,1
DA:203,1
DA:204,1
DA:207,6
DA:208,1
DA:212,1
DA:214,1
DA:215,1
LF:67
LH:41
BRDA:13,0,0,2
BRDA:14,1,0,2
BRDA:15,2,0,2
BRDA:16,3,0,2
BRDA:24,4,0,2
BRDA:24,4,1,0
BRDA:25,5,0,2
BRDA:25,5,1,0
BRDA:28,6,0,1
BRDA:28,6,1,1
BRDA:29,7,0,0
BRDA:29,7,1,2
BRDA:30,8,0,0
BRDA:30,8,1,2
BRDA:31,9,0,0
BRDA:31,9,1,2
BRDA:76,10,0,0
BRDA:76,10,1,1
BRDA:113,11,0,0
BRDA:113,11,1,0
BRDA:113,12,0,0
BRDA:113,12,1,0
BRDA:122,13,0,0
BRDA:122,13,1,0
BRDA:126,14,0,0
BRDA:126,14,1,0
BRDA:127,15,0,0
BRDA:127,15,1,0
BRDA:128,16,0,0
BRDA:128,16,1,0
BRDA:152,17,0,0
BRDA:152,17,1,0
BRDA:167,18,0,1
BRDA:167,18,1,0
BRDA:182,19,0,0
BRDA:182,19,1,0
BRDA:185,20,0,0
BRDA:185,20,1,0
BRF:38
BRH:13
end_of_record
TN:
SF:src\controllers\quiz.controller.js
FN:7,(anonymous_0)
FN:32,(anonymous_1)
FN:60,(anonymous_2)
FN:103,(anonymous_3)
FN:122,(anonymous_4)
FN:132,(anonymous_5)
FN:162,(anonymous_6)
FN:181,(anonymous_7)
FN:197,(anonymous_8)
FN:199,(anonymous_9)
FNF:10
FNH:0
FNDA:0,(anonymous_0)
FNDA:0,(anonymous_1)
FNDA:0,(anonymous_2)
FNDA:0,(anonymous_3)
FNDA:0,(anonymous_4)
FNDA:0,(anonymous_5)
FNDA:0,(anonymous_6)
FNDA:0,(anonymous_7)
FNDA:0,(anonymous_8)
FNDA:0,(anonymous_9)
DA:1,6
DA:2,6
DA:3,6
DA:4,6
DA:5,6
DA:7,6
DA:8,0
DA:9,0
DA:11,0
DA:14,0
DA:15,0
DA:16,0
DA:17,0
DA:18,0
DA:19,0
DA:22,0
DA:32,0
DA:50,0
DA:57,0
DA:60,6
DA:61,0
DA:62,0
DA:64,0
DA:65,0
DA:69,0
DA:70,0
DA:71,0
DA:72,0
DA:74,0
DA:75,0
DA:76,0
DA:77,0
DA:84,0
DA:85,0
DA:86,0
DA:87,0
DA:90,0
DA:100,0
DA:103,6
DA:104,0
DA:114,0
DA:117,0
DA:118,0
DA:122,0
DA:123,0
DA:124,0
DA:126,0
DA:129,0
DA:132,6
DA:133,0
DA:134,0
DA:135,0
DA:137,0
DA:139,0
DA:144,0
DA:147,0
DA:148,0
DA:149,0
DA:150,0
DA:154,0
DA:157,0
DA:160,0
DA:161,0
DA:162,0
DA:163,0
DA:164,0
DA:165,0
DA:169,0
DA:178,0
DA:181,6
DA:182,0
DA:183,0
DA:192,0
DA:195,0
DA:196,0
DA:197,0
DA:199,0
DA:202,0
LF:78
LH:10
BRDA:11,0,0,0
BRDA:11,0,1,0
BRDA:15,1,0,0
BRDA:15,1,1,0
BRDA:17,2,0,0
BRDA:17,2,1,0
BRDA:17,3,0,0
BRDA:17,3,1,0
BRDA:18,4,0,0
BRDA:18,4,1,0
BRDA:18,5,0,0
BRDA:18,5,1,0
BRDA:19,6,0,0
BRDA:19,6,1,0
BRDA:19,7,0,0
BRDA:19,7,1,0
BRDA:29,8,0,0
BRDA:29,8,1,0
BRDA:30,9,0,0
BRDA:30,9,1,0
BRDA:39,10,0,0
BRDA:39,10,1,0
BRDA:64,11,0,0
BRDA:64,11,1,0
BRDA:69,12,0,0
BRDA:69,12,1,0
BRDA:71,13,0,0
BRDA:71,13,1,0
BRDA:74,14,0,0
BRDA:74,14,1,0
BRDA:76,15,0,0
BRDA:76,15,1,0
BRDA:85,16,0,0
BRDA:85,16,1,0
BRDA:85,17,0,0
BRDA:85,17,1,0
BRDA:86,18,0,0
BRDA:86,18,1,0
BRDA:87,19,0,0
BRDA:87,19,1,0
BRDA:107,20,0,0
BRDA:107,20,1,0
BRDA:114,21,0,0
BRDA:114,21,1,0
BRDA:117,22,0,0
BRDA:117,22,1,0
BRDA:124,23,0,0
BRDA:124,23,1,0
BRDA:137,24,0,0
BRDA:137,24,1,0
BRDA:144,25,0,0
BRDA:144,25,1,0
BRDA:148,26,0,0
BRDA:148,26,1,0
BRDA:148,27,0,0
BRDA:148,27,1,0
BRDA:149,28,0,0
BRDA:149,28,1,0
BRDA:149,29,0,0
BRDA:149,29,1,0
BRDA:150,30,0,0
BRDA:150,30,1,0
BRDA:150,31,0,0
BRDA:150,31,1,0
BRDA:157,32,0,0
BRDA:157,32,1,0
BRDA:164,33,0,0
BRDA:164,33,1,0
BRDA:192,34,0,0
BRDA:192,34,1,0
BRDA:196,35,0,0
BRDA:196,35,1,0
BRDA:196,36,0,0
BRDA:196,36,1,0
BRDA:197,37,0,0
BRDA:197,37,1,0
BRDA:197,38,0,0
BRDA:197,38,1,0
BRDA:199,39,0,0
BRDA:199,39,1,0
BRDA:199,40,0,0
BRDA:199,40,1,0
BRF:82
BRH:0
end_of_record
TN:
SF:src\controllers\schedules.controller.js
FN:5,(anonymous_0)
FN:99,(anonymous_1)
FN:182,(anonymous_2)
FN:184,(anonymous_3)
FN:185,(anonymous_4)
FN:195,(anonymous_5)
FN:265,(anonymous_6)
FN:299,(anonymous_7)
FNF:8
FNH:2
FNDA:1,(anonymous_0)
FNDA:0,(anonymous_1)
FNDA:0,(anonymous_2)
FNDA:0,(anonymous_3)
FNDA:0,(anonymous_4)
FNDA:3,(anonymous_5)
FNDA:0,(anonymous_6)
FNDA:0,(anonymous_7)
DA:1,6
DA:2,6
DA:3,6
DA:5,6
DA:6,1
DA:7,1
DA:8,1
DA:10,1
DA:13,1
DA:14,0
DA:19,0
DA:20,0
DA:24,0
DA:25,0
DA:27,0
DA:28,0
DA:29,0
DA:30,0
DA:31,0
DA:34,0
DA:35,0
DA:36,0
DA:39,0
DA:46,1
DA:47,0
DA:48,1
DA:49,0
DA:50,1
DA:51,0
DA:54,1
DA:55,0
DA:57,1
DA:58,0
DA:62,1
DA:63,1
DA:64,0
DA:68,1
DA:93,1
DA:95,0
DA:99,6
DA:100,0
DA:101,0
DA:102,0
DA:104,0
DA:107,0
DA:108,0
DA:113,0
DA:114,0
DA:117,0
DA:118,0
DA:120,0
DA:121,0
DA:122,0
DA:123,0
DA:124,0
DA:127,0
DA:128,0
DA:129,0
DA:132,0
DA:138,0
DA:139,0
DA:140,0
DA:141,0
DA:142,0
DA:143,0
DA:146,0
DA:147,0
DA:149,0
DA:150,0
DA:154,0
DA:155,0
DA:156,0
DA:160,0
DA:181,0
DA:182,0
DA:183,0
DA:184,0
DA:185,0
DA:186,0
DA:189,0
DA:191,0
DA:195,6
DA:196,3
DA:198,3
DA:200,3
DA:201,3
DA:202,3
DA:203,3
DA:204,0
DA:205,0
DA:207,0
DA:208,0
DA:213,3
DA:234,3
DA:235,1
DA:241,2
DA:259,2
DA:261,0
DA:265,6
DA:266,0
DA:268,0
DA:269,0
DA:270,0
DA:273,0
DA:274,0
DA:275,0
DA:276,0
DA:278,0
DA:279,0
DA:283,0
DA:293,0
DA:295,0
DA:299,6
DA:300,0
DA:301,0
DA:302,0
DA:305,0
DA:306,0
DA:307,0
DA:308,0
DA:310,0
DA:311,0
DA:315,0
DA:316,0
DA:317,0
DA:319,0
LF:126
LH:33
BRDA:13,0,0,0
BRDA:13,0,1,1
BRDA:19,1,0,0
BRDA:19,1,1,0
BRDA:24,2,0,0
BRDA:24,2,1,0
BRDA:25,3,0,0
BRDA:25,3,1,0
BRDA:27,4,0,0
BRDA:27,4,1,0
BRDA:34,5,0,0
BRDA:34,5,1,0
BRDA:36,6,0,0
BRDA:36,6,1,0
BRDA:36,7,0,0
BRDA:36,7,1,0
BRDA:36,8,0,0
BRDA:36,8,1,0
BRDA:36,9,0,0
BRDA:36,9,1,0
BRDA:46,10,0,0
BRDA:46,10,1,1
BRDA:48,11,0,0
BRDA:48,11,1,1
BRDA:50,12,0,0
BRDA:50,12,1,1
BRDA:54,13,0,0
BRDA:54,13,1,1
BRDA:57,14,0,0
BRDA:57,14,1,1
BRDA:63,15,0,0
BRDA:63,15,1,1
BRDA:63,16,0,1
BRDA:63,16,1,1
BRDA:107,17,0,0
BRDA:107,17,1,0
BRDA:113,18,0,0
BRDA:113,18,1,0
BRDA:117,19,0,0
BRDA:117,19,1,0
BRDA:118,20,0,0
BRDA:118,20,1,0
BRDA:120,21,0,0
BRDA:120,21,1,0
BRDA:127,22,0,0
BRDA:127,22,1,0
BRDA:129,23,0,0
BRDA:129,23,1,0
BRDA:129,24,0,0
BRDA:129,24,1,0
BRDA:129,25,0,0
BRDA:129,25,1,0
BRDA:129,26,0,0
BRDA:129,26,1,0
BRDA:138,27,0,0
BRDA:138,27,1,0
BRDA:140,28,0,0
BRDA:140,28,1,0
BRDA:142,29,0,0
BRDA:142,29,1,0
BRDA:146,30,0,0
BRDA:146,30,1,0
BRDA:149,31,0,0
BRDA:149,31,1,0
BRDA:155,32,0,0
BRDA:155,32,1,0
BRDA:155,33,0,0
BRDA:155,33,1,0
BRDA:201,34,0,0
BRDA:201,34,1,3
BRDA:203,35,0,0
BRDA:203,35,1,3
BRDA:203,36,0,3
BRDA:203,36,1,3
BRDA:204,37,0,0
BRDA:204,37,1,0
BRDA:204,38,0,0
BRDA:204,38,1,0
BRDA:207,39,0,0
BRDA:207,39,1,0
BRDA:207,40,0,0
BRDA:207,40,1,0
BRDA:234,41,0,1
BRDA:234,41,1,2
BRDA:270,42,0,0
BRDA:270,42,1,0
BRDA:274,43,0,0
BRDA:274,43,1,0
BRDA:274,44,0,0
BRDA:274,44,1,0
BRDA:275,45,0,0
BRDA:275,45,1,0
BRDA:275,46,0,0
BRDA:275,46,1,0
BRDA:278,47,0,0
BRDA:278,47,1,0
BRDA:278,48,0,0
BRDA:278,48,1,0
BRDA:302,49,0,0
BRDA:302,49,1,0
BRDA:306,50,0,0
BRDA:306,50,1,0
BRDA:306,51,0,0
BRDA:306,51,1,0
BRDA:307,52,0,0
BRDA:307,52,1,0
BRDA:307,53,0,0
BRDA:307,53,1,0
BRDA:310,54,0,0
BRDA:310,54,1,0
BRDA:310,55,0,0
BRDA:310,55,1,0
BRF:112
BRH:15
end_of_record
TN:
SF:src\controllers\search.controller.js
FN:7,(anonymous_0)
FNF:1
FNH:0
FNDA:0,(anonymous_0)
DA:2,6
DA:3,6
DA:5,6
DA:7,6
DA:8,0
DA:10,0
DA:11,0
DA:17,0
DA:19,0
DA:20,0
DA:21,0
DA:22,0
DA:23,0
DA:25,0
DA:26,0
DA:27,0
DA:28,0
DA:29,0
DA:30,0
DA:31,0
DA:32,0
DA:33,0
DA:34,0
DA:35,0
DA:36,0
DA:39,0
DA:72,0
LF:27
LH:4
BRDA:8,0,0,0
BRDA:8,0,1,0
BRDA:10,1,0,0
BRDA:10,1,1,0
BRDA:10,2,0,0
BRDA:10,2,1,0
BRDA:25,3,0,0
BRDA:25,3,1,0
BRDA:25,4,0,0
BRDA:25,4,1,0
BRDA:31,5,0,0
BRDA:31,5,1,0
BRDA:31,6,0,0
BRDA:31,6,1,0
BRF:14
BRH:0
end_of_record
TN:
SF:src\controllers\students.controller.js
FN:11,(anonymous_0)
FN:21,(anonymous_1)
FN:127,(anonymous_2)
FN:160,(anonymous_3)
FN:199,(anonymous_4)
FN:206,(anonymous_5)
FN:242,(anonymous_6)
FN:255,(anonymous_7)
FN:284,(anonymous_8)
FN:296,(anonymous_9)
FN:335,(anonymous_10)
FNF:11
FNH:9
FNDA:7,(anonymous_0)
FNDA:5,(anonymous_1)
FNDA:1,(anonymous_2)
FNDA:0,(anonymous_3)
FNDA:2,(anonymous_4)
FNDA:2,(anonymous_5)
FNDA:1,(anonymous_6)
FNDA:1,(anonymous_7)
FNDA:1,(anonymous_8)
FNDA:1,(anonymous_9)
FNDA:0,(anonymous_10)
DA:2,6
DA:3,6
DA:4,6
DA:5,6
DA:6,6
DA:7,6
DA:8,6
DA:9,6
DA:11,7
DA:21,6
DA:31,5
DA:33,5
DA:34,5
DA:37,5
DA:38,5
DA:39,5
DA:42,5
DA:45,5
DA:61,5
DA:82,5
DA:86,5
DA:88,5
DA:101,5
DA:127,6
DA:128,1
DA:129,1
DA:131,1
DA:132,0
DA:135,1
DA:136,1
DA:147,1
DA:148,1
DA:160,6
DA:161,0
DA:184,0
DA:185,0
DA:188,0
DA:199,6
DA:200,2
DA:202,2
DA:203,2
DA:204,2
DA:206,2
DA:207,2
DA:215,2
DA:225,2
DA:227,2
DA:242,6
DA:243,1
DA:244,1
DA:246,1
DA:251,1
DA:252,0
DA:255,1
DA:256,1
DA:257,1
DA:263,1
DA:273,1
DA:284,6
DA:285,1
DA:287,1
DA:292,1
DA:293,0
DA:296,1
DA:298,1
DA:305,1
DA:306,1
DA:307,1
DA:308,1
DA:310,1
DA:313,1
DA:314,0
DA:317,1
DA:318,1
DA:321,1
DA:323,1
DA:324,1
DA:335,6
DA:336,0
DA:337,0
DA:339,0
DA:344,0
DA:345,0
DA:348,0
DA:349,0
DA:350,0
DA:352,0
DA:360,0
DA:361,0
LF:89
LH:70
BRDA:13,0,0,6
BRDA:13,0,1,1
BRDA:23,1,0,4
BRDA:24,2,0,3
BRDA:25,3,0,3
BRDA:26,4,0,5
BRDA:27,5,0,5
BRDA:38,6,0,5
BRDA:38,6,1,0
BRDA:39,7,0,5
BRDA:39,7,1,0
BRDA:47,8,0,5
BRDA:47,8,1,0
BRDA:48,9,0,5
BRDA:48,9,1,0
BRDA:49,10,0,5
BRDA:49,10,1,0
BRDA:50,11,0,5
BRDA:50,11,1,1
BRDA:94,12,0,5
BRDA:94,12,1,0
BRDA:95,13,0,5
BRDA:95,13,1,0
BRDA:131,14,0,0
BRDA:131,14,1,1
BRDA:151,15,0,1
BRDA:151,15,1,0
BRDA:184,16,0,0
BRDA:184,16,1,0
BRDA:203,17,0,2
BRDA:203,17,1,0
BRDA:230,18,0,2
BRDA:230,18,1,2
BRDA:251,19,0,0
BRDA:251,19,1,1
BRDA:256,20,0,1
BRDA:256,20,1,0
BRDA:267,21,0,1
BRDA:267,21,1,0
BRDA:268,22,0,1
BRDA:268,22,1,0
BRDA:292,23,0,0
BRDA:292,23,1,1
BRDA:313,24,0,0
BRDA:313,24,1,1
BRDA:344,25,0,0
BRDA:344,25,1,0
BRDA:349,26,0,0
BRDA:349,26,1,0
BRDA:364,27,0,0
BRDA:364,27,1,0
BRF:51
BRH:27
end_of_record
TN:
SF:src\controllers\task.controller.js
FN:6,(anonymous_0)
FN:50,(anonymous_1)
FN:97,(anonymous_2)
FN:129,(anonymous_3)
FN:155,(anonymous_4)
FNF:5
FNH:0
FNDA:0,(anonymous_0)
FNDA:0,(anonymous_1)
FNDA:0,(anonymous_2)
FNDA:0,(anonymous_3)
FNDA:0,(anonymous_4)
DA:1,6
DA:2,6
DA:3,6
DA:4,6
DA:6,6
DA:7,0
DA:8,0
DA:9,0
DA:11,0
DA:14,0
DA:15,0
DA:16,0
DA:17,0
DA:18,0
DA:19,0
DA:22,0
DA:37,0
DA:44,0
DA:46,0
DA:50,6
DA:51,0
DA:52,0
DA:53,0
DA:55,0
DA:56,0
DA:60,0
DA:61,0
DA:62,0
DA:63,0
DA:65,0
DA:66,0
DA:67,0
DA:68,0
DA:75,0
DA:76,0
DA:77,0
DA:78,0
DA:81,0
DA:91,0
DA:93,0
DA:97,6
DA:98,0
DA:99,0
DA:100,0
DA:101,0
DA:103,0
DA:106,0
DA:107,0
DA:108,0
DA:109,0
DA:110,0
DA:111,0
DA:114,0
DA:123,0
DA:125,0
DA:129,6
DA:130,0
DA:131,0
DA:132,0
DA:135,0
DA:136,0
DA:137,0
DA:138,0
DA:139,0
DA:140,0
DA:143,0
DA:148,0
DA:149,0
DA:151,0
DA:155,6
DA:156,0
DA:157,0
DA:159,0
DA:160,0
DA:161,0
DA:162,0
DA:163,0
DA:164,0
DA:167,0
DA:171,0
DA:173,0
LF:81
LH:9
BRDA:11,0,0,0
BRDA:11,0,1,0
BRDA:15,1,0,0
BRDA:15,1,1,0
BRDA:17,2,0,0
BRDA:17,2,1,0
BRDA:17,3,0,0
BRDA:17,3,1,0
BRDA:18,4,0,0
BRDA:18,4,1,0
BRDA:18,5,0,0
BRDA:18,5,1,0
BRDA:19,6,0,0
BRDA:19,6,1,0
BRDA:19,7,0,0
BRDA:19,7,1,0
BRDA:29,8,0,0
BRDA:29,8,1,0
BRDA:55,9,0,0
BRDA:55,9,1,0
BRDA:60,10,0,0
BRDA:60,10,1,0
BRDA:62,11,0,0
BRDA:62,11,1,0
BRDA:65,12,0,0
BRDA:65,12,1,0
BRDA:67,13,0,0
BRDA:67,13,1,0
BRDA:76,14,0,0
BRDA:76,14,1,0
BRDA:76,15,0,0
BRDA:76,15,1,0
BRDA:77,16,0,0
BRDA:77,16,1,0
BRDA:78,17,0,0
BRDA:78,17,1,0
BRDA:103,18,0,0
BRDA:103,18,1,0
BRDA:107,19,0,0
BRDA:107,19,1,0
BRDA:109,20,0,0
BRDA:109,20,1,0
BRDA:109,21,0,0
BRDA:109,21,1,0
BRDA:110,22,0,0
BRDA:110,22,1,0
BRDA:110,23,0,0
BRDA:110,23,1,0
BRDA:111,24,0,0
BRDA:111,24,1,0
BRDA:111,25,0,0
BRDA:111,25,1,0
BRDA:136,26,0,0
BRDA:136,26,1,0
BRDA:138,27,0,0
BRDA:138,27,1,0
BRDA:138,28,0,0
BRDA:138,28,1,0
BRDA:139,29,0,0
BRDA:139,29,1,0
BRDA:139,30,0,0
BRDA:139,30,1,0
BRDA:140,31,0,0
BRDA:140,31,1,0
BRDA:140,32,0,0
BRDA:140,32,1,0
BRDA:160,33,0,0
BRDA:160,33,1,0
BRDA:162,34,0,0
BRDA:162,34,1,0
BRDA:162,35,0,0
BRDA:162,35,1,0
BRDA:163,36,0,0
BRDA:163,36,1,0
BRDA:163,37,0,0
BRDA:163,37,1,0
BRDA:164,38,0,0
BRDA:164,38,1,0
BRDA:164,39,0,0
BRDA:164,39,1,0
BRF:80
BRH:0
end_of_record
TN:
SF:src\controllers\timetable.controller.js
FN:10,(anonymous_0)
FN:77,(anonymous_1)
FN:109,(anonymous_2)
FN:172,(anonymous_3)
FN:210,(anonymous_4)
FN:230,(anonymous_5)
FN:242,(anonymous_6)
FNF:7
FNH:3
FNDA:0,(anonymous_0)
FNDA:0,(anonymous_1)
FNDA:1,(anonymous_2)
FNDA:0,(anonymous_3)
FNDA:1,(anonymous_4)
FNDA:1,(anonymous_5)
FNDA:0,(anonymous_6)
DA:1,6
DA:2,6
DA:3,6
DA:10,6
DA:11,0
DA:12,0
DA:13,0
DA:15,0
DA:17,0
DA:18,0
DA:29,0
DA:30,0
DA:34,0
DA:43,0
DA:44,0
DA:45,0
DA:46,0
DA:47,0
DA:50,0
DA:51,0
DA:52,0
DA:53,0
DA:57,0
DA:66,0
DA:68,0
DA:77,6
DA:78,0
DA:79,0
DA:87,0
DA:88,0
DA:92,0
DA:93,0
DA:94,0
DA:95,0
DA:98,0
DA:100,0
DA:109,6
DA:110,1
DA:111,1
DA:114,1
DA:115,0
DA:122,1
DA:123,1
DA:124,0
DA:125,0
DA:129,1
DA:140,1
DA:141,0
DA:147,1
DA:161,1
DA:163,0
DA:172,6
DA:173,0
DA:174,0
DA:175,0
DA:178,0
DA:179,0
DA:180,0
DA:181,0
DA:182,0
DA:183,0
DA:186,0
DA:199,0
DA:201,0
DA:210,6
DA:211,1
DA:212,1
DA:213,1
DA:214,1
DA:215,1
DA:216,0
DA:217,0
DA:220,1
DA:223,1
DA:224,1
DA:226,0
DA:230,6
DA:231,1
DA:232,1
DA:236,1
DA:238,0
DA:242,6
DA:243,0
DA:244,0
DA:248,0
DA:250,0
LF:86
LH:30
BRDA:17,0,0,0
BRDA:17,0,1,0
BRDA:29,1,0,0
BRDA:29,1,1,0
BRDA:43,2,0,0
BRDA:43,2,1,0
BRDA:44,3,0,0
BRDA:44,3,1,0
BRDA:45,4,0,0
BRDA:45,4,1,0
BRDA:46,5,0,0
BRDA:46,5,1,0
BRDA:47,6,0,0
BRDA:47,6,1,0
BRDA:51,7,0,0
BRDA:51,7,1,0
BRDA:51,8,0,0
BRDA:51,8,1,0
BRDA:52,9,0,0
BRDA:52,9,1,0
BRDA:53,10,0,0
BRDA:53,10,1,0
BRDA:87,11,0,0
BRDA:87,11,1,0
BRDA:93,12,0,0
BRDA:93,12,1,0
BRDA:93,13,0,0
BRDA:93,13,1,0
BRDA:94,14,0,0
BRDA:94,14,1,0
BRDA:94,15,0,0
BRDA:94,15,1,0
BRDA:95,16,0,0
BRDA:95,16,1,0
BRDA:95,17,0,0
BRDA:95,17,1,0
BRDA:114,18,0,0
BRDA:114,18,1,1
BRDA:114,19,0,1
BRDA:114,19,1,1
BRDA:114,19,2,1
BRDA:114,19,3,1
BRDA:114,19,4,1
BRDA:123,20,0,0
BRDA:123,20,1,1
BRDA:123,21,0,1
BRDA:123,21,1,1
BRDA:124,22,0,0
BRDA:124,22,1,0
BRDA:124,23,0,0
BRDA:124,23,1,0
BRDA:125,24,0,0
BRDA:125,24,1,0
BRDA:125,25,0,0
BRDA:125,25,1,0
BRDA:140,26,0,0
BRDA:140,26,1,1
BRDA:155,27,0,1
BRDA:155,27,1,0
BRDA:157,28,0,1
BRDA:157,28,1,1
BRDA:180,29,0,0
BRDA:180,29,1,0
BRDA:181,30,0,0
BRDA:181,30,1,0
BRDA:181,31,0,0
BRDA:181,31,1,0
BRDA:182,32,0,0
BRDA:182,32,1,0
BRDA:182,33,0,0
BRDA:182,33,1,0
BRDA:183,34,0,0
BRDA:183,34,1,0
BRDA:183,35,0,0
BRDA:183,35,1,0
BRDA:194,36,0,0
BRDA:194,36,1,0
BRDA:195,37,0,0
BRDA:195,37,1,0
BRDA:213,38,0,0
BRDA:213,38,1,1
BRDA:215,39,0,0
BRDA:215,39,1,1
BRDA:215,40,0,1
BRDA:215,40,1,1
BRDA:216,41,0,0
BRDA:216,41,1,0
BRDA:216,42,0,0
BRDA:216,42,1,0
BRDA:217,43,0,0
BRDA:217,43,1,0
BRDA:217,44,0,0
BRDA:217,44,1,0
BRF:93
BRH:17
end_of_record
TN:
SF:src\controllers\transcript.controller.js
FN:5,(anonymous_0)
FN:16,(anonymous_1)
FN:17,(anonymous_2)
FN:23,(anonymous_3)
FN:27,(anonymous_4)
FNF:5
FNH:1
FNDA:1,(anonymous_0)
FNDA:0,(anonymous_1)
FNDA:0,(anonymous_2)
FNDA:0,(anonymous_3)
FNDA:0,(anonymous_4)
DA:1,6
DA:2,6
DA:3,6
DA:5,6
DA:6,1
DA:9,1
DA:10,0
DA:13,1
DA:16,1
DA:17,1
DA:18,0
DA:19,0
DA:20,0
DA:23,1
DA:24,1
DA:27,1
DA:28,0
DA:29,0
DA:30,0
DA:31,0
DA:34,1
LF:21
LH:13
BRDA:9,0,0,0
BRDA:9,0,1,1
BRDA:9,1,0,1
BRDA:9,1,1,0
BRDA:16,2,0,0
BRDA:16,2,1,0
BRDA:19,3,0,0
BRDA:19,3,1,0
BRDA:19,4,0,0
BRDA:19,4,1,0
BRDA:19,5,0,0
BRDA:19,5,1,0
BRDA:19,6,0,0
BRDA:19,6,1,0
BRDA:20,7,0,0
BRDA:20,7,1,0
BRDA:23,8,0,0
BRDA:23,8,1,0
BRDA:24,9,0,0
BRDA:24,9,1,1
BRDA:29,10,0,0
BRDA:29,10,1,0
BRF:22
BRH:3
end_of_record
TN:
SF:src\controllers\user.controller.js
FN:10,(anonymous_0)
FN:28,(anonymous_1)
FN:48,(anonymous_2)
FN:72,(anonymous_3)
FN:140,(anonymous_4)
FN:190,(anonymous_5)
FN:227,(anonymous_6)
FN:278,(anonymous_7)
FN:294,(anonymous_8)
FN:309,(anonymous_9)
FN:363,(anonymous_10)
FNF:11
FNH:0
FNDA:0,(anonymous_0)
FNDA:0,(anonymous_1)
FNDA:0,(anonymous_2)
FNDA:0,(anonymous_3)
FNDA:0,(anonymous_4)
FNDA:0,(anonymous_5)
FNDA:0,(anonymous_6)
FNDA:0,(anonymous_7)
FNDA:0,(anonymous_8)
FNDA:0,(anonymous_9)
FNDA:0,(anonymous_10)
DA:1,6
DA:2,6
DA:3,6
DA:4,6
DA:5,6
DA:6,6
DA:7,6
DA:10,6
DA:11,0
DA:12,0
DA:13,0
DA:15,0
DA:17,0
DA:22,0
DA:23,0
DA:24,0
DA:28,6
DA:29,0
DA:30,0
DA:31,0
DA:33,0
DA:34,0
DA:35,0
DA:37,0
DA:38,0
DA:40,0
DA:44,0
DA:48,6
DA:49,0
DA:50,0
DA:51,0
DA:53,0
DA:55,0
DA:56,0
DA:58,0
DA:59,0
DA:61,0
DA:65,0
DA:66,0
DA:72,6
DA:73,0
DA:74,0
DA:78,0
DA:79,0
DA:91,0
DA:92,0
DA:109,0
DA:123,0
DA:124,0
DA:127,0
DA:140,6
DA:141,0
DA:142,0
DA:143,0
DA:147,0
DA:157,0
DA:158,0
DA:162,0
DA:163,0
DA:169,0
DA:174,0
DA:181,0
DA:190,6
DA:191,0
DA:192,0
DA:194,0
DA:198,0
DA:199,0
DA:202,0
DA:203,0
DA:204,0
DA:207,0
DA:208,0
DA:210,0
DA:218,0
DA:227,6
DA:228,0
DA:230,0
DA:231,0
DA:236,0
DA:238,0
DA:241,0
DA:245,0
DA:251,0
DA:259,0
DA:260,0
DA:261,0
DA:262,0
DA:263,0
DA:265,0
DA:270,0
DA:278,6
DA:279,0
DA:293,0
DA:295,0
DA:296,0
DA:300,0
DA:302,0
DA:306,0
DA:309,6
DA:310,0
DA:312,0
DA:313,0
DA:314,0
DA:317,0
DA:320,0
DA:331,0
DA:332,0
DA:341,0
DA:359,0
DA:360,0
DA:363,6
DA:364,0
DA:366,0
DA:367,0
DA:370,0
DA:372,0
DA:373,0
LF:118
LH:17
BRDA:13,0,0,0
BRDA:13,0,1,0
BRDA:33,1,0,0
BRDA:33,1,1,0
BRDA:34,2,0,0
BRDA:34,2,1,0
BRDA:35,3,0,0
BRDA:35,3,1,0
BRDA:38,4,0,0
BRDA:38,4,1,0
BRDA:53,5,0,0
BRDA:53,5,1,0
BRDA:56,6,0,0
BRDA:56,6,1,0
BRDA:59,7,0,0
BRDA:59,7,1,0
BRDA:78,8,0,0
BRDA:78,8,1,0
BRDA:91,9,0,0
BRDA:91,9,1,0
BRDA:123,10,0,0
BRDA:123,10,1,0
BRDA:154,11,0,0
BRDA:154,11,1,0
BRDA:157,12,0,0
BRDA:157,12,1,0
BRDA:162,13,0,0
BRDA:162,13,1,0
BRDA:198,14,0,0
BRDA:198,14,1,0
BRDA:203,15,0,0
BRDA:203,15,1,0
BRDA:230,16,0,0
BRDA:230,16,1,0
BRDA:236,17,0,0
BRDA:236,17,1,0
BRDA:259,18,0,0
BRDA:259,18,1,0
BRDA:259,19,0,0
BRDA:259,19,1,0
BRDA:259,19,2,0
BRDA:261,20,0,0
BRDA:261,20,1,0
BRDA:295,21,0,0
BRDA:295,21,1,0
BRDA:313,22,0,0
BRDA:313,22,1,0
BRDA:324,23,0,0
BRDA:324,23,1,0
BRDA:325,24,0,0
BRDA:325,24,1,0
BRDA:326,25,0,0
BRDA:326,25,1,0
BRDA:326,26,0,0
BRDA:326,26,1,0
BRDA:326,26,2,0
BRDA:327,27,0,0
BRDA:327,27,1,0
BRDA:327,28,0,0
BRDA:327,28,1,0
BRDA:331,29,0,0
BRDA:331,29,1,0
BRDA:331,30,0,0
BRDA:331,30,1,0
BRDA:331,30,2,0
BRDA:331,30,3,0
BRDA:336,31,0,0
BRDA:336,31,1,0
BRDA:336,32,0,0
BRDA:336,32,1,0
BRDA:359,33,0,0
BRDA:359,33,1,0
BRDA:366,34,0,0
BRDA:366,34,1,0
BRF:74
BRH:0
end_of_record
TN:
SF:src\middleware\audit.middleware.js
FN:4,(anonymous_0)
FN:7,(anonymous_1)
FN:18,(anonymous_2)
FN:19,(anonymous_3)
FN:23,(anonymous_4)
FN:55,(anonymous_5)
FNF:6
FNH:5
FNDA:1,(anonymous_0)
FNDA:5,(anonymous_1)
FNDA:2,(anonymous_2)
FNDA:2,(anonymous_3)
FNDA:2,(anonymous_4)
FNDA:0,(anonymous_5)
DA:1,1
DA:3,1
DA:4,1
DA:5,1
DA:6,1
DA:7,1
DA:8,5
DA:10,1
DA:18,1
DA:19,2
DA:21,2
DA:23,2
DA:25,2
DA:28,2
DA:29,1
DA:30,1
DA:31,1
DA:34,1
DA:37,1
DA:56,0
DA:60,2
DA:63,2
DA:67,1
LF:23
LH:22
BRDA:5,0,0,0
BRDA:5,0,1,1
BRDA:5,1,0,1
BRDA:5,1,1,1
BRDA:8,2,0,0
BRDA:8,2,1,5
BRDA:28,3,0,1
BRDA:28,3,1,1
BRDA:28,4,0,2
BRDA:28,4,1,2
BRDA:28,4,2,2
BRDA:29,5,0,1
BRDA:29,5,1,0
BRDA:30,6,0,1
BRDA:30,6,1,0
BRDA:31,7,0,1
BRDA:31,7,1,0
BRDA:34,8,0,1
BRDA:34,8,1,1
BRDA:34,9,0,1
BRDA:34,9,1,0
BRDA:34,10,0,1
BRDA:34,10,1,1
BRDA:44,11,0,1
BRDA:44,11,1,0
BRDA:48,12,0,1
BRDA:48,12,1,0
BRF:27
BRH:19
end_of_record
TN:
SF:src\middleware\auth.middleware.js
FN:9,(anonymous_0)
FN:79,(anonymous_1)
FN:80,(anonymous_2)
FN:96,(anonymous_3)
FNF:4
FNH:4
FNDA:67,(anonymous_0)
FNDA:325,(anonymous_1)
FNDA:39,(anonymous_2)
FNDA:29,(anonymous_3)
DA:1,7
DA:2,7
DA:3,7
DA:4,7
DA:9,7
DA:11,67
DA:12,0
DA:13,67
DA:14,65
DA:17,67
DA:18,2
DA:25,65
DA:27,63
DA:28,29
DA:29,29
DA:30,2
DA:38,61
DA:57,61
DA:58,0
DA:64,61
DA:65,0
DA:72,61
DA:73,61
DA:79,7
DA:80,325
DA:81,39
DA:82,0
DA:89,39
DA:92,39
DA:93,29
DA:96,29
DA:97,10
DA:98,7
DA:104,3
DA:108,7
LF:35
LH:31
BRDA:11,0,0,0
BRDA:11,0,1,67
BRDA:13,1,0,65
BRDA:13,1,1,2
BRDA:17,2,0,2
BRDA:17,2,1,65
BRDA:27,3,0,29
BRDA:27,3,1,34
BRDA:29,4,0,2
BRDA:29,4,1,27
BRDA:57,5,0,0
BRDA:57,5,1,61
BRDA:64,6,0,0
BRDA:64,6,1,61
BRDA:81,7,0,0
BRDA:81,7,1,39
BRDA:89,8,0,39
BRDA:89,8,1,0
BRDA:92,9,0,29
BRDA:92,9,1,10
BRDA:97,10,0,7
BRDA:97,10,1,3
BRF:22
BRH:17
end_of_record
TN:
SF:src\middleware\error.middleware.js
FN:6,(anonymous_0)
FN:30,(anonymous_1)
FN:36,(anonymous_2)
FN:40,(anonymous_3)
FN:45,(anonymous_4)
FN:49,(anonymous_5)
FN:52,(anonymous_6)
FN:55,(anonymous_7)
FN:67,(anonymous_8)
FNF:9
FNH:2
FNDA:6,(anonymous_0)
FNDA:0,(anonymous_1)
FNDA:0,(anonymous_2)
FNDA:0,(anonymous_3)
FNDA:0,(anonymous_4)
FNDA:0,(anonymous_5)
FNDA:0,(anonymous_6)
FNDA:0,(anonymous_7)
FNDA:6,(anonymous_8)
DA:1,6
DA:6,6
DA:8,6
DA:9,6
DA:10,6
DA:12,6
DA:13,0
DA:15,6
DA:16,6
DA:19,6
DA:20,6
DA:21,6
DA:22,6
DA:23,6
DA:24,6
DA:26,6
DA:30,6
DA:31,0
DA:32,0
DA:33,0
DA:36,6
DA:37,0
DA:40,6
DA:41,0
DA:42,0
DA:45,6
DA:46,0
DA:49,6
DA:50,0
DA:52,6
DA:53,0
DA:55,6
DA:56,0
DA:58,0
DA:67,6
DA:69,6
DA:70,6
DA:72,6
DA:81,0
DA:83,0
DA:91,6
LF:41
LH:27
BRDA:9,0,0,6
BRDA:9,0,1,0
BRDA:10,1,0,6
BRDA:10,1,1,0
BRDA:12,2,0,0
BRDA:12,2,1,6
BRDA:19,3,0,0
BRDA:19,3,1,6
BRDA:20,4,0,0
BRDA:20,4,1,6
BRDA:21,5,0,0
BRDA:21,5,1,6
BRDA:22,6,0,0
BRDA:22,6,1,6
BRDA:23,7,0,0
BRDA:23,7,1,6
BRDA:24,8,0,0
BRDA:24,8,1,6
BRDA:31,9,0,0
BRDA:31,9,1,0
BRDA:41,10,0,0
BRDA:41,10,1,0
BRDA:69,11,0,6
BRDA:69,11,1,0
BRDA:76,12,0,6
BRDA:76,12,1,5
BRF:26
BRH:12
end_of_record
TN:
SF:src\middleware\upload.middleware.js
FN:38,(anonymous_0)
FN:41,(anonymous_1)
FN:48,(anonymous_2)
FNF:3
FNH:0
FNDA:0,(anonymous_0)
FNDA:0,(anonymous_1)
FNDA:0,(anonymous_2)
DA:1,6
DA:2,6
DA:3,6
DA:8,6
DA:12,6
DA:13,0
DA:14,0
DA:16,0
DA:22,0
DA:32,6
DA:33,6
DA:34,0
DA:37,6
DA:39,0
DA:42,0
DA:43,0
DA:48,6
DA:49,0
DA:50,0
DA:51,0
DA:53,0
DA:57,6
DA:65,6
LF:23
LH:11
BRDA:8,0,0,6
BRDA:8,0,1,0
BRDA:8,0,2,0
BRDA:12,1,0,0
BRDA:12,1,1,6
BRDA:33,2,0,0
BRDA:33,2,1,6
BRDA:50,3,0,0
BRDA:50,3,1,0
BRF:9
BRH:3
end_of_record
TN:
SF:src\middleware\validate.middleware.js
FN:6,(anonymous_0)
FN:13,(anonymous_1)
FNF:2
FNH:2
FNDA:14,(anonymous_0)
FNDA:3,(anonymous_1)
DA:1,6
DA:6,6
DA:7,14
DA:8,14
DA:9,12
DA:12,2
DA:13,3
DA:15,2
DA:17,2
DA:24,6
LF:10
LH:10
BRDA:8,0,0,12
BRDA:8,0,1,2
BRDA:15,1,0,2
BRDA:15,1,1,0
BRF:4
BRH:3
end_of_record
TN:
SF:src\routes\analytics.routes.js
FNF:0
FNH:0
DA:1,6
DA:2,6
DA:3,6
DA:4,6
DA:6,6
DA:8,6
LF:6
LH:6
BRF:0
BRH:0
end_of_record
TN:
SF:src\routes\attendance.routes.js
FNF:0
FNH:0
DA:1,6
DA:2,6
DA:3,6
DA:4,6
DA:5,6
DA:6,6
DA:7,6
DA:9,6
DA:10,6
DA:13,6
DA:17,6
LF:11
LH:11
BRF:0
BRH:0
end_of_record
TN:
SF:src\routes\auth.routes.js
FNF:0
FNH:0
DA:1,6
DA:2,6
DA:3,6
DA:4,6
DA:5,6
DA:7,6
DA:9,6
DA:10,6
DA:11,6
DA:12,6
DA:13,6
DA:16,6
DA:17,6
DA:18,6
DA:20,6
LF:15
LH:15
BRF:0
BRH:0
end_of_record
TN:
SF:src\routes\college.routes.js
FNF:0
FNH:0
DA:1,6
DA:9,6
DA:10,6
DA:11,6
DA:12,6
DA:14,6
DA:16,6
DA:17,6
DA:20,6
DA:21,6
DA:22,6
DA:23,6
DA:25,6
LF:13
LH:13
BRF:0
BRH:0
end_of_record
TN:
SF:src\routes\courses.routes.js
FNF:0
FNH:0
DA:1,6
DA:2,6
DA:3,6
DA:4,6
DA:5,6
DA:6,6
DA:9,6
DA:10,6
DA:11,6
DA:14,6
DA:15,6
DA:16,6
DA:18,6
LF:13
LH:13
BRF:0
BRH:0
end_of_record
TN:
SF:src\routes\dashboard.routes.js
FNF:0
FNH:0
DA:1,6
DA:2,6
DA:3,6
DA:4,6
DA:6,6
DA:7,6
DA:8,6
DA:10,6
LF:8
LH:8
BRF:0
BRH:0
end_of_record
TN:
SF:src\routes\department.routes.js
FNF:0
FNH:0
DA:1,6
DA:8,6
DA:9,6
DA:10,6
DA:11,6
DA:13,6
DA:15,6
DA:16,6
DA:19,6
DA:20,6
DA:21,6
DA:23,6
LF:12
LH:12
BRF:0
BRH:0
end_of_record
TN:
SF:src\routes\doctors.routes.js
FNF:0
FNH:0
DA:1,6
DA:2,6
DA:3,6
DA:4,6
DA:5,6
DA:6,6
DA:7,6
DA:10,6
DA:12,6
DA:13,6
DA:14,6
DA:15,6
DA:16,6
DA:17,6
DA:22,6
DA:24,6
LF:16
LH:16
BRF:0
BRH:0
end_of_record
TN:
SF:src\routes\enrollment.routes.js
FNF:0
FNH:0
DA:1,6
DA:2,6
DA:8,6
DA:10,6
DA:12,6
DA:19,6
DA:25,6
DA:32,6
DA:39,6
LF:9
LH:9
BRF:0
BRH:0
end_of_record
TN:
SF:src\routes\exams.routes.js
FNF:0
FNH:0
DA:1,6
DA:2,6
DA:3,6
DA:4,6
DA:5,6
DA:6,6
DA:8,6
DA:9,6
DA:10,6
DA:14,6
DA:24,6
DA:33,6
DA:34,6
DA:35,6
DA:39,6
LF:15
LH:15
BRF:0
BRH:0
end_of_record
TN:
SF:src\routes\notification.routes.js
FNF:0
FNH:0
DA:1,6
DA:7,6
DA:8,6
DA:10,6
DA:12,6
DA:14,6
DA:15,6
DA:16,6
DA:17,6
DA:19,6
LF:10
LH:10
BRF:0
BRH:0
end_of_record
TN:
SF:src\routes\payments.routes.js
FNF:0
FNH:0
DA:1,6
DA:2,6
DA:3,6
DA:4,6
DA:5,6
DA:6,6
DA:8,6
DA:9,6
DA:10,6
DA:11,6
DA:13,6
DA:14,6
DA:15,6
DA:16,6
DA:18,6
LF:15
LH:15
BRF:0
BRH:0
end_of_record
TN:
SF:src\routes\quiz.routes.js
FNF:0
FNH:0
DA:1,6
DA:8,6
DA:9,6
DA:10,6
DA:11,6
DA:13,6
DA:15,6
DA:17,6
DA:18,6
DA:19,6
DA:20,6
DA:21,6
DA:23,6
LF:13
LH:13
BRF:0
BRH:0
end_of_record
TN:
SF:src\routes\schedules.routes.js
FNF:0
FNH:0
DA:1,6
DA:2,6
DA:3,6
DA:4,6
DA:6,6
DA:7,6
DA:9,6
DA:10,6
DA:11,6
DA:13,6
LF:10
LH:10
BRF:0
BRH:0
end_of_record
TN:
SF:src\routes\search.routes.js
FNF:0
FNH:0
DA:1,6
DA:2,6
DA:3,6
DA:5,6
DA:7,6
DA:8,6
DA:10,6
LF:7
LH:7
BRF:0
BRH:0
end_of_record
TN:
SF:src\routes\students.routes.js
FNF:0
FNH:0
DA:1,6
DA:2,6
DA:3,6
DA:4,6
DA:5,6
DA:6,6
DA:7,6
DA:10,6
DA:12,6
DA:13,6
DA:14,6
DA:15,6
DA:16,6
DA:17,6
DA:22,6
DA:24,6
LF:16
LH:16
BRF:0
BRH:0
end_of_record
TN:
SF:src\routes\task.routes.js
FNF:0
FNH:0
DA:1,6
DA:8,6
DA:9,6
DA:10,6
DA:11,6
DA:12,6
DA:14,6
DA:16,6
DA:18,6
DA:19,6
DA:20,6
DA:21,6
DA:27,6
DA:29,6
LF:14
LH:14
BRF:0
BRH:0
end_of_record
TN:
SF:src\routes\timetable.routes.js
FNF:0
FNH:0
DA:1,6
DA:2,6
DA:3,6
DA:4,6
DA:6,6
DA:8,6
DA:9,6
DA:12,6
DA:13,6
DA:14,6
DA:16,6
DA:17,6
DA:19,6
LF:13
LH:13
BRF:0
BRH:0
end_of_record
TN:
SF:src\routes\transcript.routes.js
FNF:0
FNH:0
DA:1,6
DA:2,6
DA:3,6
DA:5,6
DA:7,6
DA:9,6
LF:6
LH:6
BRF:0
BRH:0
end_of_record
TN:
SF:src\routes\users.routes.js
FNF:0
FNH:0
DA:1,6
DA:13,6
DA:14,6
DA:15,6
DA:16,6
DA:17,6
DA:18,6
DA:20,6
DA:22,6
DA:24,6
DA:25,6
DA:27,6
DA:34,6
DA:37,6
DA:38,6
DA:41,6
DA:47,6
DA:48,6
DA:58,6
DA:60,6
LF:20
LH:20
BRF:0
BRH:0
end_of_record
TN:
SF:src\services\enrollment.service.js
FN:5,(anonymous_0)
FN:29,(anonymous_1)
FN:42,(anonymous_2)
FN:59,(anonymous_3)
FNF:4
FNH:4
FNDA:3,(anonymous_0)
FNDA:1,(anonymous_1)
FNDA:1,(anonymous_2)
FNDA:1,(anonymous_3)
DA:1,6
DA:2,6
DA:11,3
DA:14,3
DA:15,1
DA:18,2
DA:22,2
DA:23,0
DA:25,2
DA:26,1
DA:29,1
DA:30,1
DA:38,1
DA:43,1
DA:46,1
DA:47,0
DA:50,1
DA:60,1
DA:78,6
LF:19
LH:17
BRDA:14,0,0,1
BRDA:14,0,1,2
BRDA:22,1,0,0
BRDA:22,1,1,2
BRDA:25,2,0,1
BRDA:25,2,1,1
BRDA:46,3,0,0
BRDA:46,3,1,1
BRF:8
BRH:6
end_of_record
TN:
SF:src\services\timetable.service.js
FN:5,(anonymous_0)
FN:27,(anonymous_1)
FN:97,(anonymous_2)
FN:132,(anonymous_3)
FNF:4
FNH:0
FNDA:0,(anonymous_0)
FNDA:0,(anonymous_1)
FNDA:0,(anonymous_2)
FNDA:0,(anonymous_3)
DA:1,0
DA:2,0
DA:12,0
DA:24,0
DA:38,0
DA:40,0
DA:44,0
DA:45,0
DA:47,0
DA:48,0
DA:51,0
DA:61,0
DA:62,0
DA:67,0
DA:68,0
DA:69,0
DA:70,0
DA:76,0
DA:77,0
DA:82,0
DA:98,0
DA:99,0
DA:101,0
DA:103,0
DA:104,0
DA:105,0
DA:108,0
DA:110,0
DA:118,0
DA:119,0
DA:133,0
DA:144,0
LF:32
LH:0
BRDA:16,0,0,0
BRDA:16,0,1,0
BRDA:44,1,0,0
BRDA:44,1,1,0
BRDA:47,2,0,0
BRDA:47,2,1,0
BRDA:61,3,0,0
BRDA:61,3,1,0
BRDA:67,4,0,0
BRDA:67,4,1,0
BRDA:69,5,0,0
BRDA:69,5,1,0
BRDA:76,6,0,0
BRDA:76,6,1,0
BRDA:90,7,0,0
BRDA:90,7,1,0
BRDA:92,8,0,0
BRDA:92,8,1,0
BRDA:99,9,0,0
BRDA:99,9,1,0
BRDA:101,10,0,0
BRDA:101,10,1,0
BRDA:104,11,0,0
BRDA:104,11,1,0
BRDA:108,12,0,0
BRDA:108,12,1,0
BRDA:115,13,0,0
BRDA:115,13,1,0
BRDA:118,14,0,0
BRDA:118,14,1,0
BRDA:125,15,0,0
BRDA:125,15,1,0
BRF:32
BRH:0
end_of_record
TN:
SF:src\services\user.service.js
FN:12,(anonymous_0)
FN:19,(anonymous_1)
FNF:2
FNH:0
FNDA:0,(anonymous_0)
FNDA:0,(anonymous_1)
DA:1,0
DA:3,0
DA:13,0
DA:20,0
DA:27,0
LF:5
LH:0
BRF:0
BRH:0
end_of_record
TN:
SF:src\utils\appError.js
FN:5,(anonymous_0)
FN:20,(anonymous_1)
FN:29,(anonymous_2)
FN:38,(anonymous_3)
FN:48,(anonymous_4)
FN:57,(anonymous_5)
FNF:6
FNH:4
FNDA:8,(anonymous_0)
FNDA:5,(anonymous_1)
FNDA:0,(anonymous_2)
FNDA:1,(anonymous_3)
FNDA:0,(anonymous_4)
FNDA:2,(anonymous_5)
DA:6,8
DA:8,8
DA:9,8
DA:10,8
DA:12,8
DA:21,5
DA:30,0
DA:39,1
DA:40,1
DA:49,0
DA:58,2
DA:62,7
LF:12
LH:10
BRDA:9,0,0,8
BRDA:9,0,1,0
BRDA:20,1,0,0
BRDA:29,2,0,0
BRDA:38,3,0,1
BRDA:48,4,0,0
BRF:6
BRH:2
end_of_record
TN:
SF:src\utils\audit.utils.js
FN:3,auditLog
FNF:1
FNH:1
FNDA:7,auditLog
DA:1,6
DA:10,7
DA:11,7
DA:23,6
LF:4
LH:4
BRDA:10,0,0,3
BRDA:10,0,1,4
BRDA:19,1,0,7
BRDA:19,1,1,2
BRF:4
BRH:4
end_of_record
TN:
SF:src\utils\catchAsync.js
FN:5,(anonymous_0)
FN:6,(anonymous_1)
FNF:2
FNH:2
FNDA:391,(anonymous_0)
FNDA:101,(anonymous_1)
DA:5,7
DA:6,391
DA:7,101
LF:3
LH:3
BRF:0
BRH:0
end_of_record
TN:
SF:src\utils\cron.js
FN:10,(anonymous_0)
FN:11,(anonymous_1)
FN:41,(anonymous_2)
FN:45,(anonymous_3)
FN:45,(anonymous_4)
FN:46,(anonymous_5)
FN:49,(anonymous_6)
FN:51,(anonymous_7)
FN:52,(anonymous_8)
FN:116,(anonymous_9)
FNF:10
FNH:0
FNDA:0,(anonymous_0)
FNDA:0,(anonymous_1)
FNDA:0,(anonymous_2)
FNDA:0,(anonymous_3)
FNDA:0,(anonymous_4)
FNDA:0,(anonymous_5)
FNDA:0,(anonymous_6)
FNDA:0,(anonymous_7)
FNDA:0,(anonymous_8)
FNDA:0,(anonymous_9)
DA:1,0
DA:2,0
DA:3,0
DA:4,0
DA:10,0
DA:11,0
DA:12,0
DA:14,0
DA:15,0
DA:16,0
DA:17,0
DA:19,0
DA:20,0
DA:36,0
DA:38,0
DA:40,0
DA:41,0
DA:42,0
DA:45,0
DA:46,0
DA:49,0
DA:50,0
DA:51,0
DA:52,0
DA:53,0
DA:56,0
DA:57,0
DA:58,0
DA:59,0
DA:60,0
DA:61,0
DA:62,0
DA:66,0
DA:86,0
DA:88,0
DA:95,0
DA:102,0
DA:103,0
DA:112,0
DA:113,0
DA:116,0
DA:119,0
DA:121,0
DA:126,0
LF:44
LH:0
BRDA:22,0,0,0
BRDA:22,0,1,0
BRDA:36,1,0,0
BRDA:36,1,1,0
BRDA:41,2,0,0
BRDA:41,2,1,0
BRDA:42,3,0,0
BRDA:42,3,1,0
BRDA:46,4,0,0
BRDA:46,4,1,0
BRDA:53,5,0,0
BRDA:53,5,1,0
BRDA:57,6,0,0
BRDA:57,6,1,0
BRDA:57,7,0,0
BRDA:57,7,1,0
BRDA:59,8,0,0
BRDA:59,8,1,0
BRDA:59,9,0,0
BRDA:59,9,1,0
BRDA:61,10,0,0
BRDA:61,10,1,0
BRDA:61,11,0,0
BRDA:61,11,1,0
BRDA:86,12,0,0
BRDA:86,12,1,0
BRDA:102,13,0,0
BRDA:102,13,1,0
BRF:28
BRH:0
end_of_record
TN:
SF:src\utils\jwt.utils.js
FN:9,(anonymous_0)
FN:24,(anonymous_1)
FN:43,(anonymous_2)
FN:60,(anonymous_3)
FNF:4
FNH:3
FNDA:32,(anonymous_0)
FNDA:2,(anonymous_1)
FNDA:65,(anonymous_2)
FNDA:0,(anonymous_3)
DA:1,7
DA:2,7
DA:3,7
DA:4,7
DA:9,7
DA:10,32
DA:24,7
DA:25,2
DA:26,2
DA:27,2
DA:29,2
DA:37,2
DA:43,7
DA:44,65
DA:45,65
DA:50,2
DA:51,0
DA:53,2
DA:60,7
DA:61,0
DA:64,7
LF:21
LH:19
BRDA:9,0,0,7
BRDA:50,1,0,0
BRDA:50,1,1,2
BRF:3
BRH:2
end_of_record
TN:
SF:src\utils\logger.js
FN:40,(anonymous_0)
FNF:1
FNH:1
FNDA:23,(anonymous_0)
DA:1,6
DA:2,6
DA:7,6
DA:34,6
DA:41,23
DA:42,23
DA:47,6
LF:7
LH:7
BRDA:8,0,0,0
BRDA:8,0,1,6
BRDA:35,1,0,0
BRDA:35,1,1,6
BRDA:41,2,0,0
BRDA:41,2,1,23
BRF:6
BRH:3
end_of_record
TN:
SF:src\utils\notification.utils.js
FN:6,(anonymous_0)
FN:21,(anonymous_1)
FN:28,(anonymous_2)
FN:39,(anonymous_3)
FN:54,(anonymous_4)
FN:73,(anonymous_5)
FN:94,(anonymous_6)
FNF:7
FNH:0
FNDA:0,(anonymous_0)
FNDA:0,(anonymous_1)
FNDA:0,(anonymous_2)
FNDA:0,(anonymous_3)
FNDA:0,(anonymous_4)
FNDA:0,(anonymous_5)
FNDA:0,(anonymous_6)
DA:1,6
DA:6,6
DA:7,0
DA:8,0
DA:17,0
DA:21,6
DA:22,0
DA:23,0
DA:28,0
DA:29,0
DA:32,0
DA:39,6
DA:40,0
DA:41,0
DA:52,0
DA:54,0
DA:60,0
DA:65,0
DA:73,6
DA:74,0
DA:75,0
DA:80,0
DA:83,0
DA:90,0
DA:91,0
DA:92,0
DA:94,0
DA:95,0
DA:97,0
DA:98,0
DA:99,0
DA:100,0
DA:101,0
DA:102,0
DA:105,0
DA:106,0
DA:115,0
DA:116,0
DA:121,0
DA:125,6
LF:40
LH:6
BRDA:6,0,0,0
BRDA:21,1,0,0
BRDA:39,2,0,0
BRDA:52,3,0,0
BRDA:52,3,1,0
BRDA:52,4,0,0
BRDA:52,4,1,0
BRDA:80,5,0,0
BRDA:80,5,1,0
BRDA:97,6,0,0
BRDA:97,6,1,0
BRDA:99,7,0,0
BRDA:99,7,1,0
BRDA:99,8,0,0
BRDA:99,8,1,0
BRDA:101,9,0,0
BRDA:101,9,1,0
BRDA:101,10,0,0
BRDA:101,10,1,0
BRDA:105,11,0,0
BRDA:105,11,1,0
BRDA:115,12,0,0
BRDA:115,12,1,0
BRF:23
BRH:0
end_of_record
TN:
SF:src\utils\prismaClient.js
FNF:0
FNH:0
DA:1,7
DA:3,7
DA:4,7
DA:7,7
DA:9,7
LF:5
LH:5
BRDA:4,0,0,7
BRDA:4,0,1,7
BRDA:5,1,0,0
BRDA:5,1,1,7
BRDA:7,2,0,7
BRDA:7,2,1,0
BRF:6
BRH:4
end_of_record
TN:
SF:src\utils\redis.utils.js
FN:9,(anonymous_0)
FN:15,(anonymous_1)
FN:16,(anonymous_2)
FN:22,(anonymous_3)
FN:34,(anonymous_4)
FN:48,(anonymous_5)
FNF:6
FNH:1
FNDA:0,(anonymous_0)
FNDA:0,(anonymous_1)
FNDA:0,(anonymous_2)
FNDA:0,(anonymous_3)
FNDA:0,(anonymous_4)
FNDA:5,(anonymous_5)
DA:1,4
DA:2,4
DA:4,4
DA:6,4
DA:7,0
DA:10,0
DA:11,0
DA:15,0
DA:16,0
DA:22,4
DA:23,0
DA:24,0
DA:25,0
DA:27,0
DA:34,4
DA:35,0
DA:36,0
DA:37,0
DA:38,0
DA:40,0
DA:41,0
DA:48,4
DA:49,5
DA:50,0
DA:51,0
DA:52,0
DA:53,0
DA:54,0
DA:57,0
DA:61,4
LF:30
LH:9
BRDA:6,0,0,0
BRDA:6,0,1,4
BRDA:6,1,0,4
BRDA:6,1,1,4
BRDA:10,2,0,0
BRDA:10,2,1,0
BRDA:22,3,0,0
BRDA:23,4,0,0
BRDA:23,4,1,0
BRDA:35,5,0,0
BRDA:35,5,1,0
BRDA:38,6,0,0
BRDA:38,6,1,0
BRDA:49,7,0,5
BRDA:49,7,1,0
BRDA:52,8,0,0
BRDA:52,8,1,0
BRF:17
BRH:4
end_of_record
TN:
SF:src\utils\scope.utils.js
FN:1,(anonymous_0)
FNF:1
FNH:1
FNDA:12,(anonymous_0)
DA:1,6
DA:3,12
DA:6,12
DA:9,1
DA:11,0
DA:12,0
DA:13,0
DA:14,0
DA:15,0
DA:16,0
DA:17,0
DA:18,0
DA:22,1
DA:24,0
DA:25,0
DA:26,0
DA:27,0
DA:28,0
DA:29,0
DA:30,0
DA:31,0
DA:35,1
DA:36,0
DA:37,0
DA:38,0
DA:39,0
DA:40,0
DA:41,0
DA:42,0
DA:43,0
DA:46,1
DA:49,6
LF:32
LH:8
BRDA:3,0,0,0
BRDA:3,0,1,12
BRDA:6,1,0,11
BRDA:6,1,1,1
BRDA:9,2,0,0
BRDA:9,2,1,1
BRDA:9,3,0,1
BRDA:9,3,1,0
BRDA:11,4,0,0
BRDA:11,4,1,0
BRDA:12,5,0,0
BRDA:12,5,1,0
BRDA:13,6,0,0
BRDA:13,6,1,0
BRDA:14,7,0,0
BRDA:14,7,1,0
BRDA:15,8,0,0
BRDA:15,8,1,0
BRDA:16,9,0,0
BRDA:16,9,1,0
BRDA:17,10,0,0
BRDA:17,10,1,0
BRDA:22,11,0,0
BRDA:22,11,1,1
BRDA:22,12,0,1
BRDA:22,12,1,1
BRDA:24,13,0,0
BRDA:24,13,1,0
BRDA:25,14,0,0
BRDA:25,14,1,0
BRDA:26,15,0,0
BRDA:26,15,1,0
BRDA:27,16,0,0
BRDA:27,16,1,0
BRDA:28,17,0,0
BRDA:28,17,1,0
BRDA:29,18,0,0
BRDA:29,18,1,0
BRDA:30,19,0,0
BRDA:30,19,1,0
BRDA:35,20,0,0
BRDA:35,20,1,1
BRDA:35,21,0,1
BRDA:35,21,1,0
BRDA:36,22,0,0
BRDA:36,22,1,0
BRDA:37,23,0,0
BRDA:37,23,1,0
BRDA:38,24,0,0
BRDA:38,24,1,0
BRDA:39,25,0,0
BRDA:39,25,1,0
BRDA:40,26,0,0
BRDA:40,26,1,0
BRDA:41,27,0,0
BRDA:41,27,1,0
BRDA:42,28,0,0
BRDA:42,28,1,0
BRF:58
BRH:10
end_of_record
TN:
SF:src\utils\socket.js
FN:11,(anonymous_0)
FN:21,(anonymous_1)
FN:36,(anonymous_2)
FN:47,(anonymous_3)
FN:58,(anonymous_4)
FN:68,(anonymous_5)
FN:77,(anonymous_6)
FNF:7
FNH:0
FNDA:0,(anonymous_0)
FNDA:0,(anonymous_1)
FNDA:0,(anonymous_2)
FNDA:0,(anonymous_3)
FNDA:0,(anonymous_4)
FNDA:0,(anonymous_5)
FNDA:0,(anonymous_6)
DA:1,0
DA:2,0
DA:3,0
DA:11,0
DA:12,0
DA:21,0
DA:22,0
DA:23,0
DA:24,0
DA:27,0
DA:28,0
DA:29,0
DA:30,0
DA:32,0
DA:36,0
DA:37,0
DA:40,0
DA:43,0
DA:44,0
DA:47,0
DA:48,0
DA:52,0
DA:58,0
DA:59,0
DA:60,0
DA:62,0
DA:68,0
DA:69,0
DA:70,0
DA:77,0
DA:78,0
DA:79,0
DA:83,0
LF:33
LH:0
BRDA:14,0,0,0
BRDA:14,0,1,0
BRDA:23,1,0,0
BRDA:23,1,1,0
BRDA:43,2,0,0
BRDA:43,2,1,0
BRDA:59,3,0,0
BRDA:59,3,1,0
BRDA:69,4,0,0
BRDA:69,4,1,0
BRDA:78,5,0,0
BRDA:78,5,1,0
BRF:12
BRH:0
end_of_record
TN:
SF:src\utils\swagger.js
FNF:0
FNH:0
DA:1,6
DA:3,6
DA:57,6
DA:58,6
LF:4
LH:4
BRF:0
BRH:0
end_of_record
TN:
SF:src\utils\twoFactor.utils.js
FN:4,(anonymous_0)
FN:12,(anonymous_1)
FN:21,(anonymous_2)
FNF:3
FNH:0
FNDA:0,(anonymous_0)
FNDA:0,(anonymous_1)
FNDA:0,(anonymous_2)
DA:1,0
DA:2,0
DA:4,0
DA:5,0
DA:12,0
DA:13,0
DA:21,0
DA:22,0
DA:25,0
LF:9
LH:0
BRF:0
BRH:0
end_of_record
TN:
SF:src\validations\academic.validation.js
FNF:0
FNH:0
DA:1,6
DA:3,6
DA:16,6
DA:28,6
DA:40,6
DA:44,6
LF:6
LH:6
BRF:0
BRH:0
end_of_record
TN:
SF:src\validations\admin.validation.js
FNF:0
FNH:0
DA:1,6
DA:3,6
DA:9,6
DA:15,6
DA:24,6
DA:28,6
LF:6
LH:6
BRF:0
BRH:0
end_of_record
TN:
SF:src\validations\auth.validation.js
FNF:0
FNH:0
DA:1,6
DA:3,6
DA:33,6
DA:41,6
DA:46,6
LF:5
LH:5
BRF:0
BRH:0
end_of_record
TN:
SF:src\validations\functional.validation.js
FNF:0
FNH:0
DA:1,6
DA:3,6
DA:17,6
DA:25,6
DA:33,6
DA:41,6
DA:45,6
LF:7
LH:7
BRF:0
BRH:0
end_of_record
